nohup: ignoring input
10x_cells_v3, snatac_gene, 30, 2
11/23/2020 08:31:56 PM ./configs config_mop_10x_cells_v3_snatac_gene_ka30_knn2_201120.py
11/23/2020 08:31:56 PM Adding ./configs to python path
11/23/2020 08:31:56 PM * Begin integration
11/23/2020 08:31:56 PM Metadata snatac_gene (54844, 13)
11/23/2020 08:31:56 PM Metadata 10x_cells_v3 (69727, 8)
11/23/2020 08:31:59 PM Feature matrix snatac_gene (6345, 54844)
11/23/2020 08:32:10 PM Feature matrix 10x_cells_v3 (4694, 69727)
11/23/2020 08:32:10 PM Done reading data
11/23/2020 08:32:10 PM Subsampling 1/1
11/23/2020 08:32:10 PM Smoothing within modalities...
11/23/2020 08:33:20 PM snatac_gene: 69.99359464645386
11/23/2020 08:34:25 PM 10x_cells_v3: 64.73968148231506
11/23/2020 08:34:25 PM Constructing a joint matrix...
11/23/2020 08:34:25 PM Imputing into snatac_gene space...
11/23/2020 08:34:25 PM for snatac_gene cells...
11/23/2020 08:34:25 PM for 10x_cells_v3 cells...
11/23/2020 08:34:34 PM Note: NumExpr detected 40 cores but "NUMEXPR_MAX_THREADS" not set, so enforcing safe limit of 8.
11/23/2020 08:34:34 PM NumExpr defaulting to 8 threads.
11/23/2020 08:43:09 PM Saved output to: /cndd2/fangming/projects/miniatlas/results/pcX_all_mop_10x_cells_v3_snatac_gene_ka30_knn2_201120.npy.0
11/23/2020 08:43:09 PM Saved output to: /cndd2/fangming/projects/miniatlas/results/cells_all_mop_10x_cells_v3_snatac_gene_ka30_knn2_201120.npy.0
11/23/2020 08:43:09 PM Done integration into a common PC space
Time used to build kNN map 0.9350223541259766
Time used to get kNN 6.129324197769165
Time used to build kNN map 1.1100726127624512
Time used to get kNN 7.36815619468689
10x_cells_v3, snatac_gene, 30, 5
11/23/2020 08:43:14 PM ./configs config_mop_10x_cells_v3_snatac_gene_ka30_knn5_201120.py
11/23/2020 08:43:14 PM Adding ./configs to python path
11/23/2020 08:43:14 PM * Begin integration
11/23/2020 08:43:14 PM Metadata snatac_gene (54844, 13)
11/23/2020 08:43:14 PM Metadata 10x_cells_v3 (69727, 8)
11/23/2020 08:43:16 PM Feature matrix snatac_gene (6345, 54844)
11/23/2020 08:43:23 PM Feature matrix 10x_cells_v3 (4694, 69727)
11/23/2020 08:43:23 PM Done reading data
11/23/2020 08:43:23 PM Subsampling 1/1
11/23/2020 08:43:23 PM Smoothing within modalities...
11/23/2020 08:44:37 PM snatac_gene: 73.4562656879425
11/23/2020 08:45:39 PM 10x_cells_v3: 62.30362629890442
11/23/2020 08:45:39 PM Constructing a joint matrix...
11/23/2020 08:45:39 PM Imputing into snatac_gene space...
11/23/2020 08:45:39 PM for snatac_gene cells...
11/23/2020 08:45:39 PM for 10x_cells_v3 cells...
11/23/2020 08:45:47 PM Note: NumExpr detected 40 cores but "NUMEXPR_MAX_THREADS" not set, so enforcing safe limit of 8.
11/23/2020 08:45:47 PM NumExpr defaulting to 8 threads.
11/23/2020 08:52:51 PM Saved output to: /cndd2/fangming/projects/miniatlas/results/pcX_all_mop_10x_cells_v3_snatac_gene_ka30_knn5_201120.npy.0
11/23/2020 08:52:51 PM Saved output to: /cndd2/fangming/projects/miniatlas/results/cells_all_mop_10x_cells_v3_snatac_gene_ka30_knn5_201120.npy.0
11/23/2020 08:52:51 PM Done integration into a common PC space
Time used to build kNN map 0.9649772644042969
Time used to get kNN 5.947115182876587
Time used to build kNN map 1.124572992324829
Time used to get kNN 6.995938777923584
10x_cells_v3, snatac_gene, 30, 10
11/23/2020 08:52:56 PM ./configs config_mop_10x_cells_v3_snatac_gene_ka30_knn10_201120.py
11/23/2020 08:52:56 PM Adding ./configs to python path
11/23/2020 08:52:56 PM * Begin integration
11/23/2020 08:52:56 PM Metadata snatac_gene (54844, 13)
11/23/2020 08:52:56 PM Metadata 10x_cells_v3 (69727, 8)
11/23/2020 08:52:58 PM Feature matrix snatac_gene (6345, 54844)
11/23/2020 08:53:05 PM Feature matrix 10x_cells_v3 (4694, 69727)
11/23/2020 08:53:05 PM Done reading data
11/23/2020 08:53:05 PM Subsampling 1/1
11/23/2020 08:53:06 PM Smoothing within modalities...
11/23/2020 08:54:17 PM snatac_gene: 71.64073920249939
11/23/2020 08:55:20 PM 10x_cells_v3: 62.71942758560181
11/23/2020 08:55:20 PM Constructing a joint matrix...
11/23/2020 08:55:20 PM Imputing into snatac_gene space...
11/23/2020 08:55:20 PM for snatac_gene cells...
11/23/2020 08:55:20 PM for 10x_cells_v3 cells...
11/23/2020 08:55:28 PM Note: NumExpr detected 40 cores but "NUMEXPR_MAX_THREADS" not set, so enforcing safe limit of 8.
11/23/2020 08:55:28 PM NumExpr defaulting to 8 threads.
11/23/2020 09:02:21 PM Saved output to: /cndd2/fangming/projects/miniatlas/results/pcX_all_mop_10x_cells_v3_snatac_gene_ka30_knn10_201120.npy.0
11/23/2020 09:02:21 PM Saved output to: /cndd2/fangming/projects/miniatlas/results/cells_all_mop_10x_cells_v3_snatac_gene_ka30_knn10_201120.npy.0
11/23/2020 09:02:22 PM Done integration into a common PC space
Time used to build kNN map 0.9656052589416504
Time used to get kNN 6.091627597808838
Time used to build kNN map 1.1322808265686035
Time used to get kNN 7.295175075531006
3432.96user 804.00system 30:29.97elapsed 231%CPU (0avgtext+0avgdata 19851932maxresident)k
1808400inputs+38363888outputs (0major+107659624minor)pagefaults 0swaps
