nohup: ignoring input
10x_cells_v3, snmcseq_gene, 30, 30
11/20/2020 03:14:09 PM ./configs config_mop_10x_cells_v3_snmcseq_gene_ka30_knn30_201120.py
11/20/2020 03:14:09 PM Adding ./configs to python path
11/20/2020 03:14:09 PM * Begin integration
11/20/2020 03:14:10 PM Metadata snmcseq_gene (9366, 32)
11/20/2020 03:14:10 PM Metadata 10x_cells_v3 (69727, 8)
11/20/2020 03:14:35 PM Feature matrix snmcseq_gene (4754, 9366)
11/20/2020 03:14:46 PM Feature matrix 10x_cells_v3 (4694, 69727)
11/20/2020 03:14:46 PM Done reading data
11/20/2020 03:14:46 PM Subsampling 1/1
11/20/2020 03:14:46 PM Smoothing within modalities...
11/20/2020 03:15:00 PM snmcseq_gene: 14.607568264007568
11/20/2020 03:16:11 PM 10x_cells_v3: 70.6702651977539
11/20/2020 03:16:11 PM Constructing a joint matrix...
11/20/2020 03:16:11 PM Imputing into snmcseq_gene space...
11/20/2020 03:16:11 PM for snmcseq_gene cells...
11/20/2020 03:16:11 PM for 10x_cells_v3 cells...
11/20/2020 03:16:17 PM Note: NumExpr detected 40 cores but "NUMEXPR_MAX_THREADS" not set, so enforcing safe limit of 8.
11/20/2020 03:16:17 PM NumExpr defaulting to 8 threads.
11/20/2020 03:18:36 PM Saved output to: /cndd2/fangming/projects/miniatlas/results/pcX_all_mop_10x_cells_v3_snmcseq_gene_ka30_knn30_201120.npy.0
11/20/2020 03:18:36 PM Saved output to: /cndd2/fangming/projects/miniatlas/results/cells_all_mop_10x_cells_v3_snmcseq_gene_ka30_knn30_201120.npy.0
11/20/2020 03:18:36 PM Done integration into a common PC space
Time used to build kNN map 0.2709963321685791
Time used to get kNN 1.0147080421447754
Time used to build kNN map 1.1714012622833252
Time used to get kNN 7.515820741653442
741.16user 297.95system 4:31.09elapsed 383%CPU (0avgtext+0avgdata 13515544maxresident)k
1874896inputs+6138680outputs (0major+15951363minor)pagefaults 0swaps
