08/03/2020 12:55:57 PM  config_mc_scsmart_ka100_k2.py
08/03/2020 12:55:57 PM * Begin integration
08/03/2020 12:55:57 PM Metadata snmcseq_gene (9366, 32)
sys:1: DtypeWarning: Columns (64) have mixed types. Specify dtype option on import or set low_memory=False.
08/03/2020 12:55:57 PM Metadata smarter_cells (6244, 129)
08/03/2020 12:56:21 PM Feature matrix snmcseq_gene (4754, 9366)
08/03/2020 12:56:22 PM Feature matrix smarter_cells (5743, 6244)
08/03/2020 12:56:22 PM Done reading data
08/03/2020 12:56:22 PM Smoothing within modalities...
08/03/2020 12:56:47 PM snmcseq_gene: 24.549192905426025
08/03/2020 12:57:00 PM smarter_cells: 13.427124261856079
08/03/2020 12:57:00 PM Constructing a joint matrix...
08/03/2020 12:57:00 PM Imputing into snmcseq_gene space...
08/03/2020 12:57:00 PM for snmcseq_gene cells...
08/03/2020 12:57:00 PM for smarter_cells cells...
08/03/2020 12:57:33 PM Saved output to: /cndd2/fangming/projects/miniatlas/results/pcX_all_mop_2mods_200803_ka100_k2.npy
08/03/2020 12:57:33 PM Saved output to: /cndd2/fangming/projects/miniatlas/results/cells_all_mop_2mods_200803_ka100_k2.npy
08/03/2020 12:57:33 PM Done integration into a common PC space
08/03/2020 12:57:33 PM resolution r: 0.1
08/03/2020 12:57:33 PM resolution r: 1
08/03/2020 12:57:34 PM resolution r: 2
08/03/2020 12:57:34 PM resolution r: 4
08/03/2020 12:57:36 PM Running UMAP: 60 n_neighbors, 0.5 min_dist , 2 dim.
Input shape: (15610, 50)
08/03/2020 12:58:23 PM Done. running time: 46.85025644302368 seconds.
08/03/2020 12:58:23 PM Done clustering and UMAP
Time used to build kNN map 0.23388266563415527
Time used to get kNN 2.6199586391448975
Time used to build kNN map 0.15065765380859375
Time used to get kNN 1.7251036167144775
