08/04/2020 08:57:28 PM  config_mc_scsmart_ka15_k15.py
08/04/2020 08:57:28 PM * Begin integration
08/04/2020 08:57:28 PM Metadata snmcseq_gene (9366, 32)
sys:1: DtypeWarning: Columns (64) have mixed types. Specify dtype option on import or set low_memory=False.
08/04/2020 08:57:29 PM Metadata smarter_cells (6244, 129)
08/04/2020 08:57:54 PM Feature matrix snmcseq_gene (4754, 9366)
08/04/2020 08:57:55 PM Feature matrix smarter_cells (5743, 6244)
08/04/2020 08:57:55 PM Done reading data
08/04/2020 08:57:55 PM Smoothing within modalities...
08/04/2020 08:58:01 PM snmcseq_gene: 5.663342237472534
08/04/2020 08:58:04 PM smarter_cells: 3.1102089881896973
08/04/2020 08:58:04 PM Constructing a joint matrix...
08/04/2020 08:58:04 PM Imputing into snmcseq_gene space...
08/04/2020 08:58:04 PM for snmcseq_gene cells...
08/04/2020 08:58:04 PM for smarter_cells cells...
08/04/2020 08:58:38 PM Saved output to: /cndd2/fangming/projects/miniatlas/results/pcX_all_mop_2mods_200803_ka15_k15.npy
08/04/2020 08:58:38 PM Saved output to: /cndd2/fangming/projects/miniatlas/results/cells_all_mop_2mods_200803_ka15_k15.npy
08/04/2020 08:58:38 PM Done integration into a common PC space
08/04/2020 08:58:38 PM resolution r: 0.1
08/04/2020 08:58:39 PM resolution r: 1
08/04/2020 08:58:40 PM resolution r: 2
08/04/2020 08:58:42 PM resolution r: 4
08/04/2020 08:58:44 PM Running UMAP: 60 n_neighbors, 0.5 min_dist , 2 dim.
Input shape: (15610, 50)
08/04/2020 08:59:32 PM Done. running time: 47.51068377494812 seconds.
08/04/2020 08:59:32 PM Done clustering and UMAP
Time used to build kNN map 0.15859365463256836
Time used to get kNN 0.5635898113250732
Time used to build kNN map 0.09819650650024414
Time used to get kNN 0.38992881774902344
