08/03/2020 11:48:42 AM  config_mc_scsmart_ka2_k100.py
08/03/2020 11:48:42 AM * Begin integration
08/03/2020 11:48:42 AM Metadata snmcseq_gene (9366, 32)
sys:1: DtypeWarning: Columns (64) have mixed types. Specify dtype option on import or set low_memory=False.
08/03/2020 11:48:43 AM Metadata smarter_cells (6244, 129)
08/03/2020 11:49:09 AM Feature matrix snmcseq_gene (4754, 9366)
08/03/2020 11:49:11 AM Feature matrix smarter_cells (5743, 6244)
08/03/2020 11:49:11 AM Done reading data
08/03/2020 11:49:11 AM Smoothing within modalities...
08/03/2020 11:49:13 AM snmcseq_gene: 1.5371503829956055
08/03/2020 11:49:14 AM smarter_cells: 1.1747779846191406
08/03/2020 11:49:14 AM Constructing a joint matrix...
08/03/2020 11:49:14 AM Imputing into snmcseq_gene space...
08/03/2020 11:49:14 AM for snmcseq_gene cells...
08/03/2020 11:49:14 AM for smarter_cells cells...
08/03/2020 11:49:45 AM Saved output to: /cndd2/fangming/projects/miniatlas/results/pcX_all_mop_2mods_200803_ka2_k100.npy
08/03/2020 11:49:45 AM Saved output to: /cndd2/fangming/projects/miniatlas/results/cells_all_mop_2mods_200803_ka2_k100.npy
08/03/2020 11:49:45 AM Done integration into a common PC space
08/03/2020 11:49:45 AM resolution r: 0.1
08/03/2020 11:49:50 AM resolution r: 1
08/03/2020 11:49:55 AM resolution r: 2
08/03/2020 11:49:59 AM resolution r: 4
08/03/2020 11:50:05 AM Running UMAP: 60 n_neighbors, 0.5 min_dist , 2 dim.
Input shape: (15610, 50)
08/03/2020 11:50:52 AM Done. running time: 46.96677088737488 seconds.
08/03/2020 11:50:52 AM Done clustering and UMAP
Time used to build kNN map 0.2159888744354248
Time used to get kNN 0.17101192474365234
Time used to build kNN map 0.09539079666137695
Time used to get kNN 0.20282864570617676
