08/04/2020 09:46:25 PM  config_mc_scsmart_ka40_k40.py
08/04/2020 09:46:25 PM * Begin integration
08/04/2020 09:46:25 PM Metadata snmcseq_gene (9366, 32)
sys:1: DtypeWarning: Columns (64) have mixed types. Specify dtype option on import or set low_memory=False.
08/04/2020 09:46:25 PM Metadata smarter_cells (6244, 129)
08/04/2020 09:46:49 PM Feature matrix snmcseq_gene (4754, 9366)
08/04/2020 09:46:50 PM Feature matrix smarter_cells (5743, 6244)
08/04/2020 09:46:50 PM Done reading data
08/04/2020 09:46:50 PM Smoothing within modalities...
08/04/2020 09:47:01 PM snmcseq_gene: 10.952113628387451
08/04/2020 09:47:07 PM smarter_cells: 6.0455286502838135
08/04/2020 09:47:07 PM Constructing a joint matrix...
08/04/2020 09:47:07 PM Imputing into snmcseq_gene space...
08/04/2020 09:47:07 PM for snmcseq_gene cells...
08/04/2020 09:47:07 PM for smarter_cells cells...
08/04/2020 09:47:40 PM Saved output to: /cndd2/fangming/projects/miniatlas/results/pcX_all_mop_2mods_200803_ka40_k40.npy
08/04/2020 09:47:40 PM Saved output to: /cndd2/fangming/projects/miniatlas/results/cells_all_mop_2mods_200803_ka40_k40.npy
08/04/2020 09:47:40 PM Done integration into a common PC space
08/04/2020 09:47:40 PM resolution r: 0.1
08/04/2020 09:47:42 PM resolution r: 1
08/04/2020 09:47:45 PM resolution r: 2
08/04/2020 09:47:47 PM resolution r: 4
08/04/2020 09:47:50 PM Running UMAP: 60 n_neighbors, 0.5 min_dist , 2 dim.
Input shape: (15610, 50)
08/04/2020 09:48:38 PM Done. running time: 47.559853315353394 seconds.
08/04/2020 09:48:38 PM Done clustering and UMAP
Time used to build kNN map 0.15250039100646973
Time used to get kNN 1.1626393795013428
Time used to build kNN map 0.09683609008789062
Time used to get kNN 0.8089704513549805
