08/03/2020 12:34:05 PM  config_mc_scsmart_ka20_k100.py
08/03/2020 12:34:05 PM * Begin integration
08/03/2020 12:34:05 PM Metadata snmcseq_gene (9366, 32)
sys:1: DtypeWarning: Columns (64) have mixed types. Specify dtype option on import or set low_memory=False.
08/03/2020 12:34:05 PM Metadata smarter_cells (6244, 129)
08/03/2020 12:34:30 PM Feature matrix snmcseq_gene (4754, 9366)
08/03/2020 12:34:32 PM Feature matrix smarter_cells (5743, 6244)
08/03/2020 12:34:32 PM Done reading data
08/03/2020 12:34:32 PM Smoothing within modalities...
08/03/2020 12:34:38 PM snmcseq_gene: 6.324507713317871
08/03/2020 12:34:42 PM smarter_cells: 3.561447858810425
08/03/2020 12:34:42 PM Constructing a joint matrix...
08/03/2020 12:34:42 PM Imputing into snmcseq_gene space...
08/03/2020 12:34:42 PM for snmcseq_gene cells...
08/03/2020 12:34:42 PM for smarter_cells cells...
08/03/2020 12:35:13 PM Saved output to: /cndd2/fangming/projects/miniatlas/results/pcX_all_mop_2mods_200803_ka20_k100.npy
08/03/2020 12:35:13 PM Saved output to: /cndd2/fangming/projects/miniatlas/results/cells_all_mop_2mods_200803_ka20_k100.npy
08/03/2020 12:35:13 PM Done integration into a common PC space
08/03/2020 12:35:13 PM resolution r: 0.1
08/03/2020 12:35:18 PM resolution r: 1
08/03/2020 12:35:23 PM resolution r: 2
08/03/2020 12:35:28 PM resolution r: 4
08/03/2020 12:35:34 PM Running UMAP: 60 n_neighbors, 0.5 min_dist , 2 dim.
Input shape: (15610, 50)
08/03/2020 12:36:22 PM Done. running time: 47.89654850959778 seconds.
08/03/2020 12:36:22 PM Done clustering and UMAP
Time used to build kNN map 0.15500092506408691
Time used to get kNN 0.6590502262115479
Time used to build kNN map 0.10008835792541504
Time used to get kNN 0.479433536529541
