08/03/2020 01:28:15 PM  config_mc_scsmart_ka200_k50.py
08/03/2020 01:28:15 PM * Begin integration
08/03/2020 01:28:15 PM Metadata snmcseq_gene (9366, 32)
sys:1: DtypeWarning: Columns (64) have mixed types. Specify dtype option on import or set low_memory=False.
08/03/2020 01:28:16 PM Metadata smarter_cells (6244, 129)
08/03/2020 01:28:39 PM Feature matrix snmcseq_gene (4754, 9366)
08/03/2020 01:28:40 PM Feature matrix smarter_cells (5743, 6244)
08/03/2020 01:28:40 PM Done reading data
08/03/2020 01:28:40 PM Smoothing within modalities...
08/03/2020 01:29:29 PM snmcseq_gene: 48.37438702583313
08/03/2020 01:29:58 PM smarter_cells: 29.499807834625244
08/03/2020 01:29:58 PM Constructing a joint matrix...
08/03/2020 01:29:58 PM Imputing into snmcseq_gene space...
08/03/2020 01:29:58 PM for snmcseq_gene cells...
08/03/2020 01:29:58 PM for smarter_cells cells...
08/03/2020 01:30:34 PM Saved output to: /cndd2/fangming/projects/miniatlas/results/pcX_all_mop_2mods_200803_ka200_k50.npy
08/03/2020 01:30:34 PM Saved output to: /cndd2/fangming/projects/miniatlas/results/cells_all_mop_2mods_200803_ka200_k50.npy
08/03/2020 01:30:34 PM Done integration into a common PC space
08/03/2020 01:30:34 PM resolution r: 0.1
08/03/2020 01:30:37 PM resolution r: 1
08/03/2020 01:30:39 PM resolution r: 2
08/03/2020 01:30:42 PM resolution r: 4
08/03/2020 01:30:46 PM Running UMAP: 60 n_neighbors, 0.5 min_dist , 2 dim.
Input shape: (15610, 50)
08/03/2020 01:31:33 PM Done. running time: 46.97804570198059 seconds.
08/03/2020 01:31:33 PM Done clustering and UMAP
Time used to build kNN map 0.15408730506896973
Time used to get kNN 5.171304225921631
Time used to build kNN map 0.09661746025085449
Time used to get kNN 3.311248540878296
