08/03/2020 12:16:22 PM  config_mc_scsmart_ka10_k50.py
08/03/2020 12:16:22 PM * Begin integration
08/03/2020 12:16:23 PM Metadata snmcseq_gene (9366, 32)
sys:1: DtypeWarning: Columns (64) have mixed types. Specify dtype option on import or set low_memory=False.
08/03/2020 12:16:23 PM Metadata smarter_cells (6244, 129)
08/03/2020 12:16:47 PM Feature matrix snmcseq_gene (4754, 9366)
08/03/2020 12:16:49 PM Feature matrix smarter_cells (5743, 6244)
08/03/2020 12:16:49 PM Done reading data
08/03/2020 12:16:49 PM Smoothing within modalities...
08/03/2020 12:16:53 PM snmcseq_gene: 3.6789300441741943
08/03/2020 12:16:55 PM smarter_cells: 2.270559072494507
08/03/2020 12:16:55 PM Constructing a joint matrix...
08/03/2020 12:16:55 PM Imputing into snmcseq_gene space...
08/03/2020 12:16:55 PM for snmcseq_gene cells...
08/03/2020 12:16:55 PM for smarter_cells cells...
08/03/2020 12:17:28 PM Saved output to: /cndd2/fangming/projects/miniatlas/results/pcX_all_mop_2mods_200803_ka10_k50.npy
08/03/2020 12:17:28 PM Saved output to: /cndd2/fangming/projects/miniatlas/results/cells_all_mop_2mods_200803_ka10_k50.npy
08/03/2020 12:17:28 PM Done integration into a common PC space
08/03/2020 12:17:28 PM resolution r: 0.1
08/03/2020 12:17:31 PM resolution r: 1
08/03/2020 12:17:33 PM resolution r: 2
08/03/2020 12:17:36 PM resolution r: 4
08/03/2020 12:17:40 PM Running UMAP: 60 n_neighbors, 0.5 min_dist , 2 dim.
Input shape: (15610, 50)
08/03/2020 12:18:27 PM Done. running time: 47.50928592681885 seconds.
08/03/2020 12:18:27 PM Done clustering and UMAP
Time used to build kNN map 0.2360372543334961
Time used to get kNN 0.3890867233276367
Time used to build kNN map 0.1252119541168213
Time used to get kNN 0.3050374984741211
