08/03/2020 12:14:19 PM  config_mc_scsmart_ka10_k20.py
08/03/2020 12:14:19 PM * Begin integration
08/03/2020 12:14:19 PM Metadata snmcseq_gene (9366, 32)
sys:1: DtypeWarning: Columns (64) have mixed types. Specify dtype option on import or set low_memory=False.
08/03/2020 12:14:19 PM Metadata smarter_cells (6244, 129)
08/03/2020 12:14:43 PM Feature matrix snmcseq_gene (4754, 9366)
08/03/2020 12:14:45 PM Feature matrix smarter_cells (5743, 6244)
08/03/2020 12:14:45 PM Done reading data
08/03/2020 12:14:45 PM Smoothing within modalities...
08/03/2020 12:14:49 PM snmcseq_gene: 3.612658977508545
08/03/2020 12:14:51 PM smarter_cells: 2.2632193565368652
08/03/2020 12:14:51 PM Constructing a joint matrix...
08/03/2020 12:14:51 PM Imputing into snmcseq_gene space...
08/03/2020 12:14:51 PM for snmcseq_gene cells...
08/03/2020 12:14:51 PM for smarter_cells cells...
08/03/2020 12:15:23 PM Saved output to: /cndd2/fangming/projects/miniatlas/results/pcX_all_mop_2mods_200803_ka10_k20.npy
08/03/2020 12:15:23 PM Saved output to: /cndd2/fangming/projects/miniatlas/results/cells_all_mop_2mods_200803_ka10_k20.npy
08/03/2020 12:15:23 PM Done integration into a common PC space
08/03/2020 12:15:23 PM resolution r: 0.1
08/03/2020 12:15:25 PM resolution r: 1
08/03/2020 12:15:26 PM resolution r: 2
08/03/2020 12:15:28 PM resolution r: 4
08/03/2020 12:15:30 PM Running UMAP: 60 n_neighbors, 0.5 min_dist , 2 dim.
Input shape: (15610, 50)
08/03/2020 12:16:17 PM Done. running time: 46.861428022384644 seconds.
08/03/2020 12:16:17 PM Done clustering and UMAP
Time used to build kNN map 0.1574249267578125
Time used to get kNN 0.38863134384155273
Time used to build kNN map 0.09754538536071777
Time used to get kNN 0.31646180152893066
