08/03/2020 11:38:47 AM  config_mc_scsmart_ka2_k2.py
08/03/2020 11:38:47 AM * Begin integration
08/03/2020 11:38:47 AM Metadata snmcseq_gene (9366, 32)
sys:1: DtypeWarning: Columns (64) have mixed types. Specify dtype option on import or set low_memory=False.
08/03/2020 11:38:47 AM Metadata smarter_cells (6244, 129)
08/03/2020 11:39:11 AM Feature matrix snmcseq_gene (4754, 9366)
08/03/2020 11:39:13 AM Feature matrix smarter_cells (5743, 6244)
08/03/2020 11:39:13 AM Done reading data
08/03/2020 11:39:13 AM Smoothing within modalities...
08/03/2020 11:39:14 AM snmcseq_gene: 1.3325715065002441
08/03/2020 11:39:15 AM smarter_cells: 1.185532569885254
08/03/2020 11:39:15 AM Constructing a joint matrix...
08/03/2020 11:39:15 AM Imputing into snmcseq_gene space...
08/03/2020 11:39:15 AM for snmcseq_gene cells...
08/03/2020 11:39:15 AM for smarter_cells cells...
08/03/2020 11:39:47 AM Saved output to: /cndd2/fangming/projects/miniatlas/results/pcX_all_mop_2mods_200803_ka2_k2.npy
08/03/2020 11:39:47 AM Saved output to: /cndd2/fangming/projects/miniatlas/results/cells_all_mop_2mods_200803_ka2_k2.npy
08/03/2020 11:39:47 AM Done integration into a common PC space
08/03/2020 11:39:47 AM resolution r: 0.1
08/03/2020 11:39:47 AM resolution r: 1
08/03/2020 11:39:48 AM resolution r: 2
08/03/2020 11:39:49 AM resolution r: 4
08/03/2020 11:39:50 AM Running UMAP: 60 n_neighbors, 0.5 min_dist , 2 dim.
Input shape: (15610, 50)
08/03/2020 11:40:37 AM Done. running time: 46.72452735900879 seconds.
08/03/2020 11:40:37 AM Done clustering and UMAP
Time used to build kNN map 0.15829801559448242
Time used to get kNN 0.17111587524414062
Time used to build kNN map 0.09609389305114746
Time used to get kNN 0.2000141143798828
