08/04/2020 10:09:15 PM  config_mc_scsmart_ka500_k500.py
08/04/2020 10:09:15 PM * Begin integration
08/04/2020 10:09:15 PM Metadata snmcseq_gene (9366, 32)
sys:1: DtypeWarning: Columns (64) have mixed types. Specify dtype option on import or set low_memory=False.
08/04/2020 10:09:15 PM Metadata smarter_cells (6244, 129)
08/04/2020 10:09:40 PM Feature matrix snmcseq_gene (4754, 9366)
08/04/2020 10:09:41 PM Feature matrix smarter_cells (5743, 6244)
08/04/2020 10:09:41 PM Done reading data
08/04/2020 10:09:41 PM Smoothing within modalities...
08/04/2020 10:11:38 PM snmcseq_gene: 116.42754077911377
08/04/2020 10:12:51 PM smarter_cells: 73.00016760826111
08/04/2020 10:12:51 PM Constructing a joint matrix...
08/04/2020 10:12:51 PM Imputing into snmcseq_gene space...
08/04/2020 10:12:51 PM for snmcseq_gene cells...
08/04/2020 10:12:51 PM for smarter_cells cells...
08/04/2020 10:13:30 PM Saved output to: /cndd2/fangming/projects/miniatlas/results/pcX_all_mop_2mods_200803_ka500_k500.npy
08/04/2020 10:13:30 PM Saved output to: /cndd2/fangming/projects/miniatlas/results/cells_all_mop_2mods_200803_ka500_k500.npy
08/04/2020 10:13:30 PM Done integration into a common PC space
08/04/2020 10:13:30 PM resolution r: 0.1
08/04/2020 10:13:52 PM resolution r: 1
08/04/2020 10:14:13 PM resolution r: 2
08/04/2020 10:14:35 PM resolution r: 4
08/04/2020 10:14:58 PM Running UMAP: 60 n_neighbors, 0.5 min_dist , 2 dim.
Input shape: (15610, 50)
08/04/2020 10:15:45 PM Done. running time: 47.53079295158386 seconds.
08/04/2020 10:15:45 PM Done clustering and UMAP
Time used to build kNN map 0.15214776992797852
Time used to get kNN 13.029292583465576
Time used to build kNN map 0.09782648086547852
Time used to get kNN 7.715130567550659
