08/03/2020 11:57:24 AM  config_mc_scsmart_ka5_k10.py
08/03/2020 11:57:24 AM * Begin integration
08/03/2020 11:57:24 AM Metadata snmcseq_gene (9366, 32)
sys:1: DtypeWarning: Columns (64) have mixed types. Specify dtype option on import or set low_memory=False.
08/03/2020 11:57:25 AM Metadata smarter_cells (6244, 129)
08/03/2020 11:57:48 AM Feature matrix snmcseq_gene (4754, 9366)
08/03/2020 11:57:50 AM Feature matrix smarter_cells (5743, 6244)
08/03/2020 11:57:50 AM Done reading data
08/03/2020 11:57:50 AM Smoothing within modalities...
08/03/2020 11:57:52 AM snmcseq_gene: 2.184344530105591
08/03/2020 11:57:53 AM smarter_cells: 1.6433494091033936
08/03/2020 11:57:53 AM Constructing a joint matrix...
08/03/2020 11:57:53 AM Imputing into snmcseq_gene space...
08/03/2020 11:57:53 AM for snmcseq_gene cells...
08/03/2020 11:57:53 AM for smarter_cells cells...
08/03/2020 11:58:25 AM Saved output to: /cndd2/fangming/projects/miniatlas/results/pcX_all_mop_2mods_200803_ka5_k10.npy
08/03/2020 11:58:25 AM Saved output to: /cndd2/fangming/projects/miniatlas/results/cells_all_mop_2mods_200803_ka5_k10.npy
08/03/2020 11:58:25 AM Done integration into a common PC space
08/03/2020 11:58:25 AM resolution r: 0.1
08/03/2020 11:58:26 AM resolution r: 1
08/03/2020 11:58:27 AM resolution r: 2
08/03/2020 11:58:28 AM resolution r: 4
08/03/2020 11:58:30 AM Running UMAP: 60 n_neighbors, 0.5 min_dist , 2 dim.
Input shape: (15610, 50)
08/03/2020 11:59:16 AM Done. running time: 46.619009017944336 seconds.
08/03/2020 11:59:17 AM Done clustering and UMAP
Time used to build kNN map 0.15414667129516602
Time used to get kNN 0.253922700881958
Time used to build kNN map 0.09627628326416016
Time used to get kNN 0.2217872142791748
