08/03/2020 11:53:30 AM  config_mc_scsmart_ka5_k2.py
08/03/2020 11:53:30 AM * Begin integration
08/03/2020 11:53:30 AM Metadata snmcseq_gene (9366, 32)
sys:1: DtypeWarning: Columns (64) have mixed types. Specify dtype option on import or set low_memory=False.
08/03/2020 11:53:30 AM Metadata smarter_cells (6244, 129)
08/03/2020 11:53:55 AM Feature matrix snmcseq_gene (4754, 9366)
08/03/2020 11:53:56 AM Feature matrix smarter_cells (5743, 6244)
08/03/2020 11:53:56 AM Done reading data
08/03/2020 11:53:56 AM Smoothing within modalities...
08/03/2020 11:53:59 AM snmcseq_gene: 2.2389872074127197
08/03/2020 11:54:00 AM smarter_cells: 1.6703948974609375
08/03/2020 11:54:00 AM Constructing a joint matrix...
08/03/2020 11:54:00 AM Imputing into snmcseq_gene space...
08/03/2020 11:54:00 AM for snmcseq_gene cells...
08/03/2020 11:54:00 AM for smarter_cells cells...
08/03/2020 11:54:32 AM Saved output to: /cndd2/fangming/projects/miniatlas/results/pcX_all_mop_2mods_200803_ka5_k2.npy
08/03/2020 11:54:32 AM Saved output to: /cndd2/fangming/projects/miniatlas/results/cells_all_mop_2mods_200803_ka5_k2.npy
08/03/2020 11:54:32 AM Done integration into a common PC space
08/03/2020 11:54:32 AM resolution r: 0.1
08/03/2020 11:54:32 AM resolution r: 1
08/03/2020 11:54:33 AM resolution r: 2
08/03/2020 11:54:34 AM resolution r: 4
08/03/2020 11:54:35 AM Running UMAP: 60 n_neighbors, 0.5 min_dist , 2 dim.
Input shape: (15610, 50)
08/03/2020 11:55:23 AM Done. running time: 47.83704090118408 seconds.
08/03/2020 11:55:23 AM Done clustering and UMAP
Time used to build kNN map 0.1547083854675293
Time used to get kNN 0.2560741901397705
Time used to build kNN map 0.09623098373413086
Time used to get kNN 0.27394890785217285
