08/03/2020 12:50:34 PM  config_mc_scsmart_ka50_k100.py
08/03/2020 12:50:34 PM * Begin integration
08/03/2020 12:50:34 PM Metadata snmcseq_gene (9366, 32)
sys:1: DtypeWarning: Columns (64) have mixed types. Specify dtype option on import or set low_memory=False.
08/03/2020 12:50:34 PM Metadata smarter_cells (6244, 129)
08/03/2020 12:50:58 PM Feature matrix snmcseq_gene (4754, 9366)
08/03/2020 12:51:00 PM Feature matrix smarter_cells (5743, 6244)
08/03/2020 12:51:00 PM Done reading data
08/03/2020 12:51:00 PM Smoothing within modalities...
08/03/2020 12:51:14 PM snmcseq_gene: 13.476935386657715
08/03/2020 12:51:21 PM smarter_cells: 7.407968521118164
08/03/2020 12:51:21 PM Constructing a joint matrix...
08/03/2020 12:51:21 PM Imputing into snmcseq_gene space...
08/03/2020 12:51:21 PM for snmcseq_gene cells...
08/03/2020 12:51:21 PM for smarter_cells cells...
08/03/2020 12:51:56 PM Saved output to: /cndd2/fangming/projects/miniatlas/results/pcX_all_mop_2mods_200803_ka50_k100.npy
08/03/2020 12:51:56 PM Saved output to: /cndd2/fangming/projects/miniatlas/results/cells_all_mop_2mods_200803_ka50_k100.npy
08/03/2020 12:51:56 PM Done integration into a common PC space
08/03/2020 12:51:56 PM resolution r: 0.1
08/03/2020 12:52:01 PM resolution r: 1
08/03/2020 12:52:05 PM resolution r: 2
08/03/2020 12:52:10 PM resolution r: 4
08/03/2020 12:52:16 PM Running UMAP: 60 n_neighbors, 0.5 min_dist , 2 dim.
Input shape: (15610, 50)
08/03/2020 12:53:04 PM Done. running time: 47.763134241104126 seconds.
08/03/2020 12:53:04 PM Done clustering and UMAP
Time used to build kNN map 0.15851426124572754
Time used to get kNN 1.4391288757324219
Time used to build kNN map 0.09666967391967773
Time used to get kNN 1.0003390312194824
