08/05/2020 11:07:30 AM  config_mc_scsmart_ka3_k3.py
08/05/2020 11:07:30 AM * Begin integration
08/05/2020 11:07:30 AM Metadata snmcseq_gene (9366, 32)
sys:1: DtypeWarning: Columns (64) have mixed types. Specify dtype option on import or set low_memory=False.
08/05/2020 11:07:30 AM Metadata smarter_cells (6244, 129)
08/05/2020 11:07:56 AM Feature matrix snmcseq_gene (4754, 9366)
08/05/2020 11:07:57 AM Feature matrix smarter_cells (5743, 6244)
08/05/2020 11:07:57 AM Done reading data
08/05/2020 11:07:57 AM Smoothing within modalities...
08/05/2020 11:07:59 AM snmcseq_gene: 1.8271653652191162
08/05/2020 11:08:01 AM smarter_cells: 1.444474458694458
08/05/2020 11:08:01 AM Constructing a joint matrix...
08/05/2020 11:08:01 AM Imputing into snmcseq_gene space...
08/05/2020 11:08:01 AM for snmcseq_gene cells...
08/05/2020 11:08:01 AM for smarter_cells cells...
08/05/2020 11:08:32 AM Saved output to: /cndd2/fangming/projects/miniatlas/results/pcX_all_mop_2mods_200803_ka3_k3.npy
08/05/2020 11:08:32 AM Saved output to: /cndd2/fangming/projects/miniatlas/results/cells_all_mop_2mods_200803_ka3_k3.npy
08/05/2020 11:08:32 AM Done integration into a common PC space
08/05/2020 11:08:32 AM resolution r: 0.1
08/05/2020 11:08:33 AM resolution r: 1
08/05/2020 11:08:34 AM resolution r: 2
08/05/2020 11:08:35 AM resolution r: 4
08/05/2020 11:08:36 AM Running UMAP: 60 n_neighbors, 0.5 min_dist , 2 dim.
Input shape: (15610, 50)
08/05/2020 11:09:23 AM Done. running time: 46.550031661987305 seconds.
08/05/2020 11:09:23 AM Done clustering and UMAP
Time used to build kNN map 0.14468908309936523
Time used to get kNN 0.20532464981079102
Time used to build kNN map 0.0949556827545166
Time used to get kNN 0.21605896949768066
