08/03/2020 12:27:37 PM  config_mc_scsmart_ka20_k10.py
08/03/2020 12:27:37 PM * Begin integration
08/03/2020 12:27:37 PM Metadata snmcseq_gene (9366, 32)
sys:1: DtypeWarning: Columns (64) have mixed types. Specify dtype option on import or set low_memory=False.
08/03/2020 12:27:37 PM Metadata smarter_cells (6244, 129)
08/03/2020 12:28:01 PM Feature matrix snmcseq_gene (4754, 9366)
08/03/2020 12:28:02 PM Feature matrix smarter_cells (5743, 6244)
08/03/2020 12:28:02 PM Done reading data
08/03/2020 12:28:02 PM Smoothing within modalities...
08/03/2020 12:28:09 PM snmcseq_gene: 6.2739527225494385
08/03/2020 12:28:12 PM smarter_cells: 3.603937864303589
08/03/2020 12:28:12 PM Constructing a joint matrix...
08/03/2020 12:28:12 PM Imputing into snmcseq_gene space...
08/03/2020 12:28:12 PM for snmcseq_gene cells...
08/03/2020 12:28:12 PM for smarter_cells cells...
08/03/2020 12:28:45 PM Saved output to: /cndd2/fangming/projects/miniatlas/results/pcX_all_mop_2mods_200803_ka20_k10.npy
08/03/2020 12:28:45 PM Saved output to: /cndd2/fangming/projects/miniatlas/results/cells_all_mop_2mods_200803_ka20_k10.npy
08/03/2020 12:28:45 PM Done integration into a common PC space
08/03/2020 12:28:45 PM resolution r: 0.1
08/03/2020 12:28:46 PM resolution r: 1
08/03/2020 12:28:47 PM resolution r: 2
08/03/2020 12:28:48 PM resolution r: 4
08/03/2020 12:28:50 PM Running UMAP: 60 n_neighbors, 0.5 min_dist , 2 dim.
Input shape: (15610, 50)
08/03/2020 12:29:38 PM Done. running time: 47.42984747886658 seconds.
08/03/2020 12:29:38 PM Done clustering and UMAP
Time used to build kNN map 0.1554419994354248
Time used to get kNN 0.6560614109039307
Time used to build kNN map 0.09555411338806152
Time used to get kNN 0.4691810607910156
