08/05/2020 11:43:58 AM  config_mc_scsmart_ka7_k7.py
08/05/2020 11:43:58 AM * Begin integration
08/05/2020 11:43:58 AM Metadata snmcseq_gene (9366, 32)
sys:1: DtypeWarning: Columns (64) have mixed types. Specify dtype option on import or set low_memory=False.
08/05/2020 11:43:58 AM Metadata smarter_cells (6244, 129)
08/05/2020 11:44:22 AM Feature matrix snmcseq_gene (4754, 9366)
08/05/2020 11:44:23 AM Feature matrix smarter_cells (5743, 6244)
08/05/2020 11:44:23 AM Done reading data
08/05/2020 11:44:23 AM Smoothing within modalities...
08/05/2020 11:44:26 AM snmcseq_gene: 2.9280693531036377
08/05/2020 11:44:28 AM smarter_cells: 1.9835975170135498
08/05/2020 11:44:28 AM Constructing a joint matrix...
08/05/2020 11:44:28 AM Imputing into snmcseq_gene space...
08/05/2020 11:44:28 AM for snmcseq_gene cells...
08/05/2020 11:44:28 AM for smarter_cells cells...
08/05/2020 11:45:01 AM Saved output to: /cndd2/fangming/projects/miniatlas/results/pcX_all_mop_2mods_200803_ka7_k7.npy
08/05/2020 11:45:01 AM Saved output to: /cndd2/fangming/projects/miniatlas/results/cells_all_mop_2mods_200803_ka7_k7.npy
08/05/2020 11:45:01 AM Done integration into a common PC space
08/05/2020 11:45:01 AM resolution r: 0.1
08/05/2020 11:45:02 AM resolution r: 1
08/05/2020 11:45:02 AM resolution r: 2
08/05/2020 11:45:03 AM resolution r: 4
08/05/2020 11:45:05 AM Running UMAP: 60 n_neighbors, 0.5 min_dist , 2 dim.
Input shape: (15610, 50)
08/05/2020 11:45:53 AM Done. running time: 47.69766330718994 seconds.
08/05/2020 11:45:53 AM Done clustering and UMAP
Time used to build kNN map 0.23988866806030273
Time used to get kNN 0.3154268264770508
Time used to build kNN map 0.167649507522583
Time used to get kNN 0.259610652923584
