08/03/2020 12:18:32 PM  config_mc_scsmart_ka10_k100.py
08/03/2020 12:18:32 PM * Begin integration
08/03/2020 12:18:32 PM Metadata snmcseq_gene (9366, 32)
sys:1: DtypeWarning: Columns (64) have mixed types. Specify dtype option on import or set low_memory=False.
08/03/2020 12:18:32 PM Metadata smarter_cells (6244, 129)
08/03/2020 12:18:57 PM Feature matrix snmcseq_gene (4754, 9366)
08/03/2020 12:18:59 PM Feature matrix smarter_cells (5743, 6244)
08/03/2020 12:18:59 PM Done reading data
08/03/2020 12:18:59 PM Smoothing within modalities...
08/03/2020 12:19:02 PM snmcseq_gene: 3.6044931411743164
08/03/2020 12:19:05 PM smarter_cells: 2.2785043716430664
08/03/2020 12:19:05 PM Constructing a joint matrix...
08/03/2020 12:19:05 PM Imputing into snmcseq_gene space...
08/03/2020 12:19:05 PM for snmcseq_gene cells...
08/03/2020 12:19:05 PM for smarter_cells cells...
08/03/2020 12:19:36 PM Saved output to: /cndd2/fangming/projects/miniatlas/results/pcX_all_mop_2mods_200803_ka10_k100.npy
08/03/2020 12:19:36 PM Saved output to: /cndd2/fangming/projects/miniatlas/results/cells_all_mop_2mods_200803_ka10_k100.npy
08/03/2020 12:19:36 PM Done integration into a common PC space
08/03/2020 12:19:36 PM resolution r: 0.1
08/03/2020 12:19:41 PM resolution r: 1
08/03/2020 12:19:46 PM resolution r: 2
08/03/2020 12:19:50 PM resolution r: 4
08/03/2020 12:19:56 PM Running UMAP: 60 n_neighbors, 0.5 min_dist , 2 dim.
Input shape: (15610, 50)
08/03/2020 12:20:43 PM Done. running time: 47.292640686035156 seconds.
08/03/2020 12:20:44 PM Done clustering and UMAP
Time used to build kNN map 0.21324419975280762
Time used to get kNN 0.38425111770629883
Time used to build kNN map 0.12252235412597656
Time used to get kNN 0.327742338180542
