08/03/2020 12:20:49 PM  config_mc_scsmart_ka10_k200.py
08/03/2020 12:20:49 PM * Begin integration
08/03/2020 12:20:49 PM Metadata snmcseq_gene (9366, 32)
sys:1: DtypeWarning: Columns (64) have mixed types. Specify dtype option on import or set low_memory=False.
08/03/2020 12:20:49 PM Metadata smarter_cells (6244, 129)
08/03/2020 12:21:13 PM Feature matrix snmcseq_gene (4754, 9366)
08/03/2020 12:21:14 PM Feature matrix smarter_cells (5743, 6244)
08/03/2020 12:21:14 PM Done reading data
08/03/2020 12:21:14 PM Smoothing within modalities...
08/03/2020 12:21:18 PM snmcseq_gene: 3.726841449737549
08/03/2020 12:21:20 PM smarter_cells: 2.345820188522339
08/03/2020 12:21:20 PM Constructing a joint matrix...
08/03/2020 12:21:20 PM Imputing into snmcseq_gene space...
08/03/2020 12:21:20 PM for snmcseq_gene cells...
08/03/2020 12:21:20 PM for smarter_cells cells...
08/03/2020 12:21:52 PM Saved output to: /cndd2/fangming/projects/miniatlas/results/pcX_all_mop_2mods_200803_ka10_k200.npy
08/03/2020 12:21:52 PM Saved output to: /cndd2/fangming/projects/miniatlas/results/cells_all_mop_2mods_200803_ka10_k200.npy
08/03/2020 12:21:52 PM Done integration into a common PC space
08/03/2020 12:21:52 PM resolution r: 0.1
08/03/2020 12:22:02 PM resolution r: 1
08/03/2020 12:22:10 PM resolution r: 2
08/03/2020 12:22:19 PM resolution r: 4
08/03/2020 12:22:29 PM Running UMAP: 60 n_neighbors, 0.5 min_dist , 2 dim.
Input shape: (15610, 50)
08/03/2020 12:23:16 PM Done. running time: 46.61773085594177 seconds.
08/03/2020 12:23:16 PM Done clustering and UMAP
Time used to build kNN map 0.17389130592346191
Time used to get kNN 0.4008305072784424
Time used to build kNN map 0.09584951400756836
Time used to get kNN 0.3107936382293701
