08/05/2020 12:20:39 PM  config_mc_scsmart_ka75_k75.py
08/05/2020 12:20:39 PM * Begin integration
08/05/2020 12:20:39 PM Metadata snmcseq_gene (9366, 32)
sys:1: DtypeWarning: Columns (64) have mixed types. Specify dtype option on import or set low_memory=False.
08/05/2020 12:20:40 PM Metadata smarter_cells (6244, 129)
08/05/2020 12:21:05 PM Feature matrix snmcseq_gene (4754, 9366)
08/05/2020 12:21:06 PM Feature matrix smarter_cells (5743, 6244)
08/05/2020 12:21:06 PM Done reading data
08/05/2020 12:21:06 PM Smoothing within modalities...
08/05/2020 12:21:25 PM snmcseq_gene: 19.0483341217041
08/05/2020 12:21:36 PM smarter_cells: 10.354541778564453
08/05/2020 12:21:36 PM Constructing a joint matrix...
08/05/2020 12:21:36 PM Imputing into snmcseq_gene space...
08/05/2020 12:21:36 PM for snmcseq_gene cells...
08/05/2020 12:21:36 PM for smarter_cells cells...
08/05/2020 12:22:09 PM Saved output to: /cndd2/fangming/projects/miniatlas/results/pcX_all_mop_2mods_200803_ka75_k75.npy
08/05/2020 12:22:09 PM Saved output to: /cndd2/fangming/projects/miniatlas/results/cells_all_mop_2mods_200803_ka75_k75.npy
08/05/2020 12:22:09 PM Done integration into a common PC space
08/05/2020 12:22:09 PM resolution r: 0.1
08/05/2020 12:22:13 PM resolution r: 1
08/05/2020 12:22:17 PM resolution r: 2
08/05/2020 12:22:21 PM resolution r: 4
08/05/2020 12:22:25 PM Running UMAP: 60 n_neighbors, 0.5 min_dist , 2 dim.
Input shape: (15610, 50)
08/05/2020 12:23:12 PM Done. running time: 46.95352292060852 seconds.
08/05/2020 12:23:13 PM Done clustering and UMAP
Time used to build kNN map 0.14612269401550293
Time used to get kNN 2.027851104736328
Time used to build kNN map 0.09483551979064941
Time used to get kNN 1.3383686542510986
