08/03/2020 12:48:09 PM  config_mc_scsmart_ka50_k50.py
08/03/2020 12:48:09 PM * Begin integration
08/03/2020 12:48:09 PM Metadata snmcseq_gene (9366, 32)
sys:1: DtypeWarning: Columns (64) have mixed types. Specify dtype option on import or set low_memory=False.
08/03/2020 12:48:09 PM Metadata smarter_cells (6244, 129)
08/03/2020 12:48:34 PM Feature matrix snmcseq_gene (4754, 9366)
08/03/2020 12:48:35 PM Feature matrix smarter_cells (5743, 6244)
08/03/2020 12:48:35 PM Done reading data
08/03/2020 12:48:35 PM Smoothing within modalities...
08/03/2020 12:48:49 PM snmcseq_gene: 13.578789949417114
08/03/2020 12:48:56 PM smarter_cells: 7.316055536270142
08/03/2020 12:48:56 PM Constructing a joint matrix...
08/03/2020 12:48:56 PM Imputing into snmcseq_gene space...
08/03/2020 12:48:56 PM for snmcseq_gene cells...
08/03/2020 12:48:56 PM for smarter_cells cells...
08/03/2020 12:49:30 PM Saved output to: /cndd2/fangming/projects/miniatlas/results/pcX_all_mop_2mods_200803_ka50_k50.npy
08/03/2020 12:49:30 PM Saved output to: /cndd2/fangming/projects/miniatlas/results/cells_all_mop_2mods_200803_ka50_k50.npy
08/03/2020 12:49:30 PM Done integration into a common PC space
08/03/2020 12:49:30 PM resolution r: 0.1
08/03/2020 12:49:33 PM resolution r: 1
08/03/2020 12:49:36 PM resolution r: 2
08/03/2020 12:49:38 PM resolution r: 4
08/03/2020 12:49:42 PM Running UMAP: 60 n_neighbors, 0.5 min_dist , 2 dim.
Input shape: (15610, 50)
08/03/2020 12:50:29 PM Done. running time: 47.373167514801025 seconds.
08/03/2020 12:50:29 PM Done clustering and UMAP
Time used to build kNN map 0.20588374137878418
Time used to get kNN 1.501166820526123
Time used to build kNN map 0.09622454643249512
Time used to get kNN 0.9722225666046143
