08/03/2020 12:23:21 PM  config_mc_scsmart_ka20_k2.py
08/03/2020 12:23:21 PM * Begin integration
08/03/2020 12:23:22 PM Metadata snmcseq_gene (9366, 32)
sys:1: DtypeWarning: Columns (64) have mixed types. Specify dtype option on import or set low_memory=False.
08/03/2020 12:23:22 PM Metadata smarter_cells (6244, 129)
08/03/2020 12:23:49 PM Feature matrix snmcseq_gene (4754, 9366)
08/03/2020 12:23:51 PM Feature matrix smarter_cells (5743, 6244)
08/03/2020 12:23:51 PM Done reading data
08/03/2020 12:23:51 PM Smoothing within modalities...
08/03/2020 12:23:57 PM snmcseq_gene: 6.33598780632019
08/03/2020 12:24:01 PM smarter_cells: 3.6515586376190186
08/03/2020 12:24:01 PM Constructing a joint matrix...
08/03/2020 12:24:01 PM Imputing into snmcseq_gene space...
08/03/2020 12:24:01 PM for snmcseq_gene cells...
08/03/2020 12:24:01 PM for smarter_cells cells...
08/03/2020 12:24:33 PM Saved output to: /cndd2/fangming/projects/miniatlas/results/pcX_all_mop_2mods_200803_ka20_k2.npy
08/03/2020 12:24:33 PM Saved output to: /cndd2/fangming/projects/miniatlas/results/cells_all_mop_2mods_200803_ka20_k2.npy
08/03/2020 12:24:33 PM Done integration into a common PC space
08/03/2020 12:24:33 PM resolution r: 0.1
08/03/2020 12:24:34 PM resolution r: 1
08/03/2020 12:24:35 PM resolution r: 2
08/03/2020 12:24:35 PM resolution r: 4
08/03/2020 12:24:37 PM Running UMAP: 60 n_neighbors, 0.5 min_dist , 2 dim.
Input shape: (15610, 50)
08/03/2020 12:25:24 PM Done. running time: 47.353232860565186 seconds.
08/03/2020 12:25:25 PM Done clustering and UMAP
Time used to build kNN map 0.20177578926086426
Time used to get kNN 0.6858663558959961
Time used to build kNN map 0.09517383575439453
Time used to get kNN 0.49625134468078613
