08/05/2020 11:28:41 AM  config_mc_scsmart_ka6_k6.py
08/05/2020 11:28:41 AM * Begin integration
08/05/2020 11:28:41 AM Metadata snmcseq_gene (9366, 32)
sys:1: DtypeWarning: Columns (64) have mixed types. Specify dtype option on import or set low_memory=False.
08/05/2020 11:28:41 AM Metadata smarter_cells (6244, 129)
08/05/2020 11:29:06 AM Feature matrix snmcseq_gene (4754, 9366)
08/05/2020 11:29:07 AM Feature matrix smarter_cells (5743, 6244)
08/05/2020 11:29:07 AM Done reading data
08/05/2020 11:29:07 AM Smoothing within modalities...
08/05/2020 11:29:10 AM snmcseq_gene: 2.559920310974121
08/05/2020 11:29:11 AM smarter_cells: 1.7812509536743164
08/05/2020 11:29:11 AM Constructing a joint matrix...
08/05/2020 11:29:11 AM Imputing into snmcseq_gene space...
08/05/2020 11:29:11 AM for snmcseq_gene cells...
08/05/2020 11:29:11 AM for smarter_cells cells...
08/05/2020 11:29:44 AM Saved output to: /cndd2/fangming/projects/miniatlas/results/pcX_all_mop_2mods_200803_ka6_k6.npy
08/05/2020 11:29:44 AM Saved output to: /cndd2/fangming/projects/miniatlas/results/cells_all_mop_2mods_200803_ka6_k6.npy
08/05/2020 11:29:44 AM Done integration into a common PC space
08/05/2020 11:29:44 AM resolution r: 0.1
08/05/2020 11:29:46 AM resolution r: 1
08/05/2020 11:29:46 AM resolution r: 2
08/05/2020 11:29:47 AM resolution r: 4
08/05/2020 11:29:49 AM Running UMAP: 60 n_neighbors, 0.5 min_dist , 2 dim.
Input shape: (15610, 50)
08/05/2020 11:30:36 AM Done. running time: 47.09304451942444 seconds.
08/05/2020 11:30:36 AM Done clustering and UMAP
Time used to build kNN map 0.20301389694213867
Time used to get kNN 0.2900819778442383
Time used to build kNN map 0.09740400314331055
Time used to get kNN 0.2614142894744873
