08/03/2020 12:10:17 PM  config_mc_scsmart_ka10_k5.py
08/03/2020 12:10:17 PM * Begin integration
08/03/2020 12:10:17 PM Metadata snmcseq_gene (9366, 32)
sys:1: DtypeWarning: Columns (64) have mixed types. Specify dtype option on import or set low_memory=False.
08/03/2020 12:10:17 PM Metadata smarter_cells (6244, 129)
08/03/2020 12:10:41 PM Feature matrix snmcseq_gene (4754, 9366)
08/03/2020 12:10:43 PM Feature matrix smarter_cells (5743, 6244)
08/03/2020 12:10:43 PM Done reading data
08/03/2020 12:10:43 PM Smoothing within modalities...
08/03/2020 12:10:46 PM snmcseq_gene: 3.4872090816497803
08/03/2020 12:10:49 PM smarter_cells: 2.404991626739502
08/03/2020 12:10:49 PM Constructing a joint matrix...
08/03/2020 12:10:49 PM Imputing into snmcseq_gene space...
08/03/2020 12:10:49 PM for snmcseq_gene cells...
08/03/2020 12:10:49 PM for smarter_cells cells...
08/03/2020 12:11:20 PM Saved output to: /cndd2/fangming/projects/miniatlas/results/pcX_all_mop_2mods_200803_ka10_k5.npy
08/03/2020 12:11:20 PM Saved output to: /cndd2/fangming/projects/miniatlas/results/cells_all_mop_2mods_200803_ka10_k5.npy
08/03/2020 12:11:20 PM Done integration into a common PC space
08/03/2020 12:11:20 PM resolution r: 0.1
08/03/2020 12:11:21 PM resolution r: 1
08/03/2020 12:11:22 PM resolution r: 2
08/03/2020 12:11:23 PM resolution r: 4
08/03/2020 12:11:25 PM Running UMAP: 60 n_neighbors, 0.5 min_dist , 2 dim.
Input shape: (15610, 50)
08/03/2020 12:12:11 PM Done. running time: 46.16269040107727 seconds.
08/03/2020 12:12:11 PM Done clustering and UMAP
Time used to build kNN map 0.18579530715942383
Time used to get kNN 0.3830704689025879
Time used to build kNN map 0.13854360580444336
Time used to get kNN 0.38369202613830566
