08/03/2020 12:05:41 PM  config_mc_scsmart_ka5_k200.py
08/03/2020 12:05:41 PM * Begin integration
08/03/2020 12:05:41 PM Metadata snmcseq_gene (9366, 32)
sys:1: DtypeWarning: Columns (64) have mixed types. Specify dtype option on import or set low_memory=False.
08/03/2020 12:05:41 PM Metadata smarter_cells (6244, 129)
08/03/2020 12:06:05 PM Feature matrix snmcseq_gene (4754, 9366)
08/03/2020 12:06:07 PM Feature matrix smarter_cells (5743, 6244)
08/03/2020 12:06:07 PM Done reading data
08/03/2020 12:06:07 PM Smoothing within modalities...
08/03/2020 12:06:09 PM snmcseq_gene: 2.275362253189087
08/03/2020 12:06:11 PM smarter_cells: 1.6388092041015625
08/03/2020 12:06:11 PM Constructing a joint matrix...
08/03/2020 12:06:11 PM Imputing into snmcseq_gene space...
08/03/2020 12:06:11 PM for snmcseq_gene cells...
08/03/2020 12:06:11 PM for smarter_cells cells...
08/03/2020 12:06:42 PM Saved output to: /cndd2/fangming/projects/miniatlas/results/pcX_all_mop_2mods_200803_ka5_k200.npy
08/03/2020 12:06:42 PM Saved output to: /cndd2/fangming/projects/miniatlas/results/cells_all_mop_2mods_200803_ka5_k200.npy
08/03/2020 12:06:42 PM Done integration into a common PC space
08/03/2020 12:06:42 PM resolution r: 0.1
08/03/2020 12:06:52 PM resolution r: 1
08/03/2020 12:07:01 PM resolution r: 2
08/03/2020 12:07:10 PM resolution r: 4
08/03/2020 12:07:20 PM Running UMAP: 60 n_neighbors, 0.5 min_dist , 2 dim.
Input shape: (15610, 50)
08/03/2020 12:08:07 PM Done. running time: 47.18627381324768 seconds.
08/03/2020 12:08:07 PM Done clustering and UMAP
Time used to build kNN map 0.20298004150390625
Time used to get kNN 0.25783824920654297
Time used to build kNN map 0.10171365737915039
Time used to get kNN 0.25127530097961426
