08/03/2020 12:43:31 PM  config_mc_scsmart_ka50_k10.py
08/03/2020 12:43:31 PM * Begin integration
08/03/2020 12:43:31 PM Metadata snmcseq_gene (9366, 32)
sys:1: DtypeWarning: Columns (64) have mixed types. Specify dtype option on import or set low_memory=False.
08/03/2020 12:43:31 PM Metadata smarter_cells (6244, 129)
08/03/2020 12:43:55 PM Feature matrix snmcseq_gene (4754, 9366)
08/03/2020 12:43:57 PM Feature matrix smarter_cells (5743, 6244)
08/03/2020 12:43:57 PM Done reading data
08/03/2020 12:43:57 PM Smoothing within modalities...
08/03/2020 12:44:10 PM snmcseq_gene: 13.344901323318481
08/03/2020 12:44:17 PM smarter_cells: 7.145452976226807
08/03/2020 12:44:17 PM Constructing a joint matrix...
08/03/2020 12:44:17 PM Imputing into snmcseq_gene space...
08/03/2020 12:44:17 PM for snmcseq_gene cells...
08/03/2020 12:44:17 PM for smarter_cells cells...
08/03/2020 12:44:51 PM Saved output to: /cndd2/fangming/projects/miniatlas/results/pcX_all_mop_2mods_200803_ka50_k10.npy
08/03/2020 12:44:51 PM Saved output to: /cndd2/fangming/projects/miniatlas/results/cells_all_mop_2mods_200803_ka50_k10.npy
08/03/2020 12:44:51 PM Done integration into a common PC space
08/03/2020 12:44:51 PM resolution r: 0.1
08/03/2020 12:44:52 PM resolution r: 1
08/03/2020 12:44:53 PM resolution r: 2
08/03/2020 12:44:54 PM resolution r: 4
08/03/2020 12:44:56 PM Running UMAP: 60 n_neighbors, 0.5 min_dist , 2 dim.
Input shape: (15610, 50)
08/03/2020 12:45:43 PM Done. running time: 46.83982563018799 seconds.
08/03/2020 12:45:43 PM Done clustering and UMAP
Time used to build kNN map 0.23194146156311035
Time used to get kNN 1.3923521041870117
Time used to build kNN map 0.09581804275512695
Time used to get kNN 0.9785571098327637
