08/03/2020 01:15:04 PM  config_mc_scsmart_ka200_k2.py
08/03/2020 01:15:04 PM * Begin integration
08/03/2020 01:15:04 PM Metadata snmcseq_gene (9366, 32)
sys:1: DtypeWarning: Columns (64) have mixed types. Specify dtype option on import or set low_memory=False.
08/03/2020 01:15:04 PM Metadata smarter_cells (6244, 129)
08/03/2020 01:15:28 PM Feature matrix snmcseq_gene (4754, 9366)
08/03/2020 01:15:30 PM Feature matrix smarter_cells (5743, 6244)
08/03/2020 01:15:30 PM Done reading data
08/03/2020 01:15:30 PM Smoothing within modalities...
08/03/2020 01:16:19 PM snmcseq_gene: 49.0958092212677
08/03/2020 01:16:50 PM smarter_cells: 30.578136682510376
08/03/2020 01:16:50 PM Constructing a joint matrix...
08/03/2020 01:16:50 PM Imputing into snmcseq_gene space...
08/03/2020 01:16:50 PM for snmcseq_gene cells...
08/03/2020 01:16:50 PM for smarter_cells cells...
08/03/2020 01:17:26 PM Saved output to: /cndd2/fangming/projects/miniatlas/results/pcX_all_mop_2mods_200803_ka200_k2.npy
08/03/2020 01:17:26 PM Saved output to: /cndd2/fangming/projects/miniatlas/results/cells_all_mop_2mods_200803_ka200_k2.npy
08/03/2020 01:17:26 PM Done integration into a common PC space
08/03/2020 01:17:26 PM resolution r: 0.1
08/03/2020 01:17:27 PM resolution r: 1
08/03/2020 01:17:27 PM resolution r: 2
08/03/2020 01:17:28 PM resolution r: 4
08/03/2020 01:17:30 PM Running UMAP: 60 n_neighbors, 0.5 min_dist , 2 dim.
Input shape: (15610, 50)
08/03/2020 01:18:17 PM Done. running time: 47.22501826286316 seconds.
08/03/2020 01:18:17 PM Done clustering and UMAP
Time used to build kNN map 0.19604206085205078
Time used to get kNN 5.328865051269531
Time used to build kNN map 0.11060094833374023
Time used to get kNN 3.45367431640625
