08/03/2020 12:41:16 PM  config_mc_scsmart_ka50_k5.py
08/03/2020 12:41:16 PM * Begin integration
08/03/2020 12:41:17 PM Metadata snmcseq_gene (9366, 32)
sys:1: DtypeWarning: Columns (64) have mixed types. Specify dtype option on import or set low_memory=False.
08/03/2020 12:41:17 PM Metadata smarter_cells (6244, 129)
08/03/2020 12:41:40 PM Feature matrix snmcseq_gene (4754, 9366)
08/03/2020 12:41:42 PM Feature matrix smarter_cells (5743, 6244)
08/03/2020 12:41:42 PM Done reading data
08/03/2020 12:41:42 PM Smoothing within modalities...
08/03/2020 12:41:55 PM snmcseq_gene: 13.323508977890015
08/03/2020 12:42:03 PM smarter_cells: 7.13074803352356
08/03/2020 12:42:03 PM Constructing a joint matrix...
08/03/2020 12:42:03 PM Imputing into snmcseq_gene space...
08/03/2020 12:42:03 PM for snmcseq_gene cells...
08/03/2020 12:42:03 PM for smarter_cells cells...
08/03/2020 12:42:35 PM Saved output to: /cndd2/fangming/projects/miniatlas/results/pcX_all_mop_2mods_200803_ka50_k5.npy
08/03/2020 12:42:35 PM Saved output to: /cndd2/fangming/projects/miniatlas/results/cells_all_mop_2mods_200803_ka50_k5.npy
08/03/2020 12:42:35 PM Done integration into a common PC space
08/03/2020 12:42:35 PM resolution r: 0.1
08/03/2020 12:42:36 PM resolution r: 1
08/03/2020 12:42:37 PM resolution r: 2
08/03/2020 12:42:38 PM resolution r: 4
08/03/2020 12:42:40 PM Running UMAP: 60 n_neighbors, 0.5 min_dist , 2 dim.
Input shape: (15610, 50)
08/03/2020 12:43:26 PM Done. running time: 45.99056363105774 seconds.
08/03/2020 12:43:26 PM Done clustering and UMAP
Time used to build kNN map 0.1527395248413086
Time used to get kNN 1.4108796119689941
Time used to build kNN map 0.08945631980895996
Time used to get kNN 0.9144411087036133
