08/03/2020 01:11:55 PM  config_mc_scsmart_ka100_k200.py
08/03/2020 01:11:55 PM * Begin integration
08/03/2020 01:11:55 PM Metadata snmcseq_gene (9366, 32)
sys:1: DtypeWarning: Columns (64) have mixed types. Specify dtype option on import or set low_memory=False.
08/03/2020 01:11:55 PM Metadata smarter_cells (6244, 129)
08/03/2020 01:12:19 PM Feature matrix snmcseq_gene (4754, 9366)
08/03/2020 01:12:21 PM Feature matrix smarter_cells (5743, 6244)
08/03/2020 01:12:21 PM Done reading data
08/03/2020 01:12:21 PM Smoothing within modalities...
08/03/2020 01:12:45 PM snmcseq_gene: 24.43555498123169
08/03/2020 01:12:58 PM smarter_cells: 13.294867515563965
08/03/2020 01:12:58 PM Constructing a joint matrix...
08/03/2020 01:12:58 PM Imputing into snmcseq_gene space...
08/03/2020 01:12:58 PM for snmcseq_gene cells...
08/03/2020 01:12:58 PM for smarter_cells cells...
08/03/2020 01:13:34 PM Saved output to: /cndd2/fangming/projects/miniatlas/results/pcX_all_mop_2mods_200803_ka100_k200.npy
08/03/2020 01:13:34 PM Saved output to: /cndd2/fangming/projects/miniatlas/results/cells_all_mop_2mods_200803_ka100_k200.npy
08/03/2020 01:13:34 PM Done integration into a common PC space
08/03/2020 01:13:34 PM resolution r: 0.1
08/03/2020 01:13:44 PM resolution r: 1
08/03/2020 01:13:53 PM resolution r: 2
08/03/2020 01:14:01 PM resolution r: 4
08/03/2020 01:14:12 PM Running UMAP: 60 n_neighbors, 0.5 min_dist , 2 dim.
Input shape: (15610, 50)
08/03/2020 01:14:59 PM Done. running time: 47.12764358520508 seconds.
08/03/2020 01:14:59 PM Done clustering and UMAP
Time used to build kNN map 0.19658827781677246
Time used to get kNN 2.6096489429473877
Time used to build kNN map 0.09589266777038574
Time used to get kNN 1.7151951789855957
