08/03/2020 12:53:09 PM  config_mc_scsmart_ka50_k200.py
08/03/2020 12:53:09 PM * Begin integration
08/03/2020 12:53:09 PM Metadata snmcseq_gene (9366, 32)
sys:1: DtypeWarning: Columns (64) have mixed types. Specify dtype option on import or set low_memory=False.
08/03/2020 12:53:09 PM Metadata smarter_cells (6244, 129)
08/03/2020 12:53:33 PM Feature matrix snmcseq_gene (4754, 9366)
08/03/2020 12:53:35 PM Feature matrix smarter_cells (5743, 6244)
08/03/2020 12:53:35 PM Done reading data
08/03/2020 12:53:35 PM Smoothing within modalities...
08/03/2020 12:53:48 PM snmcseq_gene: 13.447441816329956
08/03/2020 12:53:55 PM smarter_cells: 7.125869989395142
08/03/2020 12:53:55 PM Constructing a joint matrix...
08/03/2020 12:53:55 PM Imputing into snmcseq_gene space...
08/03/2020 12:53:55 PM for snmcseq_gene cells...
08/03/2020 12:53:55 PM for smarter_cells cells...
08/03/2020 12:54:28 PM Saved output to: /cndd2/fangming/projects/miniatlas/results/pcX_all_mop_2mods_200803_ka50_k200.npy
08/03/2020 12:54:28 PM Saved output to: /cndd2/fangming/projects/miniatlas/results/cells_all_mop_2mods_200803_ka50_k200.npy
08/03/2020 12:54:28 PM Done integration into a common PC space
08/03/2020 12:54:28 PM resolution r: 0.1
08/03/2020 12:54:38 PM resolution r: 1
08/03/2020 12:54:47 PM resolution r: 2
08/03/2020 12:54:55 PM resolution r: 4
08/03/2020 12:55:05 PM Running UMAP: 60 n_neighbors, 0.5 min_dist , 2 dim.
Input shape: (15610, 50)
08/03/2020 12:55:52 PM Done. running time: 46.34884572029114 seconds.
08/03/2020 12:55:52 PM Done clustering and UMAP
Time used to build kNN map 0.23475217819213867
Time used to get kNN 1.4927010536193848
Time used to build kNN map 0.09614896774291992
Time used to get kNN 0.936486005783081
