08/05/2020 12:53:57 PM  config_mc_scsmart_ka400_k400.py
08/05/2020 12:53:57 PM * Begin integration
08/05/2020 12:53:57 PM Metadata snmcseq_gene (9366, 32)
sys:1: DtypeWarning: Columns (64) have mixed types. Specify dtype option on import or set low_memory=False.
08/05/2020 12:53:57 PM Metadata smarter_cells (6244, 129)
08/05/2020 12:54:22 PM Feature matrix snmcseq_gene (4754, 9366)
08/05/2020 12:54:23 PM Feature matrix smarter_cells (5743, 6244)
08/05/2020 12:54:23 PM Done reading data
08/05/2020 12:54:23 PM Smoothing within modalities...
08/05/2020 12:56:01 PM snmcseq_gene: 97.57992458343506
08/05/2020 12:57:00 PM smarter_cells: 58.638967514038086
08/05/2020 12:57:00 PM Constructing a joint matrix...
08/05/2020 12:57:00 PM Imputing into snmcseq_gene space...
08/05/2020 12:57:00 PM for snmcseq_gene cells...
08/05/2020 12:57:00 PM for smarter_cells cells...
08/05/2020 12:57:37 PM Saved output to: /cndd2/fangming/projects/miniatlas/results/pcX_all_mop_2mods_200803_ka400_k400.npy
08/05/2020 12:57:37 PM Saved output to: /cndd2/fangming/projects/miniatlas/results/cells_all_mop_2mods_200803_ka400_k400.npy
08/05/2020 12:57:37 PM Done integration into a common PC space
08/05/2020 12:57:37 PM resolution r: 0.1
08/05/2020 12:57:55 PM resolution r: 1
08/05/2020 12:58:13 PM resolution r: 2
08/05/2020 12:58:30 PM resolution r: 4
08/05/2020 12:58:48 PM Running UMAP: 60 n_neighbors, 0.5 min_dist , 2 dim.
Input shape: (15610, 50)
08/05/2020 12:59:36 PM Done. running time: 47.88874340057373 seconds.
08/05/2020 12:59:36 PM Done clustering and UMAP
Time used to build kNN map 0.15992140769958496
Time used to get kNN 10.486042737960815
Time used to build kNN map 0.09688282012939453
Time used to get kNN 6.365693807601929
