08/03/2020 01:18:22 PM  config_mc_scsmart_ka200_k5.py
08/03/2020 01:18:22 PM * Begin integration
08/03/2020 01:18:22 PM Metadata snmcseq_gene (9366, 32)
sys:1: DtypeWarning: Columns (64) have mixed types. Specify dtype option on import or set low_memory=False.
08/03/2020 01:18:22 PM Metadata smarter_cells (6244, 129)
08/03/2020 01:18:48 PM Feature matrix snmcseq_gene (4754, 9366)
08/03/2020 01:18:49 PM Feature matrix smarter_cells (5743, 6244)
08/03/2020 01:18:49 PM Done reading data
08/03/2020 01:18:49 PM Smoothing within modalities...
08/03/2020 01:19:37 PM snmcseq_gene: 48.24675440788269
08/03/2020 01:20:07 PM smarter_cells: 29.437556266784668
08/03/2020 01:20:07 PM Constructing a joint matrix...
08/03/2020 01:20:07 PM Imputing into snmcseq_gene space...
08/03/2020 01:20:07 PM for snmcseq_gene cells...
08/03/2020 01:20:07 PM for smarter_cells cells...
08/03/2020 01:20:42 PM Saved output to: /cndd2/fangming/projects/miniatlas/results/pcX_all_mop_2mods_200803_ka200_k5.npy
08/03/2020 01:20:42 PM Saved output to: /cndd2/fangming/projects/miniatlas/results/cells_all_mop_2mods_200803_ka200_k5.npy
08/03/2020 01:20:42 PM Done integration into a common PC space
08/03/2020 01:20:42 PM resolution r: 0.1
08/03/2020 01:20:43 PM resolution r: 1
08/03/2020 01:20:44 PM resolution r: 2
08/03/2020 01:20:45 PM resolution r: 4
08/03/2020 01:20:46 PM Running UMAP: 60 n_neighbors, 0.5 min_dist , 2 dim.
Input shape: (15610, 50)
08/03/2020 01:21:35 PM Done. running time: 48.218116760253906 seconds.
08/03/2020 01:21:35 PM Done clustering and UMAP
Time used to build kNN map 0.15289020538330078
Time used to get kNN 5.321070432662964
Time used to build kNN map 0.09608340263366699
Time used to get kNN 3.286186695098877
