08/03/2020 12:31:52 PM  config_mc_scsmart_ka20_k50.py
08/03/2020 12:31:52 PM * Begin integration
08/03/2020 12:31:53 PM Metadata snmcseq_gene (9366, 32)
sys:1: DtypeWarning: Columns (64) have mixed types. Specify dtype option on import or set low_memory=False.
08/03/2020 12:31:53 PM Metadata smarter_cells (6244, 129)
08/03/2020 12:32:17 PM Feature matrix snmcseq_gene (4754, 9366)
08/03/2020 12:32:19 PM Feature matrix smarter_cells (5743, 6244)
08/03/2020 12:32:19 PM Done reading data
08/03/2020 12:32:19 PM Smoothing within modalities...
08/03/2020 12:32:25 PM snmcseq_gene: 6.159890651702881
08/03/2020 12:32:28 PM smarter_cells: 3.61167573928833
08/03/2020 12:32:28 PM Constructing a joint matrix...
08/03/2020 12:32:28 PM Imputing into snmcseq_gene space...
08/03/2020 12:32:28 PM for snmcseq_gene cells...
08/03/2020 12:32:28 PM for smarter_cells cells...
08/03/2020 12:33:02 PM Saved output to: /cndd2/fangming/projects/miniatlas/results/pcX_all_mop_2mods_200803_ka20_k50.npy
08/03/2020 12:33:02 PM Saved output to: /cndd2/fangming/projects/miniatlas/results/cells_all_mop_2mods_200803_ka20_k50.npy
08/03/2020 12:33:02 PM Done integration into a common PC space
08/03/2020 12:33:02 PM resolution r: 0.1
08/03/2020 12:33:05 PM resolution r: 1
08/03/2020 12:33:07 PM resolution r: 2
08/03/2020 12:33:10 PM resolution r: 4
08/03/2020 12:33:13 PM Running UMAP: 60 n_neighbors, 0.5 min_dist , 2 dim.
Input shape: (15610, 50)
08/03/2020 12:34:00 PM Done. running time: 46.569740295410156 seconds.
08/03/2020 12:34:00 PM Done clustering and UMAP
Time used to build kNN map 0.15440940856933594
Time used to get kNN 0.6472439765930176
Time used to build kNN map 0.0984947681427002
Time used to get kNN 0.4848618507385254
