08/05/2020 12:37:08 PM  config_mc_scsmart_ka300_k300.py
08/05/2020 12:37:08 PM * Begin integration
08/05/2020 12:37:08 PM Metadata snmcseq_gene (9366, 32)
sys:1: DtypeWarning: Columns (64) have mixed types. Specify dtype option on import or set low_memory=False.
08/05/2020 12:37:09 PM Metadata smarter_cells (6244, 129)
08/05/2020 12:37:33 PM Feature matrix snmcseq_gene (4754, 9366)
08/05/2020 12:37:34 PM Feature matrix smarter_cells (5743, 6244)
08/05/2020 12:37:34 PM Done reading data
08/05/2020 12:37:34 PM Smoothing within modalities...
08/05/2020 12:38:46 PM snmcseq_gene: 71.68358778953552
08/05/2020 12:39:31 PM smarter_cells: 45.255614042282104
08/05/2020 12:39:31 PM Constructing a joint matrix...
08/05/2020 12:39:31 PM Imputing into snmcseq_gene space...
08/05/2020 12:39:31 PM for snmcseq_gene cells...
08/05/2020 12:39:31 PM for smarter_cells cells...
08/05/2020 12:40:08 PM Saved output to: /cndd2/fangming/projects/miniatlas/results/pcX_all_mop_2mods_200803_ka300_k300.npy
08/05/2020 12:40:08 PM Saved output to: /cndd2/fangming/projects/miniatlas/results/cells_all_mop_2mods_200803_ka300_k300.npy
08/05/2020 12:40:08 PM Done integration into a common PC space
08/05/2020 12:40:08 PM resolution r: 0.1
08/05/2020 12:40:22 PM resolution r: 1
08/05/2020 12:40:35 PM resolution r: 2
08/05/2020 12:40:48 PM resolution r: 4
08/05/2020 12:41:03 PM Running UMAP: 60 n_neighbors, 0.5 min_dist , 2 dim.
Input shape: (15610, 50)
08/05/2020 12:41:50 PM Done. running time: 47.191344261169434 seconds.
08/05/2020 12:41:50 PM Done clustering and UMAP
Time used to build kNN map 0.2331705093383789
Time used to get kNN 7.748356342315674
Time used to build kNN map 0.1631762981414795
Time used to get kNN 4.794372320175171
