08/03/2020 12:45:48 PM  config_mc_scsmart_ka50_k20.py
08/03/2020 12:45:48 PM * Begin integration
08/03/2020 12:45:48 PM Metadata snmcseq_gene (9366, 32)
sys:1: DtypeWarning: Columns (64) have mixed types. Specify dtype option on import or set low_memory=False.
08/03/2020 12:45:48 PM Metadata smarter_cells (6244, 129)
08/03/2020 12:46:13 PM Feature matrix snmcseq_gene (4754, 9366)
08/03/2020 12:46:14 PM Feature matrix smarter_cells (5743, 6244)
08/03/2020 12:46:14 PM Done reading data
08/03/2020 12:46:14 PM Smoothing within modalities...
08/03/2020 12:46:28 PM snmcseq_gene: 13.602336168289185
08/03/2020 12:46:35 PM smarter_cells: 7.391408205032349
08/03/2020 12:46:35 PM Constructing a joint matrix...
08/03/2020 12:46:35 PM Imputing into snmcseq_gene space...
08/03/2020 12:46:35 PM for snmcseq_gene cells...
08/03/2020 12:46:35 PM for smarter_cells cells...
08/03/2020 12:47:09 PM Saved output to: /cndd2/fangming/projects/miniatlas/results/pcX_all_mop_2mods_200803_ka50_k20.npy
08/03/2020 12:47:09 PM Saved output to: /cndd2/fangming/projects/miniatlas/results/cells_all_mop_2mods_200803_ka50_k20.npy
08/03/2020 12:47:09 PM Done integration into a common PC space
08/03/2020 12:47:09 PM resolution r: 0.1
08/03/2020 12:47:10 PM resolution r: 1
08/03/2020 12:47:12 PM resolution r: 2
08/03/2020 12:47:13 PM resolution r: 4
08/03/2020 12:47:16 PM Running UMAP: 60 n_neighbors, 0.5 min_dist , 2 dim.
Input shape: (15610, 50)
08/03/2020 12:48:04 PM Done. running time: 47.75906848907471 seconds.
08/03/2020 12:48:04 PM Done clustering and UMAP
Time used to build kNN map 0.15587568283081055
Time used to get kNN 1.4875867366790771
Time used to build kNN map 0.09650826454162598
Time used to get kNN 0.9613380432128906
