08/03/2020 01:06:21 PM  config_mc_scsmart_ka100_k50.py
08/03/2020 01:06:21 PM * Begin integration
08/03/2020 01:06:21 PM Metadata snmcseq_gene (9366, 32)
sys:1: DtypeWarning: Columns (64) have mixed types. Specify dtype option on import or set low_memory=False.
08/03/2020 01:06:22 PM Metadata smarter_cells (6244, 129)
08/03/2020 01:06:46 PM Feature matrix snmcseq_gene (4754, 9366)
08/03/2020 01:06:48 PM Feature matrix smarter_cells (5743, 6244)
08/03/2020 01:06:48 PM Done reading data
08/03/2020 01:06:48 PM Smoothing within modalities...
08/03/2020 01:07:12 PM snmcseq_gene: 24.556779384613037
08/03/2020 01:07:26 PM smarter_cells: 13.578829050064087
08/03/2020 01:07:26 PM Constructing a joint matrix...
08/03/2020 01:07:26 PM Imputing into snmcseq_gene space...
08/03/2020 01:07:26 PM for snmcseq_gene cells...
08/03/2020 01:07:26 PM for smarter_cells cells...
08/03/2020 01:07:59 PM Saved output to: /cndd2/fangming/projects/miniatlas/results/pcX_all_mop_2mods_200803_ka100_k50.npy
08/03/2020 01:07:59 PM Saved output to: /cndd2/fangming/projects/miniatlas/results/cells_all_mop_2mods_200803_ka100_k50.npy
08/03/2020 01:07:59 PM Done integration into a common PC space
08/03/2020 01:07:59 PM resolution r: 0.1
08/03/2020 01:08:02 PM resolution r: 1
08/03/2020 01:08:05 PM resolution r: 2
08/03/2020 01:08:07 PM resolution r: 4
08/03/2020 01:08:11 PM Running UMAP: 60 n_neighbors, 0.5 min_dist , 2 dim.
Input shape: (15610, 50)
08/03/2020 01:08:58 PM Done. running time: 47.0090594291687 seconds.
08/03/2020 01:08:58 PM Done clustering and UMAP
Time used to build kNN map 0.1804964542388916
Time used to get kNN 2.657048225402832
Time used to build kNN map 0.16002607345581055
Time used to get kNN 1.830617904663086
