08/03/2020 12:03:26 PM  config_mc_scsmart_ka5_k100.py
08/03/2020 12:03:26 PM * Begin integration
08/03/2020 12:03:26 PM Metadata snmcseq_gene (9366, 32)
sys:1: DtypeWarning: Columns (64) have mixed types. Specify dtype option on import or set low_memory=False.
08/03/2020 12:03:26 PM Metadata smarter_cells (6244, 129)
08/03/2020 12:03:52 PM Feature matrix snmcseq_gene (4754, 9366)
08/03/2020 12:03:54 PM Feature matrix smarter_cells (5743, 6244)
08/03/2020 12:03:54 PM Done reading data
08/03/2020 12:03:54 PM Smoothing within modalities...
08/03/2020 12:03:56 PM snmcseq_gene: 2.435532331466675
08/03/2020 12:03:58 PM smarter_cells: 1.7376034259796143
08/03/2020 12:03:58 PM Constructing a joint matrix...
08/03/2020 12:03:58 PM Imputing into snmcseq_gene space...
08/03/2020 12:03:58 PM for snmcseq_gene cells...
08/03/2020 12:03:58 PM for smarter_cells cells...
08/03/2020 12:04:29 PM Saved output to: /cndd2/fangming/projects/miniatlas/results/pcX_all_mop_2mods_200803_ka5_k100.npy
08/03/2020 12:04:29 PM Saved output to: /cndd2/fangming/projects/miniatlas/results/cells_all_mop_2mods_200803_ka5_k100.npy
08/03/2020 12:04:29 PM Done integration into a common PC space
08/03/2020 12:04:29 PM resolution r: 0.1
08/03/2020 12:04:34 PM resolution r: 1
08/03/2020 12:04:39 PM resolution r: 2
08/03/2020 12:04:44 PM resolution r: 4
08/03/2020 12:04:49 PM Running UMAP: 60 n_neighbors, 0.5 min_dist , 2 dim.
Input shape: (15610, 50)
08/03/2020 12:05:36 PM Done. running time: 46.154072761535645 seconds.
08/03/2020 12:05:36 PM Done clustering and UMAP
Time used to build kNN map 0.23390865325927734
Time used to get kNN 0.30466675758361816
Time used to build kNN map 0.09289383888244629
Time used to get kNN 0.2688174247741699
