08/03/2020 12:25:30 PM  config_mc_scsmart_ka20_k5.py
08/03/2020 12:25:30 PM * Begin integration
08/03/2020 12:25:30 PM Metadata snmcseq_gene (9366, 32)
sys:1: DtypeWarning: Columns (64) have mixed types. Specify dtype option on import or set low_memory=False.
08/03/2020 12:25:30 PM Metadata smarter_cells (6244, 129)
08/03/2020 12:25:54 PM Feature matrix snmcseq_gene (4754, 9366)
08/03/2020 12:25:55 PM Feature matrix smarter_cells (5743, 6244)
08/03/2020 12:25:55 PM Done reading data
08/03/2020 12:25:55 PM Smoothing within modalities...
08/03/2020 12:26:02 PM snmcseq_gene: 6.272505760192871
08/03/2020 12:26:05 PM smarter_cells: 3.584016799926758
08/03/2020 12:26:05 PM Constructing a joint matrix...
08/03/2020 12:26:05 PM Imputing into snmcseq_gene space...
08/03/2020 12:26:05 PM for snmcseq_gene cells...
08/03/2020 12:26:05 PM for smarter_cells cells...
08/03/2020 12:26:39 PM Saved output to: /cndd2/fangming/projects/miniatlas/results/pcX_all_mop_2mods_200803_ka20_k5.npy
08/03/2020 12:26:39 PM Saved output to: /cndd2/fangming/projects/miniatlas/results/cells_all_mop_2mods_200803_ka20_k5.npy
08/03/2020 12:26:39 PM Done integration into a common PC space
08/03/2020 12:26:39 PM resolution r: 0.1
08/03/2020 12:26:40 PM resolution r: 1
08/03/2020 12:26:41 PM resolution r: 2
08/03/2020 12:26:42 PM resolution r: 4
08/03/2020 12:26:44 PM Running UMAP: 60 n_neighbors, 0.5 min_dist , 2 dim.
Input shape: (15610, 50)
08/03/2020 12:27:32 PM Done. running time: 47.846413373947144 seconds.
08/03/2020 12:27:32 PM Done clustering and UMAP
Time used to build kNN map 0.2328321933746338
Time used to get kNN 0.6571204662322998
Time used to build kNN map 0.0961909294128418
Time used to get kNN 0.44963502883911133
