08/03/2020 11:46:38 AM  config_mc_scsmart_ka2_k50.py
08/03/2020 11:46:38 AM * Begin integration
08/03/2020 11:46:38 AM Metadata snmcseq_gene (9366, 32)
sys:1: DtypeWarning: Columns (64) have mixed types. Specify dtype option on import or set low_memory=False.
08/03/2020 11:46:38 AM Metadata smarter_cells (6244, 129)
08/03/2020 11:47:02 AM Feature matrix snmcseq_gene (4754, 9366)
08/03/2020 11:47:04 AM Feature matrix smarter_cells (5743, 6244)
08/03/2020 11:47:04 AM Done reading data
08/03/2020 11:47:04 AM Smoothing within modalities...
08/03/2020 11:47:05 AM snmcseq_gene: 1.249770164489746
08/03/2020 11:47:06 AM smarter_cells: 1.1507635116577148
08/03/2020 11:47:06 AM Constructing a joint matrix...
08/03/2020 11:47:06 AM Imputing into snmcseq_gene space...
08/03/2020 11:47:06 AM for snmcseq_gene cells...
08/03/2020 11:47:06 AM for smarter_cells cells...
08/03/2020 11:47:39 AM Saved output to: /cndd2/fangming/projects/miniatlas/results/pcX_all_mop_2mods_200803_ka2_k50.npy
08/03/2020 11:47:39 AM Saved output to: /cndd2/fangming/projects/miniatlas/results/cells_all_mop_2mods_200803_ka2_k50.npy
08/03/2020 11:47:39 AM Done integration into a common PC space
08/03/2020 11:47:39 AM resolution r: 0.1
08/03/2020 11:47:41 AM resolution r: 1
08/03/2020 11:47:44 AM resolution r: 2
08/03/2020 11:47:47 AM resolution r: 4
08/03/2020 11:47:50 AM Running UMAP: 60 n_neighbors, 0.5 min_dist , 2 dim.
Input shape: (15610, 50)
08/03/2020 11:48:37 AM Done. running time: 46.76123762130737 seconds.
08/03/2020 11:48:37 AM Done clustering and UMAP
Time used to build kNN map 0.1979384422302246
Time used to get kNN 0.1681063175201416
Time used to build kNN map 0.09615945816040039
Time used to get kNN 0.21863460540771484
