08/03/2020 11:42:39 AM  config_mc_scsmart_ka2_k10.py
08/03/2020 11:42:39 AM * Begin integration
08/03/2020 11:42:39 AM Metadata snmcseq_gene (9366, 32)
sys:1: DtypeWarning: Columns (64) have mixed types. Specify dtype option on import or set low_memory=False.
08/03/2020 11:42:40 AM Metadata smarter_cells (6244, 129)
08/03/2020 11:43:03 AM Feature matrix snmcseq_gene (4754, 9366)
08/03/2020 11:43:05 AM Feature matrix smarter_cells (5743, 6244)
08/03/2020 11:43:05 AM Done reading data
08/03/2020 11:43:05 AM Smoothing within modalities...
08/03/2020 11:43:06 AM snmcseq_gene: 1.347311019897461
08/03/2020 11:43:07 AM smarter_cells: 1.2218618392944336
08/03/2020 11:43:07 AM Constructing a joint matrix...
08/03/2020 11:43:07 AM Imputing into snmcseq_gene space...
08/03/2020 11:43:07 AM for snmcseq_gene cells...
08/03/2020 11:43:07 AM for smarter_cells cells...
08/03/2020 11:43:40 AM Saved output to: /cndd2/fangming/projects/miniatlas/results/pcX_all_mop_2mods_200803_ka2_k10.npy
08/03/2020 11:43:40 AM Saved output to: /cndd2/fangming/projects/miniatlas/results/cells_all_mop_2mods_200803_ka2_k10.npy
08/03/2020 11:43:40 AM Done integration into a common PC space
08/03/2020 11:43:40 AM resolution r: 0.1
08/03/2020 11:43:41 AM resolution r: 1
08/03/2020 11:43:42 AM resolution r: 2
08/03/2020 11:43:43 AM resolution r: 4
08/03/2020 11:43:45 AM Running UMAP: 60 n_neighbors, 0.5 min_dist , 2 dim.
Input shape: (15610, 50)
08/03/2020 11:44:32 AM Done. running time: 47.17406892776489 seconds.
08/03/2020 11:44:32 AM Done clustering and UMAP
Time used to build kNN map 0.2366960048675537
Time used to get kNN 0.16705942153930664
Time used to build kNN map 0.1595158576965332
Time used to get kNN 0.1536867618560791
