08/03/2020 12:39:02 PM  config_mc_scsmart_ka50_k2.py
08/03/2020 12:39:02 PM * Begin integration
08/03/2020 12:39:02 PM Metadata snmcseq_gene (9366, 32)
sys:1: DtypeWarning: Columns (64) have mixed types. Specify dtype option on import or set low_memory=False.
08/03/2020 12:39:03 PM Metadata smarter_cells (6244, 129)
08/03/2020 12:39:26 PM Feature matrix snmcseq_gene (4754, 9366)
08/03/2020 12:39:27 PM Feature matrix smarter_cells (5743, 6244)
08/03/2020 12:39:27 PM Done reading data
08/03/2020 12:39:27 PM Smoothing within modalities...
08/03/2020 12:39:41 PM snmcseq_gene: 13.385852813720703
08/03/2020 12:39:48 PM smarter_cells: 7.240570783615112
08/03/2020 12:39:48 PM Constructing a joint matrix...
08/03/2020 12:39:48 PM Imputing into snmcseq_gene space...
08/03/2020 12:39:48 PM for snmcseq_gene cells...
08/03/2020 12:39:48 PM for smarter_cells cells...
08/03/2020 12:40:21 PM Saved output to: /cndd2/fangming/projects/miniatlas/results/pcX_all_mop_2mods_200803_ka50_k2.npy
08/03/2020 12:40:21 PM Saved output to: /cndd2/fangming/projects/miniatlas/results/cells_all_mop_2mods_200803_ka50_k2.npy
08/03/2020 12:40:21 PM Done integration into a common PC space
08/03/2020 12:40:21 PM resolution r: 0.1
08/03/2020 12:40:22 PM resolution r: 1
08/03/2020 12:40:23 PM resolution r: 2
08/03/2020 12:40:23 PM resolution r: 4
08/03/2020 12:40:25 PM Running UMAP: 60 n_neighbors, 0.5 min_dist , 2 dim.
Input shape: (15610, 50)
08/03/2020 12:41:11 PM Done. running time: 46.15890169143677 seconds.
08/03/2020 12:41:11 PM Done clustering and UMAP
Time used to build kNN map 0.2462317943572998
Time used to get kNN 1.4321606159210205
Time used to build kNN map 0.15224027633666992
Time used to get kNN 0.9624860286712646
