08/03/2020 12:12:16 PM  config_mc_scsmart_ka10_k10.py
08/03/2020 12:12:16 PM * Begin integration
08/03/2020 12:12:16 PM Metadata snmcseq_gene (9366, 32)
sys:1: DtypeWarning: Columns (64) have mixed types. Specify dtype option on import or set low_memory=False.
08/03/2020 12:12:16 PM Metadata smarter_cells (6244, 129)
08/03/2020 12:12:40 PM Feature matrix snmcseq_gene (4754, 9366)
08/03/2020 12:12:42 PM Feature matrix smarter_cells (5743, 6244)
08/03/2020 12:12:42 PM Done reading data
08/03/2020 12:12:42 PM Smoothing within modalities...
08/03/2020 12:12:46 PM snmcseq_gene: 3.7084970474243164
08/03/2020 12:12:48 PM smarter_cells: 2.3308651447296143
08/03/2020 12:12:48 PM Constructing a joint matrix...
08/03/2020 12:12:48 PM Imputing into snmcseq_gene space...
08/03/2020 12:12:48 PM for snmcseq_gene cells...
08/03/2020 12:12:48 PM for smarter_cells cells...
08/03/2020 12:13:21 PM Saved output to: /cndd2/fangming/projects/miniatlas/results/pcX_all_mop_2mods_200803_ka10_k10.npy
08/03/2020 12:13:21 PM Saved output to: /cndd2/fangming/projects/miniatlas/results/cells_all_mop_2mods_200803_ka10_k10.npy
08/03/2020 12:13:21 PM Done integration into a common PC space
08/03/2020 12:13:21 PM resolution r: 0.1
08/03/2020 12:13:22 PM resolution r: 1
08/03/2020 12:13:23 PM resolution r: 2
08/03/2020 12:13:24 PM resolution r: 4
08/03/2020 12:13:26 PM Running UMAP: 60 n_neighbors, 0.5 min_dist , 2 dim.
Input shape: (15610, 50)
08/03/2020 12:14:14 PM Done. running time: 47.33114004135132 seconds.
08/03/2020 12:14:14 PM Done clustering and UMAP
Time used to build kNN map 0.18610119819641113
Time used to get kNN 0.4332699775695801
Time used to build kNN map 0.09674453735351562
Time used to get kNN 0.3340909481048584
