08/03/2020 12:36:27 PM  config_mc_scsmart_ka20_k200.py
08/03/2020 12:36:27 PM * Begin integration
08/03/2020 12:36:27 PM Metadata snmcseq_gene (9366, 32)
sys:1: DtypeWarning: Columns (64) have mixed types. Specify dtype option on import or set low_memory=False.
08/03/2020 12:36:27 PM Metadata smarter_cells (6244, 129)
08/03/2020 12:36:51 PM Feature matrix snmcseq_gene (4754, 9366)
08/03/2020 12:36:53 PM Feature matrix smarter_cells (5743, 6244)
08/03/2020 12:36:53 PM Done reading data
08/03/2020 12:36:53 PM Smoothing within modalities...
08/03/2020 12:36:59 PM snmcseq_gene: 6.280700922012329
08/03/2020 12:37:02 PM smarter_cells: 3.563321828842163
08/03/2020 12:37:02 PM Constructing a joint matrix...
08/03/2020 12:37:02 PM Imputing into snmcseq_gene space...
08/03/2020 12:37:02 PM for snmcseq_gene cells...
08/03/2020 12:37:02 PM for smarter_cells cells...
08/03/2020 12:37:35 PM Saved output to: /cndd2/fangming/projects/miniatlas/results/pcX_all_mop_2mods_200803_ka20_k200.npy
08/03/2020 12:37:35 PM Saved output to: /cndd2/fangming/projects/miniatlas/results/cells_all_mop_2mods_200803_ka20_k200.npy
08/03/2020 12:37:35 PM Done integration into a common PC space
08/03/2020 12:37:35 PM resolution r: 0.1
08/03/2020 12:37:44 PM resolution r: 1
08/03/2020 12:37:53 PM resolution r: 2
08/03/2020 12:38:01 PM resolution r: 4
08/03/2020 12:38:11 PM Running UMAP: 60 n_neighbors, 0.5 min_dist , 2 dim.
Input shape: (15610, 50)
08/03/2020 12:38:58 PM Done. running time: 46.323885679244995 seconds.
08/03/2020 12:38:58 PM Done clustering and UMAP
Time used to build kNN map 0.23363852500915527
Time used to get kNN 0.698631763458252
Time used to build kNN map 0.09839916229248047
Time used to get kNN 0.4721949100494385
