08/03/2020 01:31:37 PM  config_mc_scsmart_ka200_k100.py
08/03/2020 01:31:37 PM * Begin integration
08/03/2020 01:31:38 PM Metadata snmcseq_gene (9366, 32)
sys:1: DtypeWarning: Columns (64) have mixed types. Specify dtype option on import or set low_memory=False.
08/03/2020 01:31:38 PM Metadata smarter_cells (6244, 129)
08/03/2020 01:32:03 PM Feature matrix snmcseq_gene (4754, 9366)
08/03/2020 01:32:04 PM Feature matrix smarter_cells (5743, 6244)
08/03/2020 01:32:04 PM Done reading data
08/03/2020 01:32:04 PM Smoothing within modalities...
08/03/2020 01:32:53 PM snmcseq_gene: 48.60741686820984
08/03/2020 01:33:23 PM smarter_cells: 29.827654361724854
08/03/2020 01:33:23 PM Constructing a joint matrix...
08/03/2020 01:33:23 PM Imputing into snmcseq_gene space...
08/03/2020 01:33:23 PM for snmcseq_gene cells...
08/03/2020 01:33:23 PM for smarter_cells cells...
08/03/2020 01:33:58 PM Saved output to: /cndd2/fangming/projects/miniatlas/results/pcX_all_mop_2mods_200803_ka200_k100.npy
08/03/2020 01:33:58 PM Saved output to: /cndd2/fangming/projects/miniatlas/results/cells_all_mop_2mods_200803_ka200_k100.npy
08/03/2020 01:33:58 PM Done integration into a common PC space
08/03/2020 01:33:58 PM resolution r: 0.1
08/03/2020 01:34:03 PM resolution r: 1
08/03/2020 01:34:08 PM resolution r: 2
08/03/2020 01:34:12 PM resolution r: 4
08/03/2020 01:34:18 PM Running UMAP: 60 n_neighbors, 0.5 min_dist , 2 dim.
Input shape: (15610, 50)
08/03/2020 01:35:06 PM Done. running time: 48.09142780303955 seconds.
08/03/2020 01:35:06 PM Done clustering and UMAP
Time used to build kNN map 0.20133018493652344
Time used to get kNN 5.237294673919678
Time used to build kNN map 0.0965118408203125
Time used to get kNN 3.3331546783447266
