08/03/2020 11:50:57 AM  config_mc_scsmart_ka2_k200.py
08/03/2020 11:50:57 AM * Begin integration
08/03/2020 11:50:58 AM Metadata snmcseq_gene (9366, 32)
sys:1: DtypeWarning: Columns (64) have mixed types. Specify dtype option on import or set low_memory=False.
08/03/2020 11:50:58 AM Metadata smarter_cells (6244, 129)
08/03/2020 11:51:22 AM Feature matrix snmcseq_gene (4754, 9366)
08/03/2020 11:51:24 AM Feature matrix smarter_cells (5743, 6244)
08/03/2020 11:51:24 AM Done reading data
08/03/2020 11:51:24 AM Smoothing within modalities...
08/03/2020 11:51:25 AM snmcseq_gene: 1.4950785636901855
08/03/2020 11:51:26 AM smarter_cells: 1.2817058563232422
08/03/2020 11:51:26 AM Constructing a joint matrix...
08/03/2020 11:51:26 AM Imputing into snmcseq_gene space...
08/03/2020 11:51:26 AM for snmcseq_gene cells...
08/03/2020 11:51:26 AM for smarter_cells cells...
08/03/2020 11:51:59 AM Saved output to: /cndd2/fangming/projects/miniatlas/results/pcX_all_mop_2mods_200803_ka2_k200.npy
08/03/2020 11:51:59 AM Saved output to: /cndd2/fangming/projects/miniatlas/results/cells_all_mop_2mods_200803_ka2_k200.npy
08/03/2020 11:51:59 AM Done integration into a common PC space
08/03/2020 11:51:59 AM resolution r: 0.1
08/03/2020 11:52:09 AM resolution r: 1
08/03/2020 11:52:18 AM resolution r: 2
08/03/2020 11:52:27 AM resolution r: 4
08/03/2020 11:52:37 AM Running UMAP: 60 n_neighbors, 0.5 min_dist , 2 dim.
Input shape: (15610, 50)
08/03/2020 11:53:25 AM Done. running time: 47.86366081237793 seconds.
08/03/2020 11:53:25 AM Done clustering and UMAP
Time used to build kNN map 0.217376708984375
Time used to get kNN 0.17606139183044434
Time used to build kNN map 0.16579127311706543
Time used to get kNN 0.15903353691101074
