08/03/2020 01:35:11 PM  config_mc_scsmart_ka200_k200.py
08/03/2020 01:35:11 PM * Begin integration
08/03/2020 01:35:11 PM Metadata snmcseq_gene (9366, 32)
sys:1: DtypeWarning: Columns (64) have mixed types. Specify dtype option on import or set low_memory=False.
08/03/2020 01:35:12 PM Metadata smarter_cells (6244, 129)
08/03/2020 01:35:38 PM Feature matrix snmcseq_gene (4754, 9366)
08/03/2020 01:35:39 PM Feature matrix smarter_cells (5743, 6244)
08/03/2020 01:35:39 PM Done reading data
08/03/2020 01:35:39 PM Smoothing within modalities...
08/03/2020 01:36:28 PM snmcseq_gene: 48.44693446159363
08/03/2020 01:36:57 PM smarter_cells: 29.279934883117676
08/03/2020 01:36:57 PM Constructing a joint matrix...
08/03/2020 01:36:57 PM Imputing into snmcseq_gene space...
08/03/2020 01:36:57 PM for snmcseq_gene cells...
08/03/2020 01:36:57 PM for smarter_cells cells...
08/03/2020 01:37:34 PM Saved output to: /cndd2/fangming/projects/miniatlas/results/pcX_all_mop_2mods_200803_ka200_k200.npy
08/03/2020 01:37:34 PM Saved output to: /cndd2/fangming/projects/miniatlas/results/cells_all_mop_2mods_200803_ka200_k200.npy
08/03/2020 01:37:34 PM Done integration into a common PC space
08/03/2020 01:37:34 PM resolution r: 0.1
08/03/2020 01:37:44 PM resolution r: 1
08/03/2020 01:37:53 PM resolution r: 2
08/03/2020 01:38:02 PM resolution r: 4
08/03/2020 01:38:13 PM Running UMAP: 60 n_neighbors, 0.5 min_dist , 2 dim.
Input shape: (15610, 50)
08/03/2020 01:39:01 PM Done. running time: 47.917290449142456 seconds.
08/03/2020 01:39:01 PM Done clustering and UMAP
Time used to build kNN map 0.1528308391571045
Time used to get kNN 5.267369747161865
Time used to build kNN map 0.09561777114868164
Time used to get kNN 3.2679104804992676
