08/03/2020 11:55:28 AM  config_mc_scsmart_ka5_k5.py
08/03/2020 11:55:28 AM * Begin integration
08/03/2020 11:55:28 AM Metadata snmcseq_gene (9366, 32)
sys:1: DtypeWarning: Columns (64) have mixed types. Specify dtype option on import or set low_memory=False.
08/03/2020 11:55:29 AM Metadata smarter_cells (6244, 129)
08/03/2020 11:55:52 AM Feature matrix snmcseq_gene (4754, 9366)
08/03/2020 11:55:54 AM Feature matrix smarter_cells (5743, 6244)
08/03/2020 11:55:54 AM Done reading data
08/03/2020 11:55:54 AM Smoothing within modalities...
08/03/2020 11:55:56 AM snmcseq_gene: 2.307871103286743
08/03/2020 11:55:58 AM smarter_cells: 1.6323282718658447
08/03/2020 11:55:58 AM Constructing a joint matrix...
08/03/2020 11:55:58 AM Imputing into snmcseq_gene space...
08/03/2020 11:55:58 AM for snmcseq_gene cells...
08/03/2020 11:55:58 AM for smarter_cells cells...
08/03/2020 11:56:29 AM Saved output to: /cndd2/fangming/projects/miniatlas/results/pcX_all_mop_2mods_200803_ka5_k5.npy
08/03/2020 11:56:29 AM Saved output to: /cndd2/fangming/projects/miniatlas/results/cells_all_mop_2mods_200803_ka5_k5.npy
08/03/2020 11:56:29 AM Done integration into a common PC space
08/03/2020 11:56:29 AM resolution r: 0.1
08/03/2020 11:56:30 AM resolution r: 1
08/03/2020 11:56:30 AM resolution r: 2
08/03/2020 11:56:31 AM resolution r: 4
08/03/2020 11:56:33 AM Running UMAP: 60 n_neighbors, 0.5 min_dist , 2 dim.
Input shape: (15610, 50)
08/03/2020 11:57:19 AM Done. running time: 46.15062999725342 seconds.
08/03/2020 11:57:19 AM Done clustering and UMAP
Time used to build kNN map 0.14517831802368164
Time used to get kNN 0.25485706329345703
Time used to build kNN map 0.09077048301696777
Time used to get kNN 0.26161742210388184
