15, 15
08/04/2020 08:59:36 PM corr_analysis_smarter_cells_snmcseq_gene_ka15_k15_200803_2020-08-04
08/04/2020 08:59:36 PM <class 'numpy.ndarray'>_(6244,)_cell_smarter_cells.txt
08/04/2020 08:59:36 PM <class 'numpy.ndarray'>_(9364,)_cell_snmcseq_gene.txt
08/04/2020 08:59:36 PM <class 'numpy.ndarray'>_(32324,)_gene_smarter_cells.txt
08/04/2020 08:59:37 PM <class 'pandas.core.frame.DataFrame'>_(233514, 3)_enh_snmcseq_gene.tsv
08/04/2020 08:59:37 PM <class 'scipy.sparse.csc.csc_matrix'>_(32324, 6244)_mat_smarter_cells.npz
08/04/2020 08:59:39 PM <class 'scipy.sparse.csc.csc_matrix'>_(233514, 9364)_mat_mcg_snmcseq_gene.npz
08/04/2020 08:59:42 PM <class 'scipy.sparse.csc.csc_matrix'>_(233514, 9364)_mat_cg_snmcseq_gene.npz
08/04/2020 08:59:42 PM (6244, 9364)_(6244, 6244)
08/04/2020 09:01:41 PM (32324, 6244)_(233514, 6244)_(233514, 6244)
08/04/2020 09:03:31 PM Imputing data... (No effect if sufficient_coverage_fraction=1)
08/04/2020 09:03:43 PM (87362, 6244)
/cndd/fangming/venvs/conda_dobro/lib/python3.6/site-packages/scipy/stats/stats.py:2419: RuntimeWarning: invalid value encountered in true_divide
  return (a - mns) / sstd
08/04/2020 09:03:50 PM 0
08/04/2020 09:03:55 PM 100000
08/04/2020 09:04:01 PM 200000
08/04/2020 09:04:06 PM 300000
08/04/2020 09:04:11 PM 400000
08/04/2020 09:04:17 PM 500000
08/04/2020 09:04:22 PM 600000
08/04/2020 09:04:28 PM 700000
08/04/2020 09:04:33 PM 800000
08/04/2020 09:04:39 PM 900000
08/04/2020 09:04:44 PM 1000000
08/04/2020 09:04:50 PM 1100000
08/04/2020 09:04:56 PM 1200000
08/04/2020 09:05:01 PM 1300000
08/04/2020 09:05:07 PM 1400000
08/04/2020 09:05:13 PM 1500000
08/04/2020 09:05:15 PM 0
08/04/2020 09:05:21 PM 100000
08/04/2020 09:05:26 PM 200000
08/04/2020 09:05:32 PM 300000
08/04/2020 09:05:37 PM 400000
08/04/2020 09:05:42 PM 500000
08/04/2020 09:05:48 PM 600000
08/04/2020 09:05:53 PM 700000
08/04/2020 09:05:59 PM 800000
08/04/2020 09:06:04 PM 900000
08/04/2020 09:06:10 PM 1000000
08/04/2020 09:06:16 PM 1100000
08/04/2020 09:06:21 PM 1200000
08/04/2020 09:06:27 PM 1300000
08/04/2020 09:06:33 PM 1400000
08/04/2020 09:06:39 PM 1500000
08/04/2020 09:06:41 PM 0
08/04/2020 09:06:46 PM 100000
08/04/2020 09:06:52 PM 200000
08/04/2020 09:06:57 PM 300000
08/04/2020 09:07:02 PM 400000
08/04/2020 09:07:08 PM 500000
08/04/2020 09:07:13 PM 600000
08/04/2020 09:07:19 PM 700000
08/04/2020 09:07:24 PM 800000
08/04/2020 09:07:30 PM 900000
08/04/2020 09:07:36 PM 1000000
08/04/2020 09:07:41 PM 1100000
08/04/2020 09:07:47 PM 1200000
08/04/2020 09:07:53 PM 1300000
08/04/2020 09:07:58 PM 1400000
08/04/2020 09:08:04 PM 1500000
08/04/2020 09:08:06 PM (1533125,)_(1533125,)_(1533125,)
08/04/2020 09:08:06 PM 2067_999999
../correlation_analysis_celllevel-v2-stage3.py:328: RuntimeWarning: invalid value encountered in true_divide
  fdr = cdf_shuff/cdf
../correlation_analysis_celllevel-v2-stage3.py:329: RuntimeWarning: divide by zero encountered in true_divide
  tracks_hist_ratios[label] = hist/hist_shuff
../correlation_analysis_celllevel-v2-stage3.py:329: RuntimeWarning: invalid value encountered in true_divide
  tracks_hist_ratios[label] = hist/hist_shuff
25, 25
08/04/2020 09:10:23 PM corr_analysis_smarter_cells_snmcseq_gene_ka25_k25_200803_2020-08-04
08/04/2020 09:10:23 PM <class 'numpy.ndarray'>_(6244,)_cell_smarter_cells.txt
08/04/2020 09:10:23 PM <class 'numpy.ndarray'>_(9364,)_cell_snmcseq_gene.txt
08/04/2020 09:10:23 PM <class 'numpy.ndarray'>_(32324,)_gene_smarter_cells.txt
08/04/2020 09:10:23 PM <class 'pandas.core.frame.DataFrame'>_(233514, 3)_enh_snmcseq_gene.tsv
08/04/2020 09:10:23 PM <class 'scipy.sparse.csc.csc_matrix'>_(32324, 6244)_mat_smarter_cells.npz
08/04/2020 09:10:25 PM <class 'scipy.sparse.csc.csc_matrix'>_(233514, 9364)_mat_mcg_snmcseq_gene.npz
08/04/2020 09:10:28 PM <class 'scipy.sparse.csc.csc_matrix'>_(233514, 9364)_mat_cg_snmcseq_gene.npz
08/04/2020 09:10:28 PM (6244, 9364)_(6244, 6244)
08/04/2020 09:12:51 PM (32324, 6244)_(233514, 6244)_(233514, 6244)
08/04/2020 09:17:51 PM Imputing data... (No effect if sufficient_coverage_fraction=1)
08/04/2020 09:19:22 PM (87480, 6244)
/cndd/fangming/venvs/conda_dobro/lib/python3.6/site-packages/scipy/stats/stats.py:2419: RuntimeWarning: invalid value encountered in true_divide
  return (a - mns) / sstd
08/04/2020 09:19:29 PM 0
08/04/2020 09:19:35 PM 100000
08/04/2020 09:19:40 PM 200000
08/04/2020 09:19:45 PM 300000
08/04/2020 09:19:50 PM 400000
08/04/2020 09:19:56 PM 500000
08/04/2020 09:20:01 PM 600000
08/04/2020 09:20:06 PM 700000
08/04/2020 09:20:12 PM 800000
08/04/2020 09:20:17 PM 900000
08/04/2020 09:20:23 PM 1000000
08/04/2020 09:20:28 PM 1100000
08/04/2020 09:20:34 PM 1200000
08/04/2020 09:20:39 PM 1300000
08/04/2020 09:20:45 PM 1400000
08/04/2020 09:20:50 PM 1500000
08/04/2020 09:20:53 PM 0
08/04/2020 09:20:58 PM 100000
08/04/2020 09:21:03 PM 200000
08/04/2020 09:21:09 PM 300000
08/04/2020 09:21:14 PM 400000
08/04/2020 09:21:19 PM 500000
08/04/2020 09:21:24 PM 600000
08/04/2020 09:21:30 PM 700000
08/04/2020 09:21:35 PM 800000
08/04/2020 09:21:41 PM 900000
08/04/2020 09:21:46 PM 1000000
08/04/2020 09:21:52 PM 1100000
08/04/2020 09:21:57 PM 1200000
08/04/2020 09:22:03 PM 1300000
08/04/2020 09:22:08 PM 1400000
08/04/2020 09:22:14 PM 1500000
08/04/2020 09:22:16 PM 0
08/04/2020 09:22:22 PM 100000
08/04/2020 09:22:27 PM 200000
08/04/2020 09:22:32 PM 300000
08/04/2020 09:22:37 PM 400000
08/04/2020 09:22:42 PM 500000
08/04/2020 09:22:48 PM 600000
08/04/2020 09:22:53 PM 700000
08/04/2020 09:22:58 PM 800000
08/04/2020 09:23:04 PM 900000
08/04/2020 09:23:09 PM 1000000
08/04/2020 09:23:15 PM 1100000
08/04/2020 09:23:20 PM 1200000
08/04/2020 09:23:26 PM 1300000
08/04/2020 09:23:31 PM 1400000
08/04/2020 09:23:37 PM 1500000
08/04/2020 09:23:39 PM (1536288,)_(1536288,)_(1536288,)
08/04/2020 09:23:39 PM 2067_999999
../correlation_analysis_celllevel-v2-stage3.py:328: RuntimeWarning: invalid value encountered in true_divide
  fdr = cdf_shuff/cdf
../correlation_analysis_celllevel-v2-stage3.py:329: RuntimeWarning: divide by zero encountered in true_divide
  tracks_hist_ratios[label] = hist/hist_shuff
../correlation_analysis_celllevel-v2-stage3.py:329: RuntimeWarning: invalid value encountered in true_divide
  tracks_hist_ratios[label] = hist/hist_shuff
30, 30
08/04/2020 09:26:03 PM corr_analysis_smarter_cells_snmcseq_gene_ka30_k30_200803_2020-08-04
08/04/2020 09:26:03 PM <class 'numpy.ndarray'>_(6244,)_cell_smarter_cells.txt
08/04/2020 09:26:03 PM <class 'numpy.ndarray'>_(9364,)_cell_snmcseq_gene.txt
08/04/2020 09:26:03 PM <class 'numpy.ndarray'>_(32324,)_gene_smarter_cells.txt
08/04/2020 09:26:03 PM <class 'pandas.core.frame.DataFrame'>_(233514, 3)_enh_snmcseq_gene.tsv
08/04/2020 09:26:03 PM <class 'scipy.sparse.csc.csc_matrix'>_(32324, 6244)_mat_smarter_cells.npz
08/04/2020 09:26:05 PM <class 'scipy.sparse.csc.csc_matrix'>_(233514, 9364)_mat_mcg_snmcseq_gene.npz
08/04/2020 09:26:08 PM <class 'scipy.sparse.csc.csc_matrix'>_(233514, 9364)_mat_cg_snmcseq_gene.npz
08/04/2020 09:26:08 PM (6244, 9364)_(6244, 6244)
08/04/2020 09:28:18 PM (32324, 6244)_(233514, 6244)_(233514, 6244)
08/04/2020 09:30:07 PM Imputing data... (No effect if sufficient_coverage_fraction=1)
08/04/2020 09:30:39 PM (85946, 6244)
/cndd/fangming/venvs/conda_dobro/lib/python3.6/site-packages/scipy/stats/stats.py:2419: RuntimeWarning: invalid value encountered in true_divide
  return (a - mns) / sstd
08/04/2020 09:30:46 PM 0
08/04/2020 09:30:51 PM 100000
08/04/2020 09:30:56 PM 200000
08/04/2020 09:31:02 PM 300000
08/04/2020 09:31:07 PM 400000
08/04/2020 09:31:12 PM 500000
08/04/2020 09:31:17 PM 600000
08/04/2020 09:31:23 PM 700000
08/04/2020 09:31:28 PM 800000
08/04/2020 09:31:34 PM 900000
08/04/2020 09:31:40 PM 1000000
08/04/2020 09:31:45 PM 1100000
08/04/2020 09:31:51 PM 1200000
08/04/2020 09:31:56 PM 1300000
08/04/2020 09:32:02 PM 1400000
08/04/2020 09:32:08 PM 1500000
08/04/2020 09:32:09 PM 0
08/04/2020 09:32:14 PM 100000
08/04/2020 09:32:19 PM 200000
08/04/2020 09:32:25 PM 300000
08/04/2020 09:32:30 PM 400000
08/04/2020 09:32:35 PM 500000
08/04/2020 09:32:40 PM 600000
08/04/2020 09:32:46 PM 700000
08/04/2020 09:32:51 PM 800000
08/04/2020 09:32:57 PM 900000
08/04/2020 09:33:02 PM 1000000
08/04/2020 09:33:08 PM 1100000
08/04/2020 09:33:14 PM 1200000
08/04/2020 09:33:19 PM 1300000
08/04/2020 09:33:25 PM 1400000
08/04/2020 09:33:30 PM 1500000
08/04/2020 09:33:31 PM 0
08/04/2020 09:33:37 PM 100000
08/04/2020 09:33:42 PM 200000
08/04/2020 09:33:47 PM 300000
08/04/2020 09:33:52 PM 400000
08/04/2020 09:33:58 PM 500000
08/04/2020 09:34:03 PM 600000
08/04/2020 09:34:08 PM 700000
08/04/2020 09:34:14 PM 800000
08/04/2020 09:34:19 PM 900000
08/04/2020 09:34:25 PM 1000000
08/04/2020 09:34:30 PM 1100000
08/04/2020 09:34:36 PM 1200000
08/04/2020 09:34:42 PM 1300000
08/04/2020 09:34:47 PM 1400000
08/04/2020 09:34:53 PM 1500000
08/04/2020 09:34:53 PM (1510043,)_(1510043,)_(1510043,)
08/04/2020 09:34:53 PM 2098_999998
../correlation_analysis_celllevel-v2-stage3.py:328: RuntimeWarning: invalid value encountered in true_divide
  fdr = cdf_shuff/cdf
../correlation_analysis_celllevel-v2-stage3.py:329: RuntimeWarning: divide by zero encountered in true_divide
  tracks_hist_ratios[label] = hist/hist_shuff
../correlation_analysis_celllevel-v2-stage3.py:329: RuntimeWarning: invalid value encountered in true_divide
  tracks_hist_ratios[label] = hist/hist_shuff
35, 35
08/04/2020 09:37:17 PM corr_analysis_smarter_cells_snmcseq_gene_ka35_k35_200803_2020-08-04
08/04/2020 09:37:17 PM <class 'numpy.ndarray'>_(6244,)_cell_smarter_cells.txt
08/04/2020 09:37:17 PM <class 'numpy.ndarray'>_(9364,)_cell_snmcseq_gene.txt
08/04/2020 09:37:17 PM <class 'numpy.ndarray'>_(32324,)_gene_smarter_cells.txt
08/04/2020 09:37:17 PM <class 'pandas.core.frame.DataFrame'>_(233514, 3)_enh_snmcseq_gene.tsv
08/04/2020 09:37:17 PM <class 'scipy.sparse.csc.csc_matrix'>_(32324, 6244)_mat_smarter_cells.npz
08/04/2020 09:37:19 PM <class 'scipy.sparse.csc.csc_matrix'>_(233514, 9364)_mat_mcg_snmcseq_gene.npz
08/04/2020 09:37:22 PM <class 'scipy.sparse.csc.csc_matrix'>_(233514, 9364)_mat_cg_snmcseq_gene.npz
08/04/2020 09:37:22 PM (6244, 9364)_(6244, 6244)
08/04/2020 09:39:36 PM (32324, 6244)_(233514, 6244)_(233514, 6244)
08/04/2020 09:41:28 PM Imputing data... (No effect if sufficient_coverage_fraction=1)
08/04/2020 09:41:52 PM (85221, 6244)
/cndd/fangming/venvs/conda_dobro/lib/python3.6/site-packages/scipy/stats/stats.py:2419: RuntimeWarning: invalid value encountered in true_divide
  return (a - mns) / sstd
08/04/2020 09:41:59 PM 0
08/04/2020 09:42:04 PM 100000
08/04/2020 09:42:10 PM 200000
08/04/2020 09:42:16 PM 300000
08/04/2020 09:42:21 PM 400000
08/04/2020 09:42:27 PM 500000
08/04/2020 09:42:32 PM 600000
08/04/2020 09:42:38 PM 700000
08/04/2020 09:42:44 PM 800000
08/04/2020 09:42:49 PM 900000
08/04/2020 09:42:55 PM 1000000
08/04/2020 09:43:01 PM 1100000
08/04/2020 09:43:07 PM 1200000
08/04/2020 09:43:13 PM 1300000
08/04/2020 09:43:19 PM 1400000
08/04/2020 09:43:25 PM 0
08/04/2020 09:43:31 PM 100000
08/04/2020 09:43:36 PM 200000
08/04/2020 09:43:42 PM 300000
08/04/2020 09:43:47 PM 400000
08/04/2020 09:43:53 PM 500000
08/04/2020 09:43:58 PM 600000
08/04/2020 09:44:04 PM 700000
08/04/2020 09:44:10 PM 800000
08/04/2020 09:44:16 PM 900000
08/04/2020 09:44:22 PM 1000000
08/04/2020 09:44:28 PM 1100000
08/04/2020 09:44:33 PM 1200000
08/04/2020 09:44:39 PM 1300000
08/04/2020 09:44:45 PM 1400000
08/04/2020 09:44:51 PM 0
08/04/2020 09:44:57 PM 100000
08/04/2020 09:45:03 PM 200000
08/04/2020 09:45:08 PM 300000
08/04/2020 09:45:14 PM 400000
08/04/2020 09:45:19 PM 500000
08/04/2020 09:45:25 PM 600000
08/04/2020 09:45:30 PM 700000
08/04/2020 09:45:36 PM 800000
08/04/2020 09:45:42 PM 900000
08/04/2020 09:45:48 PM 1000000
08/04/2020 09:45:54 PM 1100000
08/04/2020 09:46:00 PM 1200000
08/04/2020 09:46:05 PM 1300000
08/04/2020 09:46:11 PM 1400000
08/04/2020 09:46:17 PM (1498391,)_(1498391,)_(1498391,)
08/04/2020 09:46:17 PM 2067_999998
../correlation_analysis_celllevel-v2-stage3.py:328: RuntimeWarning: invalid value encountered in true_divide
  fdr = cdf_shuff/cdf
../correlation_analysis_celllevel-v2-stage3.py:329: RuntimeWarning: divide by zero encountered in true_divide
  tracks_hist_ratios[label] = hist/hist_shuff
../correlation_analysis_celllevel-v2-stage3.py:329: RuntimeWarning: invalid value encountered in true_divide
  tracks_hist_ratios[label] = hist/hist_shuff
40, 40
08/04/2020 09:48:43 PM corr_analysis_smarter_cells_snmcseq_gene_ka40_k40_200803_2020-08-04
08/04/2020 09:48:43 PM <class 'numpy.ndarray'>_(6244,)_cell_smarter_cells.txt
08/04/2020 09:48:43 PM <class 'numpy.ndarray'>_(9364,)_cell_snmcseq_gene.txt
08/04/2020 09:48:43 PM <class 'numpy.ndarray'>_(32324,)_gene_smarter_cells.txt
08/04/2020 09:48:43 PM <class 'pandas.core.frame.DataFrame'>_(233514, 3)_enh_snmcseq_gene.tsv
08/04/2020 09:48:43 PM <class 'scipy.sparse.csc.csc_matrix'>_(32324, 6244)_mat_smarter_cells.npz
08/04/2020 09:48:45 PM <class 'scipy.sparse.csc.csc_matrix'>_(233514, 9364)_mat_mcg_snmcseq_gene.npz
08/04/2020 09:48:48 PM <class 'scipy.sparse.csc.csc_matrix'>_(233514, 9364)_mat_cg_snmcseq_gene.npz
08/04/2020 09:48:49 PM (6244, 9364)_(6244, 6244)
08/04/2020 09:51:06 PM (32324, 6244)_(233514, 6244)_(233514, 6244)
08/04/2020 09:52:59 PM Imputing data... (No effect if sufficient_coverage_fraction=1)
08/04/2020 09:53:15 PM (87511, 6244)
/cndd/fangming/venvs/conda_dobro/lib/python3.6/site-packages/scipy/stats/stats.py:2419: RuntimeWarning: invalid value encountered in true_divide
  return (a - mns) / sstd
08/04/2020 09:53:22 PM 0
08/04/2020 09:53:27 PM 100000
08/04/2020 09:53:33 PM 200000
08/04/2020 09:53:38 PM 300000
08/04/2020 09:53:43 PM 400000
08/04/2020 09:53:49 PM 500000
08/04/2020 09:53:54 PM 600000
08/04/2020 09:53:59 PM 700000
08/04/2020 09:54:05 PM 800000
08/04/2020 09:54:11 PM 900000
08/04/2020 09:54:16 PM 1000000
08/04/2020 09:54:22 PM 1100000
08/04/2020 09:54:28 PM 1200000
08/04/2020 09:54:34 PM 1300000
08/04/2020 09:54:39 PM 1400000
08/04/2020 09:54:45 PM 1500000
08/04/2020 09:54:48 PM 0
08/04/2020 09:54:53 PM 100000
08/04/2020 09:54:59 PM 200000
08/04/2020 09:55:04 PM 300000
08/04/2020 09:55:09 PM 400000
08/04/2020 09:55:15 PM 500000
08/04/2020 09:55:20 PM 600000
08/04/2020 09:55:25 PM 700000
08/04/2020 09:55:31 PM 800000
08/04/2020 09:55:37 PM 900000
08/04/2020 09:55:42 PM 1000000
08/04/2020 09:55:48 PM 1100000
08/04/2020 09:55:54 PM 1200000
08/04/2020 09:56:00 PM 1300000
08/04/2020 09:56:05 PM 1400000
08/04/2020 09:56:11 PM 1500000
08/04/2020 09:56:14 PM 0
08/04/2020 09:56:19 PM 100000
08/04/2020 09:56:25 PM 200000
08/04/2020 09:56:30 PM 300000
08/04/2020 09:56:35 PM 400000
08/04/2020 09:56:41 PM 500000
08/04/2020 09:56:46 PM 600000
08/04/2020 09:56:51 PM 700000
08/04/2020 09:56:57 PM 800000
08/04/2020 09:57:03 PM 900000
08/04/2020 09:57:08 PM 1000000
08/04/2020 09:57:14 PM 1100000
08/04/2020 09:57:20 PM 1200000
08/04/2020 09:57:25 PM 1300000
08/04/2020 09:57:31 PM 1400000
08/04/2020 09:57:37 PM 1500000
08/04/2020 09:57:39 PM (1536107,)_(1536107,)_(1536107,)
08/04/2020 09:57:39 PM 2067_999998
../correlation_analysis_celllevel-v2-stage3.py:328: RuntimeWarning: invalid value encountered in true_divide
  fdr = cdf_shuff/cdf
../correlation_analysis_celllevel-v2-stage3.py:329: RuntimeWarning: divide by zero encountered in true_divide
  tracks_hist_ratios[label] = hist/hist_shuff
../correlation_analysis_celllevel-v2-stage3.py:329: RuntimeWarning: invalid value encountered in true_divide
  tracks_hist_ratios[label] = hist/hist_shuff
45, 45
08/04/2020 10:00:13 PM corr_analysis_smarter_cells_snmcseq_gene_ka45_k45_200803_2020-08-04
08/04/2020 10:00:13 PM <class 'numpy.ndarray'>_(6244,)_cell_smarter_cells.txt
08/04/2020 10:00:13 PM <class 'numpy.ndarray'>_(9364,)_cell_snmcseq_gene.txt
08/04/2020 10:00:13 PM <class 'numpy.ndarray'>_(32324,)_gene_smarter_cells.txt
08/04/2020 10:00:13 PM <class 'pandas.core.frame.DataFrame'>_(233514, 3)_enh_snmcseq_gene.tsv
08/04/2020 10:00:14 PM <class 'scipy.sparse.csc.csc_matrix'>_(32324, 6244)_mat_smarter_cells.npz
08/04/2020 10:00:15 PM <class 'scipy.sparse.csc.csc_matrix'>_(233514, 9364)_mat_mcg_snmcseq_gene.npz
08/04/2020 10:00:18 PM <class 'scipy.sparse.csc.csc_matrix'>_(233514, 9364)_mat_cg_snmcseq_gene.npz
08/04/2020 10:00:19 PM (6244, 9364)_(6244, 6244)
08/04/2020 10:02:36 PM (32324, 6244)_(233514, 6244)_(233514, 6244)
08/04/2020 10:04:28 PM Imputing data... (No effect if sufficient_coverage_fraction=1)
08/04/2020 10:04:43 PM (87641, 6244)
/cndd/fangming/venvs/conda_dobro/lib/python3.6/site-packages/scipy/stats/stats.py:2419: RuntimeWarning: invalid value encountered in true_divide
  return (a - mns) / sstd
08/04/2020 10:04:50 PM 0
08/04/2020 10:04:55 PM 100000
08/04/2020 10:05:01 PM 200000
08/04/2020 10:05:06 PM 300000
08/04/2020 10:05:11 PM 400000
08/04/2020 10:05:17 PM 500000
08/04/2020 10:05:22 PM 600000
08/04/2020 10:05:27 PM 700000
08/04/2020 10:05:33 PM 800000
08/04/2020 10:05:39 PM 900000
08/04/2020 10:05:44 PM 1000000
08/04/2020 10:05:50 PM 1100000
08/04/2020 10:05:56 PM 1200000
08/04/2020 10:06:02 PM 1300000
08/04/2020 10:06:07 PM 1400000
08/04/2020 10:06:13 PM 1500000
08/04/2020 10:06:16 PM 0
08/04/2020 10:06:21 PM 100000
08/04/2020 10:06:27 PM 200000
08/04/2020 10:06:32 PM 300000
08/04/2020 10:06:37 PM 400000
08/04/2020 10:06:43 PM 500000
08/04/2020 10:06:48 PM 600000
08/04/2020 10:06:53 PM 700000
08/04/2020 10:06:59 PM 800000
08/04/2020 10:07:05 PM 900000
08/04/2020 10:07:10 PM 1000000
08/04/2020 10:07:16 PM 1100000
08/04/2020 10:07:22 PM 1200000
08/04/2020 10:07:28 PM 1300000
08/04/2020 10:07:33 PM 1400000
08/04/2020 10:07:39 PM 1500000
08/04/2020 10:07:42 PM 0
08/04/2020 10:07:47 PM 100000
08/04/2020 10:07:53 PM 200000
08/04/2020 10:07:58 PM 300000
08/04/2020 10:08:03 PM 400000
08/04/2020 10:08:09 PM 500000
08/04/2020 10:08:14 PM 600000
08/04/2020 10:08:19 PM 700000
08/04/2020 10:08:25 PM 800000
08/04/2020 10:08:31 PM 900000
08/04/2020 10:08:36 PM 1000000
08/04/2020 10:08:42 PM 1100000
08/04/2020 10:08:48 PM 1200000
08/04/2020 10:08:54 PM 1300000
08/04/2020 10:08:59 PM 1400000
08/04/2020 10:09:05 PM 1500000
08/04/2020 10:09:07 PM (1538283,)_(1538283,)_(1538283,)
08/04/2020 10:09:07 PM 2067_999998
../correlation_analysis_celllevel-v2-stage3.py:328: RuntimeWarning: invalid value encountered in true_divide
  fdr = cdf_shuff/cdf
../correlation_analysis_celllevel-v2-stage3.py:329: RuntimeWarning: divide by zero encountered in true_divide
  tracks_hist_ratios[label] = hist/hist_shuff
../correlation_analysis_celllevel-v2-stage3.py:329: RuntimeWarning: invalid value encountered in true_divide
  tracks_hist_ratios[label] = hist/hist_shuff
500, 500
08/04/2020 10:15:50 PM corr_analysis_smarter_cells_snmcseq_gene_ka500_k500_200803_2020-08-04
08/04/2020 10:15:50 PM <class 'numpy.ndarray'>_(6244,)_cell_smarter_cells.txt
08/04/2020 10:15:50 PM <class 'numpy.ndarray'>_(9364,)_cell_snmcseq_gene.txt
08/04/2020 10:15:50 PM <class 'numpy.ndarray'>_(32324,)_gene_smarter_cells.txt
08/04/2020 10:15:50 PM <class 'pandas.core.frame.DataFrame'>_(233514, 3)_enh_snmcseq_gene.tsv
08/04/2020 10:15:51 PM <class 'scipy.sparse.csc.csc_matrix'>_(32324, 6244)_mat_smarter_cells.npz
08/04/2020 10:15:52 PM <class 'scipy.sparse.csc.csc_matrix'>_(233514, 9364)_mat_mcg_snmcseq_gene.npz
08/04/2020 10:15:55 PM <class 'scipy.sparse.csc.csc_matrix'>_(233514, 9364)_mat_cg_snmcseq_gene.npz
08/04/2020 10:15:57 PM (6244, 9364)_(6244, 6244)
08/04/2020 10:23:00 PM (32324, 6244)_(233514, 6244)_(233514, 6244)
08/04/2020 10:24:57 PM Imputing data... (No effect if sufficient_coverage_fraction=1)
08/04/2020 10:25:40 PM (86497, 6244)
/cndd/fangming/venvs/conda_dobro/lib/python3.6/site-packages/scipy/stats/stats.py:2419: RuntimeWarning: invalid value encountered in true_divide
  return (a - mns) / sstd
08/04/2020 10:25:47 PM 0
08/04/2020 10:25:53 PM 100000
08/04/2020 10:25:59 PM 200000
08/04/2020 10:26:04 PM 300000
08/04/2020 10:26:09 PM 400000
08/04/2020 10:26:15 PM 500000
08/04/2020 10:26:20 PM 600000
08/04/2020 10:26:25 PM 700000
08/04/2020 10:26:31 PM 800000
08/04/2020 10:26:37 PM 900000
08/04/2020 10:26:43 PM 1000000
08/04/2020 10:26:48 PM 1100000
08/04/2020 10:26:54 PM 1200000
08/04/2020 10:27:00 PM 1300000
08/04/2020 10:27:05 PM 1400000
08/04/2020 10:27:11 PM 1500000
08/04/2020 10:27:13 PM 0
08/04/2020 10:27:18 PM 100000
08/04/2020 10:27:24 PM 200000
08/04/2020 10:27:29 PM 300000
08/04/2020 10:27:35 PM 400000
08/04/2020 10:27:40 PM 500000
08/04/2020 10:27:45 PM 600000
08/04/2020 10:27:51 PM 700000
08/04/2020 10:27:56 PM 800000
08/04/2020 10:28:02 PM 900000
08/04/2020 10:28:08 PM 1000000
08/04/2020 10:28:14 PM 1100000
08/04/2020 10:28:19 PM 1200000
08/04/2020 10:28:25 PM 1300000
08/04/2020 10:28:31 PM 1400000
08/04/2020 10:28:37 PM 1500000
08/04/2020 10:28:38 PM 0
08/04/2020 10:28:44 PM 100000
08/04/2020 10:28:49 PM 200000
08/04/2020 10:28:55 PM 300000
08/04/2020 10:29:00 PM 400000
08/04/2020 10:29:05 PM 500000
08/04/2020 10:29:11 PM 600000
08/04/2020 10:29:16 PM 700000
08/04/2020 10:29:22 PM 800000
08/04/2020 10:29:27 PM 900000
08/04/2020 10:29:33 PM 1000000
08/04/2020 10:29:39 PM 1100000
08/04/2020 10:29:45 PM 1200000
08/04/2020 10:29:50 PM 1300000
08/04/2020 10:29:56 PM 1400000
08/04/2020 10:30:02 PM 1500000
08/04/2020 10:30:03 PM (1519964,)_(1519964,)_(1519964,)
08/04/2020 10:30:03 PM 2067_999999
../correlation_analysis_celllevel-v2-stage3.py:328: RuntimeWarning: invalid value encountered in true_divide
  fdr = cdf_shuff/cdf
../correlation_analysis_celllevel-v2-stage3.py:329: RuntimeWarning: divide by zero encountered in true_divide
  tracks_hist_ratios[label] = hist/hist_shuff
../correlation_analysis_celllevel-v2-stage3.py:329: RuntimeWarning: invalid value encountered in true_divide
  tracks_hist_ratios[label] = hist/hist_shuff
4716.52user 1279.26system 1:32:43elapsed 107%CPU (0avgtext+0avgdata 68519940maxresident)k
19496inputs+10498440outputs (26major+72554753minor)pagefaults 0swaps
