08/03/2020 10:54:35 AM  config_scf_data_freeze_mc_and_scrna_smart.py
08/03/2020 10:54:35 AM * Begin integration
08/03/2020 10:54:35 AM Metadata snmcseq_gene (9366, 32)
sys:1: DtypeWarning: Columns (64) have mixed types. Specify dtype option on import or set low_memory=False.
08/03/2020 10:54:35 AM Metadata smarter_cells (6244, 129)
08/03/2020 10:55:03 AM Feature matrix snmcseq_gene (4754, 9366)
08/03/2020 10:55:05 AM Feature matrix smarter_cells (5743, 6244)
08/03/2020 10:55:05 AM Done reading data
08/03/2020 10:55:05 AM Smoothing within modalities...
08/03/2020 10:55:09 AM snmcseq_gene: 3.951103925704956
08/03/2020 10:55:12 AM smarter_cells: 2.439709424972534
08/03/2020 10:55:12 AM Constructing a joint matrix...
08/03/2020 10:55:12 AM Imputing into snmcseq_gene space...
08/03/2020 10:55:12 AM for snmcseq_gene cells...
08/03/2020 10:55:12 AM for smarter_cells cells...
08/03/2020 10:55:43 AM Saved output to: /cndd2/fangming/projects/miniatlas/results/pcX_all_mop_2mods_200727_test.npy
08/03/2020 10:55:43 AM Saved output to: /cndd2/fangming/projects/miniatlas/results/cells_all_mop_2mods_200727_test.npy
08/03/2020 10:55:43 AM Done integration into a common PC space
08/03/2020 10:55:43 AM resolution r: 0.1
08/03/2020 10:55:45 AM resolution r: 1
08/03/2020 10:55:47 AM resolution r: 2
08/03/2020 10:55:49 AM resolution r: 4
08/03/2020 10:55:54 AM Running UMAP: 60 n_neighbors, 0.5 min_dist , 2 dim.
Input shape: (15610, 50)
08/03/2020 10:56:39 AM Done. running time: 45.904513359069824 seconds.
08/03/2020 10:56:40 AM Done clustering and UMAP
Time used to build kNN map 0.24451017379760742
Time used to get kNN 0.38759613037109375
Time used to build kNN map 0.15191936492919922
Time used to get kNN 0.3022942543029785
169.78user 17.82system 2:10.65elapsed 143%CPU (0avgtext+0avgdata 2952908maxresident)k
1902024inputs+1208528outputs (218major+670157minor)pagefaults 0swaps
