nohup: ignoring input
12/21/2020 09:51:15 PM 10x_cells_v3,snmcseq_gene,mop_10x_cells_v3_snmcseq_gene_ka30_knn30_201206,0,spearmanr,False,1001
12/21/2020 09:51:15 PM <class 'numpy.ndarray'>_(69727,)_cell_10x_cells_v3.txt
12/21/2020 09:51:15 PM <class 'numpy.ndarray'>_(9931,)_cell_snmcseq_gene.txt
12/21/2020 09:51:15 PM <class 'numpy.ndarray'>_(31053,)_gene_10x_cells_v3.txt
12/21/2020 09:51:15 PM <class 'pandas.core.frame.DataFrame'>_(233514, 3)_enh.tsv
12/21/2020 09:51:18 PM <class 'scipy.sparse.csc.csc_matrix'>_(31053, 69727)_mat_10x_cells_v3.npz
12/21/2020 09:51:19 PM <class 'scipy.sparse.csc.csc_matrix'>_(233514, 9931)_mat_mcg_snmcseq_gene.npz
12/21/2020 09:51:22 PM <class 'scipy.sparse.csc.csc_matrix'>_(233514, 9931)_mat_cg_snmcseq_gene.npz
12/21/2020 09:51:22 PM (69727, 41) (69727, 9366) (69727,) (9366,)
12/21/2020 09:51:38 PM (69727, 9364)_(69727, 41)_(31053, 69727)_(233514, 9364)_(233514, 9364)
12/21/2020 09:51:38 PM cluster_r1.0
12/21/2020 09:51:38 PM Number of metacells: 16
12/21/2020 09:51:40 PM Note: NumExpr detected 40 cores but "NUMEXPR_MAX_THREADS" not set, so enforcing safe limit of 8.
12/21/2020 09:51:40 PM NumExpr defaulting to 8 threads.
12/21/2020 09:51:46 PM (31053, 16) (233514, 16) (233514, 16)
12/21/2020 09:51:46 PM Imputing data... (No effect if sufficient_coverage_fraction=1)
12/21/2020 09:51:46 PM (233513, 16)
/cndd2/fangming/venvs/routine/lib/python3.8/site-packages/scipy/stats/stats.py:2500: RuntimeWarning: invalid value encountered in true_divide
  return (a - mns) / sstd
12/21/2020 09:51:48 PM cluster_r1.2589254117941673
12/21/2020 09:51:48 PM Number of metacells: 21
12/21/2020 09:51:58 PM (31053, 21) (233514, 21) (233514, 21)
12/21/2020 09:51:58 PM Imputing data... (No effect if sufficient_coverage_fraction=1)
12/21/2020 09:51:58 PM (233513, 21)
/cndd2/fangming/venvs/routine/lib/python3.8/site-packages/scipy/stats/stats.py:2500: RuntimeWarning: invalid value encountered in true_divide
  return (a - mns) / sstd
12/21/2020 09:52:01 PM cluster_r1.5848931924611136
12/21/2020 09:52:01 PM Number of metacells: 24
12/21/2020 09:52:15 PM (31053, 24) (233514, 24) (233514, 24)
12/21/2020 09:52:15 PM Imputing data... (No effect if sufficient_coverage_fraction=1)
12/21/2020 09:52:16 PM (233513, 24)
/cndd2/fangming/venvs/routine/lib/python3.8/site-packages/scipy/stats/stats.py:2500: RuntimeWarning: invalid value encountered in true_divide
  return (a - mns) / sstd
12/21/2020 09:52:18 PM cluster_r1.9952623149688797
12/21/2020 09:52:18 PM Number of metacells: 29
12/21/2020 09:52:34 PM (31053, 29) (233514, 29) (233514, 29)
12/21/2020 09:52:34 PM Imputing data... (No effect if sufficient_coverage_fraction=1)
12/21/2020 09:52:34 PM (233513, 29)
/cndd2/fangming/venvs/routine/lib/python3.8/site-packages/scipy/stats/stats.py:2500: RuntimeWarning: invalid value encountered in true_divide
  return (a - mns) / sstd
12/21/2020 09:52:37 PM cluster_r2.51188643150958
12/21/2020 09:52:37 PM Number of metacells: 36
12/21/2020 09:52:54 PM (31053, 36) (233514, 36) (233514, 36)
12/21/2020 09:52:54 PM Imputing data... (No effect if sufficient_coverage_fraction=1)
12/21/2020 09:52:54 PM (233513, 36)
/cndd2/fangming/venvs/routine/lib/python3.8/site-packages/scipy/stats/stats.py:2500: RuntimeWarning: invalid value encountered in true_divide
  return (a - mns) / sstd
12/21/2020 09:52:58 PM cluster_r3.1622776601683795
12/21/2020 09:52:58 PM Number of metacells: 41
12/21/2020 09:53:17 PM (31053, 41) (233514, 41) (233514, 41)
12/21/2020 09:53:17 PM Imputing data... (No effect if sufficient_coverage_fraction=1)
12/21/2020 09:53:17 PM (233513, 41)
/cndd2/fangming/venvs/routine/lib/python3.8/site-packages/scipy/stats/stats.py:2500: RuntimeWarning: invalid value encountered in true_divide
  return (a - mns) / sstd
12/21/2020 09:53:21 PM cluster_r3.981071705534973
12/21/2020 09:53:21 PM Number of metacells: 52
12/21/2020 09:53:42 PM (31053, 52) (233514, 52) (233514, 52)
12/21/2020 09:53:43 PM Imputing data... (No effect if sufficient_coverage_fraction=1)
12/21/2020 09:53:43 PM (233513, 52)
/cndd2/fangming/venvs/routine/lib/python3.8/site-packages/scipy/stats/stats.py:2500: RuntimeWarning: invalid value encountered in true_divide
  return (a - mns) / sstd
12/21/2020 09:53:47 PM cluster_r5.011872336272724
12/21/2020 09:53:47 PM Number of metacells: 63
12/21/2020 09:54:12 PM (31053, 63) (233514, 63) (233514, 63)
12/21/2020 09:54:12 PM Imputing data... (No effect if sufficient_coverage_fraction=1)
12/21/2020 09:54:13 PM (233513, 63)
/cndd2/fangming/venvs/routine/lib/python3.8/site-packages/scipy/stats/stats.py:2500: RuntimeWarning: invalid value encountered in true_divide
  return (a - mns) / sstd
12/21/2020 09:54:17 PM cluster_r6.309573444801933
12/21/2020 09:54:17 PM Number of metacells: 79
12/21/2020 09:54:46 PM (31053, 79) (233514, 79) (233514, 79)
12/21/2020 09:54:46 PM Imputing data... (No effect if sufficient_coverage_fraction=1)
12/21/2020 09:54:47 PM (233512, 79)
/cndd2/fangming/venvs/routine/lib/python3.8/site-packages/scipy/stats/stats.py:2500: RuntimeWarning: invalid value encountered in true_divide
  return (a - mns) / sstd
12/21/2020 09:54:52 PM cluster_r7.943282347242816
12/21/2020 09:54:52 PM Number of metacells: 92
12/21/2020 09:55:25 PM (31053, 92) (233514, 92) (233514, 92)
12/21/2020 09:55:26 PM Imputing data... (No effect if sufficient_coverage_fraction=1)
12/21/2020 09:55:26 PM (233513, 92)
/cndd2/fangming/venvs/routine/lib/python3.8/site-packages/scipy/stats/stats.py:2500: RuntimeWarning: invalid value encountered in true_divide
  return (a - mns) / sstd
12/21/2020 09:55:34 PM cluster_r10.0
12/21/2020 09:55:34 PM Number of metacells: 111
12/21/2020 09:56:12 PM (31053, 111) (233514, 111) (233514, 111)
12/21/2020 09:56:12 PM Imputing data... (No effect if sufficient_coverage_fraction=1)
12/21/2020 09:56:13 PM (233512, 111)
/cndd2/fangming/venvs/routine/lib/python3.8/site-packages/scipy/stats/stats.py:2500: RuntimeWarning: invalid value encountered in true_divide
  return (a - mns) / sstd
12/21/2020 09:56:23 PM cluster_r12.589254117941675
12/21/2020 09:56:23 PM Number of metacells: 133
12/21/2020 09:57:03 PM (31053, 133) (233514, 133) (233514, 133)
12/21/2020 09:57:04 PM Imputing data... (No effect if sufficient_coverage_fraction=1)
12/21/2020 09:57:05 PM (233513, 133)
/cndd2/fangming/venvs/routine/lib/python3.8/site-packages/scipy/stats/stats.py:2500: RuntimeWarning: invalid value encountered in true_divide
  return (a - mns) / sstd
12/21/2020 09:57:17 PM cluster_r15.848931924611142
12/21/2020 09:57:17 PM Number of metacells: 170
12/21/2020 09:58:05 PM (31053, 170) (233514, 170) (233514, 170)
12/21/2020 09:58:07 PM Imputing data... (No effect if sufficient_coverage_fraction=1)
12/21/2020 09:58:07 PM (233512, 170)
/cndd2/fangming/venvs/routine/lib/python3.8/site-packages/scipy/stats/stats.py:2500: RuntimeWarning: invalid value encountered in true_divide
  return (a - mns) / sstd
12/21/2020 09:58:25 PM cluster_r19.952623149688797
12/21/2020 09:58:25 PM Number of metacells: 205
12/21/2020 09:59:22 PM (31053, 205) (233514, 205) (233514, 205)
12/21/2020 09:59:24 PM Imputing data... (No effect if sufficient_coverage_fraction=1)
12/21/2020 09:59:25 PM (233512, 205)
/cndd2/fangming/venvs/routine/lib/python3.8/site-packages/scipy/stats/stats.py:2500: RuntimeWarning: invalid value encountered in true_divide
  return (a - mns) / sstd
12/21/2020 09:59:45 PM cluster_r25.11886431509581
12/21/2020 09:59:45 PM Number of metacells: 259
12/21/2020 10:00:53 PM (31053, 259) (233514, 259) (233514, 259)
12/21/2020 10:00:55 PM Imputing data... (No effect if sufficient_coverage_fraction=1)
12/21/2020 10:00:57 PM (233512, 259)
/cndd2/fangming/venvs/routine/lib/python3.8/site-packages/scipy/stats/stats.py:2500: RuntimeWarning: invalid value encountered in true_divide
  return (a - mns) / sstd
12/21/2020 10:01:24 PM cluster_r31.622776601683793
12/21/2020 10:01:24 PM Number of metacells: 316
12/21/2020 10:02:42 PM (31053, 316) (233514, 316) (233514, 316)
12/21/2020 10:02:45 PM Imputing data... (No effect if sufficient_coverage_fraction=1)
12/21/2020 10:02:46 PM (233512, 316)
/cndd2/fangming/venvs/routine/lib/python3.8/site-packages/scipy/stats/stats.py:2500: RuntimeWarning: invalid value encountered in true_divide
  return (a - mns) / sstd
12/21/2020 10:03:20 PM cluster_r39.810717055349734
12/21/2020 10:03:20 PM Number of metacells: 390
12/21/2020 10:04:47 PM (31053, 390) (233514, 390) (233514, 390)
12/21/2020 10:04:50 PM Imputing data... (No effect if sufficient_coverage_fraction=1)
12/21/2020 10:04:52 PM (233512, 390)
/cndd2/fangming/venvs/routine/lib/python3.8/site-packages/scipy/stats/stats.py:2500: RuntimeWarning: invalid value encountered in true_divide
  return (a - mns) / sstd
12/21/2020 10:05:33 PM cluster_r50.11872336272725
12/21/2020 10:05:33 PM Number of metacells: 494
12/21/2020 10:07:16 PM (31053, 494) (233514, 494) (233514, 494)
12/21/2020 10:07:20 PM Imputing data... (No effect if sufficient_coverage_fraction=1)
12/21/2020 10:07:23 PM (233512, 494)
/cndd2/fangming/venvs/routine/lib/python3.8/site-packages/scipy/stats/stats.py:2500: RuntimeWarning: invalid value encountered in true_divide
  return (a - mns) / sstd
12/21/2020 10:08:15 PM cluster_r63.09573444801933
12/21/2020 10:08:15 PM Number of metacells: 603
12/21/2020 10:10:19 PM (31053, 603) (233514, 603) (233514, 603)
12/21/2020 10:10:24 PM Imputing data... (No effect if sufficient_coverage_fraction=1)
12/21/2020 10:10:28 PM (233512, 603)
/cndd2/fangming/venvs/routine/lib/python3.8/site-packages/scipy/stats/stats.py:2500: RuntimeWarning: invalid value encountered in true_divide
  return (a - mns) / sstd
12/21/2020 10:11:34 PM cluster_r79.43282347242817
12/21/2020 10:11:34 PM Number of metacells: 766
12/21/2020 10:14:02 PM (31053, 766) (233514, 766) (233514, 766)
12/21/2020 10:14:09 PM Imputing data... (No effect if sufficient_coverage_fraction=1)
12/21/2020 10:14:13 PM (233512, 766)
/cndd2/fangming/venvs/routine/lib/python3.8/site-packages/scipy/stats/stats.py:2500: RuntimeWarning: invalid value encountered in true_divide
  return (a - mns) / sstd
12/21/2020 10:15:39 PM cluster_r100.0
12/21/2020 10:15:39 PM Number of metacells: 928
12/21/2020 10:18:20 PM (31053, 928) (233514, 928) (233514, 928)
12/21/2020 10:18:30 PM Imputing data... (No effect if sufficient_coverage_fraction=1)
12/21/2020 10:18:37 PM (233511, 928)
/cndd2/fangming/venvs/routine/lib/python3.8/site-packages/scipy/stats/stats.py:2500: RuntimeWarning: invalid value encountered in true_divide
  return (a - mns) / sstd
12/21/2020 10:20:25 PM cluster_r125.89254117941675
12/21/2020 10:20:25 PM Number of metacells: 1179
12/21/2020 10:20:25 PM skip 1179, exceeding max num_metacell_limit...
12/21/2020 10:23:42 PM (31053, 1179) (233514, 1179) (233514, 1179)
12/21/2020 10:23:58 PM Imputing data... (No effect if sufficient_coverage_fraction=1)
12/21/2020 10:24:10 PM (233511, 1179)
/cndd2/fangming/venvs/routine/lib/python3.8/site-packages/scipy/stats/stats.py:2500: RuntimeWarning: invalid value encountered in true_divide
  return (a - mns) / sstd
12/21/2020 10:26:43 PM cluster_r158.48931924611142
12/21/2020 10:26:43 PM Number of metacells: 1488
12/21/2020 10:26:43 PM skip 1488, exceeding max num_metacell_limit...
12/21/2020 10:30:28 PM (31053, 1488) (233514, 1488) (233514, 1488)
12/21/2020 10:30:49 PM Imputing data... (No effect if sufficient_coverage_fraction=1)
12/21/2020 10:31:07 PM (233511, 1488)
/cndd2/fangming/venvs/routine/lib/python3.8/site-packages/scipy/stats/stats.py:2500: RuntimeWarning: invalid value encountered in true_divide
  return (a - mns) / sstd
12/21/2020 10:34:44 PM cluster_r199.52623149688807
12/21/2020 10:34:44 PM Number of metacells: 1862
12/21/2020 10:34:44 PM skip 1862, exceeding max num_metacell_limit...
12/21/2020 10:39:07 PM (31053, 1862) (233514, 1862) (233514, 1862)
12/21/2020 10:39:42 PM Imputing data... (No effect if sufficient_coverage_fraction=1)
12/21/2020 10:40:10 PM (233509, 1862)
/cndd2/fangming/venvs/routine/lib/python3.8/site-packages/scipy/stats/stats.py:2500: RuntimeWarning: invalid value encountered in true_divide
  return (a - mns) / sstd
12/21/2020 10:45:23 PM cluster_r251.18864315095823
12/21/2020 10:45:23 PM Number of metacells: 2386
12/21/2020 10:45:23 PM skip 2386, exceeding max num_metacell_limit...
12/21/2020 10:50:43 PM (31053, 2386) (233514, 2386) (233514, 2386)
12/21/2020 10:51:36 PM Imputing data... (No effect if sufficient_coverage_fraction=1)
12/21/2020 10:52:16 PM (233504, 2386)
/cndd2/fangming/venvs/routine/lib/python3.8/site-packages/scipy/stats/stats.py:2500: RuntimeWarning: invalid value encountered in true_divide
  return (a - mns) / sstd
12/21/2020 10:59:09 PM cluster_r316.22776601683796
12/21/2020 10:59:09 PM Number of metacells: 3036
12/21/2020 10:59:09 PM skip 3036, exceeding max num_metacell_limit...
12/21/2020 11:05:04 PM (31053, 3036) (233514, 3036) (233514, 3036)
12/21/2020 11:06:12 PM Imputing data... (No effect if sufficient_coverage_fraction=1)
12/21/2020 11:07:04 PM (233498, 3036)
/cndd2/fangming/venvs/routine/lib/python3.8/site-packages/scipy/stats/stats.py:2500: RuntimeWarning: invalid value encountered in true_divide
  return (a - mns) / sstd
12/21/2020 11:16:15 PM cluster_r398.1071705534973
12/21/2020 11:16:15 PM Number of metacells: 3892
12/21/2020 11:16:15 PM skip 3892, exceeding max num_metacell_limit...
12/21/2020 11:22:53 PM (31053, 3892) (233514, 3892) (233514, 3892)
12/21/2020 11:24:17 PM Imputing data... (No effect if sufficient_coverage_fraction=1)
12/21/2020 11:25:29 PM (233471, 3892)
/cndd2/fangming/venvs/routine/lib/python3.8/site-packages/scipy/stats/stats.py:2500: RuntimeWarning: invalid value encountered in true_divide
  return (a - mns) / sstd
12/21/2020 11:37:34 PM cluster_r501.18723362727246
12/21/2020 11:37:34 PM Number of metacells: 5043
12/21/2020 11:37:34 PM skip 5043, exceeding max num_metacell_limit...
12/21/2020 11:45:02 PM (31053, 5043) (233514, 5043) (233514, 5043)
12/21/2020 11:47:23 PM Imputing data... (No effect if sufficient_coverage_fraction=1)
12/21/2020 11:48:58 PM (233379, 5043)
/cndd2/fangming/venvs/routine/lib/python3.8/site-packages/scipy/stats/stats.py:2500: RuntimeWarning: invalid value encountered in true_divide
  return (a - mns) / sstd
12/22/2020 12:04:59 AM cluster_r630.9573444801937
12/22/2020 12:04:59 AM Number of metacells: 6604
12/22/2020 12:04:59 AM skip 6604, exceeding max num_metacell_limit...
12/22/2020 12:14:10 AM (31053, 6604) (233514, 6604) (233514, 6604)
12/22/2020 12:17:13 AM Imputing data... (No effect if sufficient_coverage_fraction=1)
12/22/2020 12:22:59 AM (233024, 6604)
/cndd2/fangming/venvs/routine/lib/python3.8/site-packages/scipy/stats/stats.py:2500: RuntimeWarning: invalid value encountered in true_divide
  return (a - mns) / sstd
12/22/2020 12:45:41 AM cluster_r794.3282347242822
12/22/2020 12:45:41 AM Number of metacells: 8630
12/22/2020 12:45:41 AM skip 8630, exceeding max num_metacell_limit...
12/22/2020 01:07:44 AM (31053, 8630) (233514, 8630) (233514, 8630)
12/22/2020 01:13:39 AM Imputing data... (No effect if sufficient_coverage_fraction=1)
12/22/2020 01:19:05 AM (231957, 8630)
/cndd2/fangming/venvs/routine/lib/python3.8/site-packages/scipy/stats/stats.py:2500: RuntimeWarning: invalid value encountered in true_divide
  return (a - mns) / sstd
12/22/2020 01:53:46 AM cluster_r1000.0
12/22/2020 01:53:46 AM Number of metacells: 11592
12/22/2020 01:53:46 AM skip 11592, exceeding max num_metacell_limit...
spearmanr chosen!
spearmanr chosen!
spearmanr chosen!
spearmanr chosen!
spearmanr chosen!
spearmanr chosen!
spearmanr chosen!
spearmanr chosen!
spearmanr chosen!
spearmanr chosen!
spearmanr chosen!
spearmanr chosen!
spearmanr chosen!
spearmanr chosen!
spearmanr chosen!
spearmanr chosen!
spearmanr chosen!
spearmanr chosen!
spearmanr chosen!
spearmanr chosen!
spearmanr chosen!
spearmanr chosen!
spearmanr chosen!
spearmanr chosen!
spearmanr chosen!
spearmanr chosen!
spearmanr chosen!
spearmanr chosen!
spearmanr chosen!
spearmanr chosen!
Traceback (most recent call last):
  File "../correlation_analysis_celllevel_mcrna_Dec21.py", line 240, in <module>
    mod_x, mod_y, 
  File "../correlation_analysis_celllevel_mcrna_Dec21.py", line 190, in wrap_corr_analysis_mc
    common_rna_cells, common_mc_cells,
  File "../correlation_analysis_celllevel_mcrna_Dec21.py", line 90, in pipe_corr_analysis_mc
    ec_mcg = Y_mcg.dot(knn_yz).todense()  
  File "/cndd2/fangming/venvs/routine/lib/python3.8/site-packages/scipy/sparse/base.py", line 359, in dot
    return self * other
  File "/cndd2/fangming/venvs/routine/lib/python3.8/site-packages/scipy/sparse/base.py", line 480, in __mul__
    return self._mul_sparse_matrix(other)
  File "/cndd2/fangming/venvs/routine/lib/python3.8/site-packages/scipy/sparse/compressed.py", line 505, in _mul_sparse_matrix
    nnz = fn(M, N,
RuntimeError: nnz of the result is too large
Command exited with non-zero status 1
9779.38user 3679.82system 4:27:38elapsed 83%CPU (0avgtext+0avgdata 145025024maxresident)k
26773664inputs+3444352outputs (846424major+2637195061minor)pagefaults 0swaps
