nohup: ignoring input
12/10/2020 12:40:43 AM 10x_cells_v3,snatac_gene,mop_10x_cells_v3_snatac_gene_ka30_knn30_201130,0,spearmanr,False,10000
12/10/2020 12:40:43 AM <class 'numpy.ndarray'>_(69727,)_cell_10x_cells_v3.txt
12/10/2020 12:40:43 AM <class 'numpy.ndarray'>_(135665,)_cell_snatac_gene.txt
12/10/2020 12:40:43 AM <class 'numpy.ndarray'>_(31053,)_gene_10x_cells_v3.txt
12/10/2020 12:40:43 AM <class 'pandas.core.frame.DataFrame'>_(233514, 3)_enh.tsv
12/10/2020 12:41:08 AM <class 'scipy.sparse.csc.csc_matrix'>_(31053, 69727)_mat_10x_cells_v3.npz
12/10/2020 12:41:10 AM <class 'scipy.sparse.csc.csc_matrix'>_(233514, 135665)_mat_snatac_gene.npz
12/10/2020 12:41:11 AM (55862, 41) (55862, 43774) (55862,) (43774,)
12/10/2020 12:41:21 AM (55862, 43774)_(55862, 41)_(31053, 55862)_(233514, 43774)
12/10/2020 12:41:21 AM cluster_r1.0
12/10/2020 12:41:21 AM skip /cndd2/fangming/projects/scf_enhancers/results/mop_10x_cells_v3_snatac_gene_ka30_knn30_201130_0_cluster_r1.0_spearmanr_corrs.pkl, already exists...
12/10/2020 12:41:21 AM cluster_r1.2589254117941673
12/10/2020 12:41:21 AM skip /cndd2/fangming/projects/scf_enhancers/results/mop_10x_cells_v3_snatac_gene_ka30_knn30_201130_0_cluster_r1.2589254117941673_spearmanr_corrs.pkl, already exists...
12/10/2020 12:41:21 AM cluster_r1.5848931924611136
12/10/2020 12:41:21 AM skip /cndd2/fangming/projects/scf_enhancers/results/mop_10x_cells_v3_snatac_gene_ka30_knn30_201130_0_cluster_r1.5848931924611136_spearmanr_corrs.pkl, already exists...
12/10/2020 12:41:21 AM cluster_r1.9952623149688797
12/10/2020 12:41:21 AM skip /cndd2/fangming/projects/scf_enhancers/results/mop_10x_cells_v3_snatac_gene_ka30_knn30_201130_0_cluster_r1.9952623149688797_spearmanr_corrs.pkl, already exists...
12/10/2020 12:41:21 AM cluster_r2.51188643150958
12/10/2020 12:41:21 AM skip /cndd2/fangming/projects/scf_enhancers/results/mop_10x_cells_v3_snatac_gene_ka30_knn30_201130_0_cluster_r2.51188643150958_spearmanr_corrs.pkl, already exists...
12/10/2020 12:41:21 AM cluster_r3.1622776601683795
12/10/2020 12:41:21 AM skip /cndd2/fangming/projects/scf_enhancers/results/mop_10x_cells_v3_snatac_gene_ka30_knn30_201130_0_cluster_r3.1622776601683795_spearmanr_corrs.pkl, already exists...
12/10/2020 12:41:21 AM cluster_r3.981071705534973
12/10/2020 12:41:21 AM skip /cndd2/fangming/projects/scf_enhancers/results/mop_10x_cells_v3_snatac_gene_ka30_knn30_201130_0_cluster_r3.981071705534973_spearmanr_corrs.pkl, already exists...
12/10/2020 12:41:21 AM cluster_r5.011872336272724
12/10/2020 12:41:21 AM skip /cndd2/fangming/projects/scf_enhancers/results/mop_10x_cells_v3_snatac_gene_ka30_knn30_201130_0_cluster_r5.011872336272724_spearmanr_corrs.pkl, already exists...
12/10/2020 12:41:21 AM cluster_r6.309573444801933
12/10/2020 12:41:21 AM skip /cndd2/fangming/projects/scf_enhancers/results/mop_10x_cells_v3_snatac_gene_ka30_knn30_201130_0_cluster_r6.309573444801933_spearmanr_corrs.pkl, already exists...
12/10/2020 12:41:21 AM cluster_r7.943282347242816
12/10/2020 12:41:21 AM skip /cndd2/fangming/projects/scf_enhancers/results/mop_10x_cells_v3_snatac_gene_ka30_knn30_201130_0_cluster_r7.943282347242816_spearmanr_corrs.pkl, already exists...
12/10/2020 12:41:21 AM cluster_r10.0
12/10/2020 12:41:21 AM skip /cndd2/fangming/projects/scf_enhancers/results/mop_10x_cells_v3_snatac_gene_ka30_knn30_201130_0_cluster_r10.0_spearmanr_corrs.pkl, already exists...
12/10/2020 12:41:21 AM cluster_r12.589254117941675
12/10/2020 12:41:21 AM skip /cndd2/fangming/projects/scf_enhancers/results/mop_10x_cells_v3_snatac_gene_ka30_knn30_201130_0_cluster_r12.589254117941675_spearmanr_corrs.pkl, already exists...
12/10/2020 12:41:21 AM cluster_r15.848931924611142
12/10/2020 12:41:21 AM skip /cndd2/fangming/projects/scf_enhancers/results/mop_10x_cells_v3_snatac_gene_ka30_knn30_201130_0_cluster_r15.848931924611142_spearmanr_corrs.pkl, already exists...
12/10/2020 12:41:21 AM cluster_r19.952623149688797
12/10/2020 12:41:21 AM skip /cndd2/fangming/projects/scf_enhancers/results/mop_10x_cells_v3_snatac_gene_ka30_knn30_201130_0_cluster_r19.952623149688797_spearmanr_corrs.pkl, already exists...
12/10/2020 12:41:21 AM cluster_r25.11886431509581
12/10/2020 12:41:21 AM skip /cndd2/fangming/projects/scf_enhancers/results/mop_10x_cells_v3_snatac_gene_ka30_knn30_201130_0_cluster_r25.11886431509581_spearmanr_corrs.pkl, already exists...
12/10/2020 12:41:21 AM cluster_r31.622776601683793
12/10/2020 12:41:21 AM skip /cndd2/fangming/projects/scf_enhancers/results/mop_10x_cells_v3_snatac_gene_ka30_knn30_201130_0_cluster_r31.622776601683793_spearmanr_corrs.pkl, already exists...
12/10/2020 12:41:21 AM cluster_r39.810717055349734
12/10/2020 12:41:21 AM skip /cndd2/fangming/projects/scf_enhancers/results/mop_10x_cells_v3_snatac_gene_ka30_knn30_201130_0_cluster_r39.810717055349734_spearmanr_corrs.pkl, already exists...
12/10/2020 12:41:21 AM cluster_r50.11872336272725
12/10/2020 12:41:21 AM skip /cndd2/fangming/projects/scf_enhancers/results/mop_10x_cells_v3_snatac_gene_ka30_knn30_201130_0_cluster_r50.11872336272725_spearmanr_corrs.pkl, already exists...
12/10/2020 12:41:21 AM cluster_r63.09573444801933
12/10/2020 12:41:21 AM skip /cndd2/fangming/projects/scf_enhancers/results/mop_10x_cells_v3_snatac_gene_ka30_knn30_201130_0_cluster_r63.09573444801933_spearmanr_corrs.pkl, already exists...
12/10/2020 12:41:21 AM cluster_r79.43282347242817
12/10/2020 12:41:21 AM skip /cndd2/fangming/projects/scf_enhancers/results/mop_10x_cells_v3_snatac_gene_ka30_knn30_201130_0_cluster_r79.43282347242817_spearmanr_corrs.pkl, already exists...
12/10/2020 12:41:21 AM cluster_r100.0
12/10/2020 12:41:21 AM skip /cndd2/fangming/projects/scf_enhancers/results/mop_10x_cells_v3_snatac_gene_ka30_knn30_201130_0_cluster_r100.0_spearmanr_corrs.pkl, already exists...
12/10/2020 12:41:21 AM cluster_r125.89254117941675
12/10/2020 12:41:21 AM skip /cndd2/fangming/projects/scf_enhancers/results/mop_10x_cells_v3_snatac_gene_ka30_knn30_201130_0_cluster_r125.89254117941675_spearmanr_corrs.pkl, already exists...
12/10/2020 12:41:21 AM cluster_r158.48931924611142
12/10/2020 12:41:21 AM skip /cndd2/fangming/projects/scf_enhancers/results/mop_10x_cells_v3_snatac_gene_ka30_knn30_201130_0_cluster_r158.48931924611142_spearmanr_corrs.pkl, already exists...
12/10/2020 12:41:21 AM cluster_r199.52623149688807
12/10/2020 12:41:21 AM skip /cndd2/fangming/projects/scf_enhancers/results/mop_10x_cells_v3_snatac_gene_ka30_knn30_201130_0_cluster_r199.52623149688807_spearmanr_corrs.pkl, already exists...
12/10/2020 12:41:21 AM cluster_r251.18864315095823
12/10/2020 12:41:21 AM skip /cndd2/fangming/projects/scf_enhancers/results/mop_10x_cells_v3_snatac_gene_ka30_knn30_201130_0_cluster_r251.18864315095823_spearmanr_corrs.pkl, already exists...
12/10/2020 12:41:21 AM cluster_r316.22776601683796
12/10/2020 12:41:21 AM skip /cndd2/fangming/projects/scf_enhancers/results/mop_10x_cells_v3_snatac_gene_ka30_knn30_201130_0_cluster_r316.22776601683796_spearmanr_corrs.pkl, already exists...
12/10/2020 12:41:21 AM cluster_r398.1071705534973
12/10/2020 12:41:21 AM skip /cndd2/fangming/projects/scf_enhancers/results/mop_10x_cells_v3_snatac_gene_ka30_knn30_201130_0_cluster_r398.1071705534973_spearmanr_corrs.pkl, already exists...
12/10/2020 12:41:21 AM cluster_r501.18723362727246
12/10/2020 12:41:21 AM Number of metacells: 5025
12/10/2020 12:42:18 AM (31053, 5025) (233514, 5025)
/cndd2/fangming/venvs/routine/lib/python3.8/site-packages/scipy/stats/stats.py:2500: RuntimeWarning: invalid value encountered in true_divide
  return (a - mns) / sstd
12/10/2020 12:55:49 AM cluster_r630.9573444801937
12/10/2020 12:55:49 AM Number of metacells: 6600
12/10/2020 12:56:56 AM (31053, 6600) (233514, 6600)
/cndd2/fangming/venvs/routine/lib/python3.8/site-packages/scipy/stats/stats.py:2500: RuntimeWarning: invalid value encountered in true_divide
  return (a - mns) / sstd
12/10/2020 01:14:29 AM cluster_r794.3282347242822
12/10/2020 01:14:29 AM Number of metacells: 8850
12/10/2020 01:15:45 AM (31053, 8850) (233514, 8850)
/cndd2/fangming/venvs/routine/lib/python3.8/site-packages/scipy/stats/stats.py:2500: RuntimeWarning: invalid value encountered in true_divide
  return (a - mns) / sstd
12/10/2020 01:40:03 AM cluster_r1000.0
12/10/2020 01:40:03 AM Number of metacells: 12265
12/10/2020 01:40:03 AM skip 12265, exceeding max num_metacell_limit...
12/10/2020 01:40:03 AM cluster_r1258.9254117941675
12/10/2020 01:40:03 AM Number of metacells: 17719
12/10/2020 01:40:03 AM skip 17719, exceeding max num_metacell_limit...
12/10/2020 01:40:03 AM cluster_r1584.893192461114
12/10/2020 01:40:03 AM Number of metacells: 24970
12/10/2020 01:40:03 AM skip 24970, exceeding max num_metacell_limit...
12/10/2020 01:40:03 AM cluster_r1995.262314968881
12/10/2020 01:40:03 AM Number of metacells: 33170
12/10/2020 01:40:03 AM skip 33170, exceeding max num_metacell_limit...
12/10/2020 01:40:03 AM cluster_r2511.886431509582
12/10/2020 01:40:03 AM Number of metacells: 40343
12/10/2020 01:40:03 AM skip 40343, exceeding max num_metacell_limit...
12/10/2020 01:40:03 AM cluster_r3162.2776601683795
12/10/2020 01:40:03 AM Number of metacells: 45992
12/10/2020 01:40:03 AM skip 45992, exceeding max num_metacell_limit...
12/10/2020 01:40:03 AM cluster_r3981.0717055349733
12/10/2020 01:40:03 AM Number of metacells: 49773
12/10/2020 01:40:03 AM skip 49773, exceeding max num_metacell_limit...
12/10/2020 01:40:03 AM cluster_r5011.872336272725
12/10/2020 01:40:03 AM Number of metacells: 52448
12/10/2020 01:40:03 AM skip 52448, exceeding max num_metacell_limit...
12/10/2020 01:40:03 AM cluster_r6309.573444801937
12/10/2020 01:40:03 AM Number of metacells: 54195
12/10/2020 01:40:03 AM skip 54195, exceeding max num_metacell_limit...
12/10/2020 01:40:03 AM cluster_r7943.282347242822
12/10/2020 01:40:03 AM Number of metacells: 54918
12/10/2020 01:40:03 AM skip 54918, exceeding max num_metacell_limit...
12/10/2020 01:40:03 AM cluster_r10000.0
12/10/2020 01:40:03 AM Number of metacells: 55393
12/10/2020 01:40:03 AM skip 55393, exceeding max num_metacell_limit...
spearmanr chosen!
spearmanr chosen!
spearmanr chosen!
12/10/2020 01:40:09 AM 10x_cells_v3,snatac_gene,mop_10x_cells_v3_snatac_gene_ka30_knn30_201130,1,spearmanr,False,10000
12/10/2020 01:40:09 AM <class 'numpy.ndarray'>_(69727,)_cell_10x_cells_v3.txt
12/10/2020 01:40:09 AM <class 'numpy.ndarray'>_(135665,)_cell_snatac_gene.txt
12/10/2020 01:40:09 AM <class 'numpy.ndarray'>_(31053,)_gene_10x_cells_v3.txt
12/10/2020 01:40:09 AM <class 'pandas.core.frame.DataFrame'>_(233514, 3)_enh.tsv
12/10/2020 01:40:12 AM <class 'scipy.sparse.csc.csc_matrix'>_(31053, 69727)_mat_10x_cells_v3.npz
12/10/2020 01:40:12 AM <class 'scipy.sparse.csc.csc_matrix'>_(233514, 135665)_mat_snatac_gene.npz
12/10/2020 01:40:12 AM (55715, 41) (55715, 43888) (55715,) (43888,)
12/10/2020 01:40:22 AM (55715, 43888)_(55715, 41)_(31053, 55715)_(233514, 43888)
12/10/2020 01:40:22 AM cluster_r1.0
12/10/2020 01:40:22 AM skip /cndd2/fangming/projects/scf_enhancers/results/mop_10x_cells_v3_snatac_gene_ka30_knn30_201130_1_cluster_r1.0_spearmanr_corrs.pkl, already exists...
12/10/2020 01:40:22 AM cluster_r1.2589254117941673
12/10/2020 01:40:22 AM skip /cndd2/fangming/projects/scf_enhancers/results/mop_10x_cells_v3_snatac_gene_ka30_knn30_201130_1_cluster_r1.2589254117941673_spearmanr_corrs.pkl, already exists...
12/10/2020 01:40:22 AM cluster_r1.5848931924611136
12/10/2020 01:40:22 AM skip /cndd2/fangming/projects/scf_enhancers/results/mop_10x_cells_v3_snatac_gene_ka30_knn30_201130_1_cluster_r1.5848931924611136_spearmanr_corrs.pkl, already exists...
12/10/2020 01:40:22 AM cluster_r1.9952623149688797
12/10/2020 01:40:22 AM skip /cndd2/fangming/projects/scf_enhancers/results/mop_10x_cells_v3_snatac_gene_ka30_knn30_201130_1_cluster_r1.9952623149688797_spearmanr_corrs.pkl, already exists...
12/10/2020 01:40:22 AM cluster_r2.51188643150958
12/10/2020 01:40:22 AM skip /cndd2/fangming/projects/scf_enhancers/results/mop_10x_cells_v3_snatac_gene_ka30_knn30_201130_1_cluster_r2.51188643150958_spearmanr_corrs.pkl, already exists...
12/10/2020 01:40:22 AM cluster_r3.1622776601683795
12/10/2020 01:40:22 AM skip /cndd2/fangming/projects/scf_enhancers/results/mop_10x_cells_v3_snatac_gene_ka30_knn30_201130_1_cluster_r3.1622776601683795_spearmanr_corrs.pkl, already exists...
12/10/2020 01:40:22 AM cluster_r3.981071705534973
12/10/2020 01:40:22 AM skip /cndd2/fangming/projects/scf_enhancers/results/mop_10x_cells_v3_snatac_gene_ka30_knn30_201130_1_cluster_r3.981071705534973_spearmanr_corrs.pkl, already exists...
12/10/2020 01:40:22 AM cluster_r5.011872336272724
12/10/2020 01:40:22 AM skip /cndd2/fangming/projects/scf_enhancers/results/mop_10x_cells_v3_snatac_gene_ka30_knn30_201130_1_cluster_r5.011872336272724_spearmanr_corrs.pkl, already exists...
12/10/2020 01:40:22 AM cluster_r6.309573444801933
12/10/2020 01:40:22 AM skip /cndd2/fangming/projects/scf_enhancers/results/mop_10x_cells_v3_snatac_gene_ka30_knn30_201130_1_cluster_r6.309573444801933_spearmanr_corrs.pkl, already exists...
12/10/2020 01:40:22 AM cluster_r7.943282347242816
12/10/2020 01:40:22 AM skip /cndd2/fangming/projects/scf_enhancers/results/mop_10x_cells_v3_snatac_gene_ka30_knn30_201130_1_cluster_r7.943282347242816_spearmanr_corrs.pkl, already exists...
12/10/2020 01:40:22 AM cluster_r10.0
12/10/2020 01:40:22 AM skip /cndd2/fangming/projects/scf_enhancers/results/mop_10x_cells_v3_snatac_gene_ka30_knn30_201130_1_cluster_r10.0_spearmanr_corrs.pkl, already exists...
12/10/2020 01:40:22 AM cluster_r12.589254117941675
12/10/2020 01:40:22 AM skip /cndd2/fangming/projects/scf_enhancers/results/mop_10x_cells_v3_snatac_gene_ka30_knn30_201130_1_cluster_r12.589254117941675_spearmanr_corrs.pkl, already exists...
12/10/2020 01:40:22 AM cluster_r15.848931924611142
12/10/2020 01:40:22 AM skip /cndd2/fangming/projects/scf_enhancers/results/mop_10x_cells_v3_snatac_gene_ka30_knn30_201130_1_cluster_r15.848931924611142_spearmanr_corrs.pkl, already exists...
12/10/2020 01:40:22 AM cluster_r19.952623149688797
12/10/2020 01:40:22 AM skip /cndd2/fangming/projects/scf_enhancers/results/mop_10x_cells_v3_snatac_gene_ka30_knn30_201130_1_cluster_r19.952623149688797_spearmanr_corrs.pkl, already exists...
12/10/2020 01:40:22 AM cluster_r25.11886431509581
12/10/2020 01:40:22 AM skip /cndd2/fangming/projects/scf_enhancers/results/mop_10x_cells_v3_snatac_gene_ka30_knn30_201130_1_cluster_r25.11886431509581_spearmanr_corrs.pkl, already exists...
12/10/2020 01:40:22 AM cluster_r31.622776601683793
12/10/2020 01:40:22 AM skip /cndd2/fangming/projects/scf_enhancers/results/mop_10x_cells_v3_snatac_gene_ka30_knn30_201130_1_cluster_r31.622776601683793_spearmanr_corrs.pkl, already exists...
12/10/2020 01:40:22 AM cluster_r39.810717055349734
12/10/2020 01:40:22 AM skip /cndd2/fangming/projects/scf_enhancers/results/mop_10x_cells_v3_snatac_gene_ka30_knn30_201130_1_cluster_r39.810717055349734_spearmanr_corrs.pkl, already exists...
12/10/2020 01:40:22 AM cluster_r50.11872336272725
12/10/2020 01:40:22 AM skip /cndd2/fangming/projects/scf_enhancers/results/mop_10x_cells_v3_snatac_gene_ka30_knn30_201130_1_cluster_r50.11872336272725_spearmanr_corrs.pkl, already exists...
12/10/2020 01:40:22 AM cluster_r63.09573444801933
12/10/2020 01:40:22 AM skip /cndd2/fangming/projects/scf_enhancers/results/mop_10x_cells_v3_snatac_gene_ka30_knn30_201130_1_cluster_r63.09573444801933_spearmanr_corrs.pkl, already exists...
12/10/2020 01:40:22 AM cluster_r79.43282347242817
12/10/2020 01:40:22 AM skip /cndd2/fangming/projects/scf_enhancers/results/mop_10x_cells_v3_snatac_gene_ka30_knn30_201130_1_cluster_r79.43282347242817_spearmanr_corrs.pkl, already exists...
12/10/2020 01:40:22 AM cluster_r100.0
12/10/2020 01:40:22 AM skip /cndd2/fangming/projects/scf_enhancers/results/mop_10x_cells_v3_snatac_gene_ka30_knn30_201130_1_cluster_r100.0_spearmanr_corrs.pkl, already exists...
12/10/2020 01:40:22 AM cluster_r125.89254117941675
12/10/2020 01:40:22 AM skip /cndd2/fangming/projects/scf_enhancers/results/mop_10x_cells_v3_snatac_gene_ka30_knn30_201130_1_cluster_r125.89254117941675_spearmanr_corrs.pkl, already exists...
12/10/2020 01:40:22 AM cluster_r158.48931924611142
12/10/2020 01:40:22 AM skip /cndd2/fangming/projects/scf_enhancers/results/mop_10x_cells_v3_snatac_gene_ka30_knn30_201130_1_cluster_r158.48931924611142_spearmanr_corrs.pkl, already exists...
12/10/2020 01:40:22 AM cluster_r199.52623149688807
12/10/2020 01:40:22 AM skip /cndd2/fangming/projects/scf_enhancers/results/mop_10x_cells_v3_snatac_gene_ka30_knn30_201130_1_cluster_r199.52623149688807_spearmanr_corrs.pkl, already exists...
12/10/2020 01:40:22 AM cluster_r251.18864315095823
12/10/2020 01:40:22 AM skip /cndd2/fangming/projects/scf_enhancers/results/mop_10x_cells_v3_snatac_gene_ka30_knn30_201130_1_cluster_r251.18864315095823_spearmanr_corrs.pkl, already exists...
12/10/2020 01:40:22 AM cluster_r316.22776601683796
12/10/2020 01:40:22 AM skip /cndd2/fangming/projects/scf_enhancers/results/mop_10x_cells_v3_snatac_gene_ka30_knn30_201130_1_cluster_r316.22776601683796_spearmanr_corrs.pkl, already exists...
12/10/2020 01:40:22 AM cluster_r398.1071705534973
12/10/2020 01:40:22 AM skip /cndd2/fangming/projects/scf_enhancers/results/mop_10x_cells_v3_snatac_gene_ka30_knn30_201130_1_cluster_r398.1071705534973_spearmanr_corrs.pkl, already exists...
12/10/2020 01:40:22 AM cluster_r501.18723362727246
12/10/2020 01:40:22 AM Number of metacells: 4974
12/10/2020 01:41:16 AM (31053, 4974) (233514, 4974)
/cndd2/fangming/venvs/routine/lib/python3.8/site-packages/scipy/stats/stats.py:2500: RuntimeWarning: invalid value encountered in true_divide
  return (a - mns) / sstd
12/10/2020 01:53:59 AM cluster_r630.9573444801937
12/10/2020 01:53:59 AM Number of metacells: 6561
12/10/2020 01:55:04 AM (31053, 6561) (233514, 6561)
/cndd2/fangming/venvs/routine/lib/python3.8/site-packages/scipy/stats/stats.py:2500: RuntimeWarning: invalid value encountered in true_divide
  return (a - mns) / sstd
12/10/2020 02:12:20 AM cluster_r794.3282347242822
12/10/2020 02:12:20 AM Number of metacells: 8749
12/10/2020 02:13:34 AM (31053, 8749) (233514, 8749)
/cndd2/fangming/venvs/routine/lib/python3.8/site-packages/scipy/stats/stats.py:2500: RuntimeWarning: invalid value encountered in true_divide
  return (a - mns) / sstd
12/10/2020 02:37:45 AM cluster_r1000.0
12/10/2020 02:37:45 AM Number of metacells: 12313
12/10/2020 02:37:45 AM skip 12313, exceeding max num_metacell_limit...
12/10/2020 02:37:45 AM cluster_r1258.9254117941675
12/10/2020 02:37:45 AM Number of metacells: 17645
12/10/2020 02:37:45 AM skip 17645, exceeding max num_metacell_limit...
12/10/2020 02:37:45 AM cluster_r1584.893192461114
12/10/2020 02:37:45 AM Number of metacells: 24988
12/10/2020 02:37:45 AM skip 24988, exceeding max num_metacell_limit...
12/10/2020 02:37:45 AM cluster_r1995.262314968881
12/10/2020 02:37:45 AM Number of metacells: 33121
12/10/2020 02:37:45 AM skip 33121, exceeding max num_metacell_limit...
12/10/2020 02:37:45 AM cluster_r2511.886431509582
12/10/2020 02:37:45 AM Number of metacells: 40209
12/10/2020 02:37:45 AM skip 40209, exceeding max num_metacell_limit...
12/10/2020 02:37:45 AM cluster_r3162.2776601683795
12/10/2020 02:37:45 AM Number of metacells: 45793
12/10/2020 02:37:45 AM skip 45793, exceeding max num_metacell_limit...
12/10/2020 02:37:45 AM cluster_r3981.0717055349733
12/10/2020 02:37:45 AM Number of metacells: 50073
12/10/2020 02:37:45 AM skip 50073, exceeding max num_metacell_limit...
12/10/2020 02:37:45 AM cluster_r5011.872336272725
12/10/2020 02:37:45 AM Number of metacells: 52329
12/10/2020 02:37:45 AM skip 52329, exceeding max num_metacell_limit...
12/10/2020 02:37:45 AM cluster_r6309.573444801937
12/10/2020 02:37:45 AM Number of metacells: 53983
12/10/2020 02:37:45 AM skip 53983, exceeding max num_metacell_limit...
12/10/2020 02:37:45 AM cluster_r7943.282347242822
12/10/2020 02:37:45 AM Number of metacells: 54727
12/10/2020 02:37:45 AM skip 54727, exceeding max num_metacell_limit...
12/10/2020 02:37:45 AM cluster_r10000.0
12/10/2020 02:37:45 AM Number of metacells: 55228
12/10/2020 02:37:45 AM skip 55228, exceeding max num_metacell_limit...
spearmanr chosen!
spearmanr chosen!
spearmanr chosen!
12/10/2020 02:37:51 AM 10x_cells_v3,snatac_gene,mop_10x_cells_v3_snatac_gene_ka30_knn30_201130,2,spearmanr,False,10000
12/10/2020 02:37:51 AM <class 'numpy.ndarray'>_(69727,)_cell_10x_cells_v3.txt
12/10/2020 02:37:51 AM <class 'numpy.ndarray'>_(135665,)_cell_snatac_gene.txt
12/10/2020 02:37:51 AM <class 'numpy.ndarray'>_(31053,)_gene_10x_cells_v3.txt
12/10/2020 02:37:51 AM <class 'pandas.core.frame.DataFrame'>_(233514, 3)_enh.tsv
12/10/2020 02:37:54 AM <class 'scipy.sparse.csc.csc_matrix'>_(31053, 69727)_mat_10x_cells_v3.npz
12/10/2020 02:37:54 AM <class 'scipy.sparse.csc.csc_matrix'>_(233514, 135665)_mat_snatac_gene.npz
12/10/2020 02:37:55 AM (55957, 41) (55957, 43956) (55957,) (43956,)
12/10/2020 02:38:05 AM (55957, 43956)_(55957, 41)_(31053, 55957)_(233514, 43956)
12/10/2020 02:38:05 AM cluster_r1.0
12/10/2020 02:38:05 AM skip /cndd2/fangming/projects/scf_enhancers/results/mop_10x_cells_v3_snatac_gene_ka30_knn30_201130_2_cluster_r1.0_spearmanr_corrs.pkl, already exists...
12/10/2020 02:38:05 AM cluster_r1.2589254117941673
12/10/2020 02:38:05 AM skip /cndd2/fangming/projects/scf_enhancers/results/mop_10x_cells_v3_snatac_gene_ka30_knn30_201130_2_cluster_r1.2589254117941673_spearmanr_corrs.pkl, already exists...
12/10/2020 02:38:05 AM cluster_r1.5848931924611136
12/10/2020 02:38:05 AM skip /cndd2/fangming/projects/scf_enhancers/results/mop_10x_cells_v3_snatac_gene_ka30_knn30_201130_2_cluster_r1.5848931924611136_spearmanr_corrs.pkl, already exists...
12/10/2020 02:38:05 AM cluster_r1.9952623149688797
12/10/2020 02:38:05 AM skip /cndd2/fangming/projects/scf_enhancers/results/mop_10x_cells_v3_snatac_gene_ka30_knn30_201130_2_cluster_r1.9952623149688797_spearmanr_corrs.pkl, already exists...
12/10/2020 02:38:05 AM cluster_r2.51188643150958
12/10/2020 02:38:05 AM skip /cndd2/fangming/projects/scf_enhancers/results/mop_10x_cells_v3_snatac_gene_ka30_knn30_201130_2_cluster_r2.51188643150958_spearmanr_corrs.pkl, already exists...
12/10/2020 02:38:05 AM cluster_r3.1622776601683795
12/10/2020 02:38:05 AM skip /cndd2/fangming/projects/scf_enhancers/results/mop_10x_cells_v3_snatac_gene_ka30_knn30_201130_2_cluster_r3.1622776601683795_spearmanr_corrs.pkl, already exists...
12/10/2020 02:38:05 AM cluster_r3.981071705534973
12/10/2020 02:38:05 AM skip /cndd2/fangming/projects/scf_enhancers/results/mop_10x_cells_v3_snatac_gene_ka30_knn30_201130_2_cluster_r3.981071705534973_spearmanr_corrs.pkl, already exists...
12/10/2020 02:38:05 AM cluster_r5.011872336272724
12/10/2020 02:38:05 AM skip /cndd2/fangming/projects/scf_enhancers/results/mop_10x_cells_v3_snatac_gene_ka30_knn30_201130_2_cluster_r5.011872336272724_spearmanr_corrs.pkl, already exists...
12/10/2020 02:38:05 AM cluster_r6.309573444801933
12/10/2020 02:38:05 AM skip /cndd2/fangming/projects/scf_enhancers/results/mop_10x_cells_v3_snatac_gene_ka30_knn30_201130_2_cluster_r6.309573444801933_spearmanr_corrs.pkl, already exists...
12/10/2020 02:38:05 AM cluster_r7.943282347242816
12/10/2020 02:38:05 AM skip /cndd2/fangming/projects/scf_enhancers/results/mop_10x_cells_v3_snatac_gene_ka30_knn30_201130_2_cluster_r7.943282347242816_spearmanr_corrs.pkl, already exists...
12/10/2020 02:38:05 AM cluster_r10.0
12/10/2020 02:38:05 AM skip /cndd2/fangming/projects/scf_enhancers/results/mop_10x_cells_v3_snatac_gene_ka30_knn30_201130_2_cluster_r10.0_spearmanr_corrs.pkl, already exists...
12/10/2020 02:38:05 AM cluster_r12.589254117941675
12/10/2020 02:38:05 AM skip /cndd2/fangming/projects/scf_enhancers/results/mop_10x_cells_v3_snatac_gene_ka30_knn30_201130_2_cluster_r12.589254117941675_spearmanr_corrs.pkl, already exists...
12/10/2020 02:38:05 AM cluster_r15.848931924611142
12/10/2020 02:38:05 AM skip /cndd2/fangming/projects/scf_enhancers/results/mop_10x_cells_v3_snatac_gene_ka30_knn30_201130_2_cluster_r15.848931924611142_spearmanr_corrs.pkl, already exists...
12/10/2020 02:38:05 AM cluster_r19.952623149688797
12/10/2020 02:38:05 AM skip /cndd2/fangming/projects/scf_enhancers/results/mop_10x_cells_v3_snatac_gene_ka30_knn30_201130_2_cluster_r19.952623149688797_spearmanr_corrs.pkl, already exists...
12/10/2020 02:38:05 AM cluster_r25.11886431509581
12/10/2020 02:38:05 AM skip /cndd2/fangming/projects/scf_enhancers/results/mop_10x_cells_v3_snatac_gene_ka30_knn30_201130_2_cluster_r25.11886431509581_spearmanr_corrs.pkl, already exists...
12/10/2020 02:38:05 AM cluster_r31.622776601683793
12/10/2020 02:38:05 AM skip /cndd2/fangming/projects/scf_enhancers/results/mop_10x_cells_v3_snatac_gene_ka30_knn30_201130_2_cluster_r31.622776601683793_spearmanr_corrs.pkl, already exists...
12/10/2020 02:38:05 AM cluster_r39.810717055349734
12/10/2020 02:38:05 AM skip /cndd2/fangming/projects/scf_enhancers/results/mop_10x_cells_v3_snatac_gene_ka30_knn30_201130_2_cluster_r39.810717055349734_spearmanr_corrs.pkl, already exists...
12/10/2020 02:38:05 AM cluster_r50.11872336272725
12/10/2020 02:38:05 AM skip /cndd2/fangming/projects/scf_enhancers/results/mop_10x_cells_v3_snatac_gene_ka30_knn30_201130_2_cluster_r50.11872336272725_spearmanr_corrs.pkl, already exists...
12/10/2020 02:38:05 AM cluster_r63.09573444801933
12/10/2020 02:38:05 AM skip /cndd2/fangming/projects/scf_enhancers/results/mop_10x_cells_v3_snatac_gene_ka30_knn30_201130_2_cluster_r63.09573444801933_spearmanr_corrs.pkl, already exists...
12/10/2020 02:38:05 AM cluster_r79.43282347242817
12/10/2020 02:38:05 AM skip /cndd2/fangming/projects/scf_enhancers/results/mop_10x_cells_v3_snatac_gene_ka30_knn30_201130_2_cluster_r79.43282347242817_spearmanr_corrs.pkl, already exists...
12/10/2020 02:38:05 AM cluster_r100.0
12/10/2020 02:38:05 AM skip /cndd2/fangming/projects/scf_enhancers/results/mop_10x_cells_v3_snatac_gene_ka30_knn30_201130_2_cluster_r100.0_spearmanr_corrs.pkl, already exists...
12/10/2020 02:38:05 AM cluster_r125.89254117941675
12/10/2020 02:38:05 AM skip /cndd2/fangming/projects/scf_enhancers/results/mop_10x_cells_v3_snatac_gene_ka30_knn30_201130_2_cluster_r125.89254117941675_spearmanr_corrs.pkl, already exists...
12/10/2020 02:38:05 AM cluster_r158.48931924611142
12/10/2020 02:38:05 AM skip /cndd2/fangming/projects/scf_enhancers/results/mop_10x_cells_v3_snatac_gene_ka30_knn30_201130_2_cluster_r158.48931924611142_spearmanr_corrs.pkl, already exists...
12/10/2020 02:38:05 AM cluster_r199.52623149688807
12/10/2020 02:38:05 AM skip /cndd2/fangming/projects/scf_enhancers/results/mop_10x_cells_v3_snatac_gene_ka30_knn30_201130_2_cluster_r199.52623149688807_spearmanr_corrs.pkl, already exists...
12/10/2020 02:38:05 AM cluster_r251.18864315095823
12/10/2020 02:38:05 AM skip /cndd2/fangming/projects/scf_enhancers/results/mop_10x_cells_v3_snatac_gene_ka30_knn30_201130_2_cluster_r251.18864315095823_spearmanr_corrs.pkl, already exists...
12/10/2020 02:38:05 AM cluster_r316.22776601683796
12/10/2020 02:38:05 AM skip /cndd2/fangming/projects/scf_enhancers/results/mop_10x_cells_v3_snatac_gene_ka30_knn30_201130_2_cluster_r316.22776601683796_spearmanr_corrs.pkl, already exists...
12/10/2020 02:38:05 AM cluster_r398.1071705534973
12/10/2020 02:38:05 AM skip /cndd2/fangming/projects/scf_enhancers/results/mop_10x_cells_v3_snatac_gene_ka30_knn30_201130_2_cluster_r398.1071705534973_spearmanr_corrs.pkl, already exists...
12/10/2020 02:38:05 AM cluster_r501.18723362727246
12/10/2020 02:38:05 AM Number of metacells: 5013
12/10/2020 02:39:01 AM (31053, 5013) (233514, 5013)
/cndd2/fangming/venvs/routine/lib/python3.8/site-packages/scipy/stats/stats.py:2500: RuntimeWarning: invalid value encountered in true_divide
  return (a - mns) / sstd
12/10/2020 02:52:07 AM cluster_r630.9573444801937
12/10/2020 02:52:07 AM Number of metacells: 6556
12/10/2020 02:53:14 AM (31053, 6556) (233514, 6556)
/cndd2/fangming/venvs/routine/lib/python3.8/site-packages/scipy/stats/stats.py:2500: RuntimeWarning: invalid value encountered in true_divide
  return (a - mns) / sstd
12/10/2020 03:10:42 AM cluster_r794.3282347242822
12/10/2020 03:10:42 AM Number of metacells: 8808
12/10/2020 03:11:58 AM (31053, 8808) (233514, 8808)
/cndd2/fangming/venvs/routine/lib/python3.8/site-packages/scipy/stats/stats.py:2500: RuntimeWarning: invalid value encountered in true_divide
  return (a - mns) / sstd
12/10/2020 03:36:09 AM cluster_r1000.0
12/10/2020 03:36:09 AM Number of metacells: 12311
12/10/2020 03:36:09 AM skip 12311, exceeding max num_metacell_limit...
12/10/2020 03:36:09 AM cluster_r1258.9254117941675
12/10/2020 03:36:09 AM Number of metacells: 17764
12/10/2020 03:36:09 AM skip 17764, exceeding max num_metacell_limit...
12/10/2020 03:36:09 AM cluster_r1584.893192461114
12/10/2020 03:36:09 AM Number of metacells: 24965
12/10/2020 03:36:09 AM skip 24965, exceeding max num_metacell_limit...
12/10/2020 03:36:09 AM cluster_r1995.262314968881
12/10/2020 03:36:09 AM Number of metacells: 32862
12/10/2020 03:36:09 AM skip 32862, exceeding max num_metacell_limit...
12/10/2020 03:36:09 AM cluster_r2511.886431509582
12/10/2020 03:36:09 AM Number of metacells: 40330
12/10/2020 03:36:09 AM skip 40330, exceeding max num_metacell_limit...
12/10/2020 03:36:09 AM cluster_r3162.2776601683795
12/10/2020 03:36:09 AM Number of metacells: 45930
12/10/2020 03:36:09 AM skip 45930, exceeding max num_metacell_limit...
12/10/2020 03:36:09 AM cluster_r3981.0717055349733
12/10/2020 03:36:09 AM Number of metacells: 49877
12/10/2020 03:36:09 AM skip 49877, exceeding max num_metacell_limit...
12/10/2020 03:36:09 AM cluster_r5011.872336272725
12/10/2020 03:36:09 AM Number of metacells: 52577
12/10/2020 03:36:09 AM skip 52577, exceeding max num_metacell_limit...
12/10/2020 03:36:09 AM cluster_r6309.573444801937
12/10/2020 03:36:09 AM Number of metacells: 54247
12/10/2020 03:36:09 AM skip 54247, exceeding max num_metacell_limit...
12/10/2020 03:36:09 AM cluster_r7943.282347242822
12/10/2020 03:36:09 AM Number of metacells: 54965
12/10/2020 03:36:09 AM skip 54965, exceeding max num_metacell_limit...
12/10/2020 03:36:09 AM cluster_r10000.0
12/10/2020 03:36:09 AM Number of metacells: 55481
12/10/2020 03:36:09 AM skip 55481, exceeding max num_metacell_limit...
spearmanr chosen!
spearmanr chosen!
spearmanr chosen!
12/10/2020 03:36:15 AM 10x_cells_v3,snatac_gene,mop_10x_cells_v3_snatac_gene_ka30_knn30_201130,3,spearmanr,False,10000
12/10/2020 03:36:15 AM <class 'numpy.ndarray'>_(69727,)_cell_10x_cells_v3.txt
12/10/2020 03:36:15 AM <class 'numpy.ndarray'>_(135665,)_cell_snatac_gene.txt
12/10/2020 03:36:15 AM <class 'numpy.ndarray'>_(31053,)_gene_10x_cells_v3.txt
12/10/2020 03:36:15 AM <class 'pandas.core.frame.DataFrame'>_(233514, 3)_enh.tsv
12/10/2020 03:36:18 AM <class 'scipy.sparse.csc.csc_matrix'>_(31053, 69727)_mat_10x_cells_v3.npz
12/10/2020 03:36:18 AM <class 'scipy.sparse.csc.csc_matrix'>_(233514, 135665)_mat_snatac_gene.npz
12/10/2020 03:36:19 AM (55935, 41) (55935, 43956) (55935,) (43956,)
12/10/2020 03:36:28 AM (55935, 43956)_(55935, 41)_(31053, 55935)_(233514, 43956)
12/10/2020 03:36:28 AM cluster_r1.0
12/10/2020 03:36:28 AM skip /cndd2/fangming/projects/scf_enhancers/results/mop_10x_cells_v3_snatac_gene_ka30_knn30_201130_3_cluster_r1.0_spearmanr_corrs.pkl, already exists...
12/10/2020 03:36:28 AM cluster_r1.2589254117941673
12/10/2020 03:36:28 AM skip /cndd2/fangming/projects/scf_enhancers/results/mop_10x_cells_v3_snatac_gene_ka30_knn30_201130_3_cluster_r1.2589254117941673_spearmanr_corrs.pkl, already exists...
12/10/2020 03:36:28 AM cluster_r1.5848931924611136
12/10/2020 03:36:28 AM skip /cndd2/fangming/projects/scf_enhancers/results/mop_10x_cells_v3_snatac_gene_ka30_knn30_201130_3_cluster_r1.5848931924611136_spearmanr_corrs.pkl, already exists...
12/10/2020 03:36:28 AM cluster_r1.9952623149688797
12/10/2020 03:36:28 AM skip /cndd2/fangming/projects/scf_enhancers/results/mop_10x_cells_v3_snatac_gene_ka30_knn30_201130_3_cluster_r1.9952623149688797_spearmanr_corrs.pkl, already exists...
12/10/2020 03:36:28 AM cluster_r2.51188643150958
12/10/2020 03:36:28 AM skip /cndd2/fangming/projects/scf_enhancers/results/mop_10x_cells_v3_snatac_gene_ka30_knn30_201130_3_cluster_r2.51188643150958_spearmanr_corrs.pkl, already exists...
12/10/2020 03:36:28 AM cluster_r3.1622776601683795
12/10/2020 03:36:28 AM skip /cndd2/fangming/projects/scf_enhancers/results/mop_10x_cells_v3_snatac_gene_ka30_knn30_201130_3_cluster_r3.1622776601683795_spearmanr_corrs.pkl, already exists...
12/10/2020 03:36:28 AM cluster_r3.981071705534973
12/10/2020 03:36:28 AM skip /cndd2/fangming/projects/scf_enhancers/results/mop_10x_cells_v3_snatac_gene_ka30_knn30_201130_3_cluster_r3.981071705534973_spearmanr_corrs.pkl, already exists...
12/10/2020 03:36:28 AM cluster_r5.011872336272724
12/10/2020 03:36:28 AM skip /cndd2/fangming/projects/scf_enhancers/results/mop_10x_cells_v3_snatac_gene_ka30_knn30_201130_3_cluster_r5.011872336272724_spearmanr_corrs.pkl, already exists...
12/10/2020 03:36:28 AM cluster_r6.309573444801933
12/10/2020 03:36:28 AM skip /cndd2/fangming/projects/scf_enhancers/results/mop_10x_cells_v3_snatac_gene_ka30_knn30_201130_3_cluster_r6.309573444801933_spearmanr_corrs.pkl, already exists...
12/10/2020 03:36:28 AM cluster_r7.943282347242816
12/10/2020 03:36:28 AM skip /cndd2/fangming/projects/scf_enhancers/results/mop_10x_cells_v3_snatac_gene_ka30_knn30_201130_3_cluster_r7.943282347242816_spearmanr_corrs.pkl, already exists...
12/10/2020 03:36:28 AM cluster_r10.0
12/10/2020 03:36:28 AM skip /cndd2/fangming/projects/scf_enhancers/results/mop_10x_cells_v3_snatac_gene_ka30_knn30_201130_3_cluster_r10.0_spearmanr_corrs.pkl, already exists...
12/10/2020 03:36:28 AM cluster_r12.589254117941675
12/10/2020 03:36:28 AM skip /cndd2/fangming/projects/scf_enhancers/results/mop_10x_cells_v3_snatac_gene_ka30_knn30_201130_3_cluster_r12.589254117941675_spearmanr_corrs.pkl, already exists...
12/10/2020 03:36:28 AM cluster_r15.848931924611142
12/10/2020 03:36:28 AM skip /cndd2/fangming/projects/scf_enhancers/results/mop_10x_cells_v3_snatac_gene_ka30_knn30_201130_3_cluster_r15.848931924611142_spearmanr_corrs.pkl, already exists...
12/10/2020 03:36:28 AM cluster_r19.952623149688797
12/10/2020 03:36:28 AM skip /cndd2/fangming/projects/scf_enhancers/results/mop_10x_cells_v3_snatac_gene_ka30_knn30_201130_3_cluster_r19.952623149688797_spearmanr_corrs.pkl, already exists...
12/10/2020 03:36:28 AM cluster_r25.11886431509581
12/10/2020 03:36:28 AM skip /cndd2/fangming/projects/scf_enhancers/results/mop_10x_cells_v3_snatac_gene_ka30_knn30_201130_3_cluster_r25.11886431509581_spearmanr_corrs.pkl, already exists...
12/10/2020 03:36:28 AM cluster_r31.622776601683793
12/10/2020 03:36:28 AM skip /cndd2/fangming/projects/scf_enhancers/results/mop_10x_cells_v3_snatac_gene_ka30_knn30_201130_3_cluster_r31.622776601683793_spearmanr_corrs.pkl, already exists...
12/10/2020 03:36:28 AM cluster_r39.810717055349734
12/10/2020 03:36:28 AM skip /cndd2/fangming/projects/scf_enhancers/results/mop_10x_cells_v3_snatac_gene_ka30_knn30_201130_3_cluster_r39.810717055349734_spearmanr_corrs.pkl, already exists...
12/10/2020 03:36:28 AM cluster_r50.11872336272725
12/10/2020 03:36:28 AM skip /cndd2/fangming/projects/scf_enhancers/results/mop_10x_cells_v3_snatac_gene_ka30_knn30_201130_3_cluster_r50.11872336272725_spearmanr_corrs.pkl, already exists...
12/10/2020 03:36:28 AM cluster_r63.09573444801933
12/10/2020 03:36:28 AM skip /cndd2/fangming/projects/scf_enhancers/results/mop_10x_cells_v3_snatac_gene_ka30_knn30_201130_3_cluster_r63.09573444801933_spearmanr_corrs.pkl, already exists...
12/10/2020 03:36:28 AM cluster_r79.43282347242817
12/10/2020 03:36:28 AM skip /cndd2/fangming/projects/scf_enhancers/results/mop_10x_cells_v3_snatac_gene_ka30_knn30_201130_3_cluster_r79.43282347242817_spearmanr_corrs.pkl, already exists...
12/10/2020 03:36:28 AM cluster_r100.0
12/10/2020 03:36:28 AM skip /cndd2/fangming/projects/scf_enhancers/results/mop_10x_cells_v3_snatac_gene_ka30_knn30_201130_3_cluster_r100.0_spearmanr_corrs.pkl, already exists...
12/10/2020 03:36:28 AM cluster_r125.89254117941675
12/10/2020 03:36:28 AM skip /cndd2/fangming/projects/scf_enhancers/results/mop_10x_cells_v3_snatac_gene_ka30_knn30_201130_3_cluster_r125.89254117941675_spearmanr_corrs.pkl, already exists...
12/10/2020 03:36:28 AM cluster_r158.48931924611142
12/10/2020 03:36:28 AM skip /cndd2/fangming/projects/scf_enhancers/results/mop_10x_cells_v3_snatac_gene_ka30_knn30_201130_3_cluster_r158.48931924611142_spearmanr_corrs.pkl, already exists...
12/10/2020 03:36:28 AM cluster_r199.52623149688807
12/10/2020 03:36:28 AM skip /cndd2/fangming/projects/scf_enhancers/results/mop_10x_cells_v3_snatac_gene_ka30_knn30_201130_3_cluster_r199.52623149688807_spearmanr_corrs.pkl, already exists...
12/10/2020 03:36:28 AM cluster_r251.18864315095823
12/10/2020 03:36:28 AM skip /cndd2/fangming/projects/scf_enhancers/results/mop_10x_cells_v3_snatac_gene_ka30_knn30_201130_3_cluster_r251.18864315095823_spearmanr_corrs.pkl, already exists...
12/10/2020 03:36:28 AM cluster_r316.22776601683796
12/10/2020 03:36:28 AM skip /cndd2/fangming/projects/scf_enhancers/results/mop_10x_cells_v3_snatac_gene_ka30_knn30_201130_3_cluster_r316.22776601683796_spearmanr_corrs.pkl, already exists...
12/10/2020 03:36:28 AM cluster_r398.1071705534973
12/10/2020 03:36:28 AM skip /cndd2/fangming/projects/scf_enhancers/results/mop_10x_cells_v3_snatac_gene_ka30_knn30_201130_3_cluster_r398.1071705534973_spearmanr_corrs.pkl, already exists...
12/10/2020 03:36:28 AM cluster_r501.18723362727246
12/10/2020 03:36:28 AM Number of metacells: 4968
12/10/2020 03:37:23 AM (31053, 4968) (233514, 4968)
/cndd2/fangming/venvs/routine/lib/python3.8/site-packages/scipy/stats/stats.py:2500: RuntimeWarning: invalid value encountered in true_divide
  return (a - mns) / sstd
12/10/2020 03:50:19 AM cluster_r630.9573444801937
12/10/2020 03:50:19 AM Number of metacells: 6543
12/10/2020 03:51:26 AM (31053, 6543) (233514, 6543)
/cndd2/fangming/venvs/routine/lib/python3.8/site-packages/scipy/stats/stats.py:2500: RuntimeWarning: invalid value encountered in true_divide
  return (a - mns) / sstd
12/10/2020 04:08:40 AM cluster_r794.3282347242822
12/10/2020 04:08:40 AM Number of metacells: 8776
12/10/2020 04:09:56 AM (31053, 8776) (233514, 8776)
/cndd2/fangming/venvs/routine/lib/python3.8/site-packages/scipy/stats/stats.py:2500: RuntimeWarning: invalid value encountered in true_divide
  return (a - mns) / sstd
12/10/2020 04:33:54 AM cluster_r1000.0
12/10/2020 04:33:54 AM Number of metacells: 12292
12/10/2020 04:33:54 AM skip 12292, exceeding max num_metacell_limit...
12/10/2020 04:33:54 AM cluster_r1258.9254117941675
12/10/2020 04:33:54 AM Number of metacells: 17728
12/10/2020 04:33:54 AM skip 17728, exceeding max num_metacell_limit...
12/10/2020 04:33:54 AM cluster_r1584.893192461114
12/10/2020 04:33:54 AM Number of metacells: 24977
12/10/2020 04:33:54 AM skip 24977, exceeding max num_metacell_limit...
12/10/2020 04:33:54 AM cluster_r1995.262314968881
12/10/2020 04:33:54 AM Number of metacells: 32854
12/10/2020 04:33:54 AM skip 32854, exceeding max num_metacell_limit...
12/10/2020 04:33:54 AM cluster_r2511.886431509582
12/10/2020 04:33:54 AM Number of metacells: 40236
12/10/2020 04:33:54 AM skip 40236, exceeding max num_metacell_limit...
12/10/2020 04:33:54 AM cluster_r3162.2776601683795
12/10/2020 04:33:54 AM Number of metacells: 45928
12/10/2020 04:33:54 AM skip 45928, exceeding max num_metacell_limit...
12/10/2020 04:33:54 AM cluster_r3981.0717055349733
12/10/2020 04:33:54 AM Number of metacells: 49755
12/10/2020 04:33:54 AM skip 49755, exceeding max num_metacell_limit...
12/10/2020 04:33:54 AM cluster_r5011.872336272725
12/10/2020 04:33:54 AM Number of metacells: 52530
12/10/2020 04:33:54 AM skip 52530, exceeding max num_metacell_limit...
12/10/2020 04:33:54 AM cluster_r6309.573444801937
12/10/2020 04:33:54 AM Number of metacells: 54228
12/10/2020 04:33:54 AM skip 54228, exceeding max num_metacell_limit...
12/10/2020 04:33:54 AM cluster_r7943.282347242822
12/10/2020 04:33:54 AM Number of metacells: 54951
12/10/2020 04:33:54 AM skip 54951, exceeding max num_metacell_limit...
12/10/2020 04:33:54 AM cluster_r10000.0
12/10/2020 04:33:54 AM Number of metacells: 55458
12/10/2020 04:33:54 AM skip 55458, exceeding max num_metacell_limit...
spearmanr chosen!
spearmanr chosen!
spearmanr chosen!
12/10/2020 04:34:00 AM 10x_cells_v3,snatac_gene,mop_10x_cells_v3_snatac_gene_ka30_knn30_201130,4,spearmanr,False,10000
12/10/2020 04:34:00 AM <class 'numpy.ndarray'>_(69727,)_cell_10x_cells_v3.txt
12/10/2020 04:34:00 AM <class 'numpy.ndarray'>_(135665,)_cell_snatac_gene.txt
12/10/2020 04:34:00 AM <class 'numpy.ndarray'>_(31053,)_gene_10x_cells_v3.txt
12/10/2020 04:34:00 AM <class 'pandas.core.frame.DataFrame'>_(233514, 3)_enh.tsv
12/10/2020 04:34:03 AM <class 'scipy.sparse.csc.csc_matrix'>_(31053, 69727)_mat_10x_cells_v3.npz
12/10/2020 04:34:03 AM <class 'scipy.sparse.csc.csc_matrix'>_(233514, 135665)_mat_snatac_gene.npz
12/10/2020 04:34:04 AM (55542, 41) (55542, 43899) (55542,) (43899,)
12/10/2020 04:34:15 AM (55542, 43899)_(55542, 41)_(31053, 55542)_(233514, 43899)
12/10/2020 04:34:15 AM cluster_r1.0
12/10/2020 04:34:15 AM skip /cndd2/fangming/projects/scf_enhancers/results/mop_10x_cells_v3_snatac_gene_ka30_knn30_201130_4_cluster_r1.0_spearmanr_corrs.pkl, already exists...
12/10/2020 04:34:15 AM cluster_r1.2589254117941673
12/10/2020 04:34:15 AM skip /cndd2/fangming/projects/scf_enhancers/results/mop_10x_cells_v3_snatac_gene_ka30_knn30_201130_4_cluster_r1.2589254117941673_spearmanr_corrs.pkl, already exists...
12/10/2020 04:34:15 AM cluster_r1.5848931924611136
12/10/2020 04:34:15 AM skip /cndd2/fangming/projects/scf_enhancers/results/mop_10x_cells_v3_snatac_gene_ka30_knn30_201130_4_cluster_r1.5848931924611136_spearmanr_corrs.pkl, already exists...
12/10/2020 04:34:15 AM cluster_r1.9952623149688797
12/10/2020 04:34:15 AM skip /cndd2/fangming/projects/scf_enhancers/results/mop_10x_cells_v3_snatac_gene_ka30_knn30_201130_4_cluster_r1.9952623149688797_spearmanr_corrs.pkl, already exists...
12/10/2020 04:34:15 AM cluster_r2.51188643150958
12/10/2020 04:34:15 AM skip /cndd2/fangming/projects/scf_enhancers/results/mop_10x_cells_v3_snatac_gene_ka30_knn30_201130_4_cluster_r2.51188643150958_spearmanr_corrs.pkl, already exists...
12/10/2020 04:34:15 AM cluster_r3.1622776601683795
12/10/2020 04:34:15 AM skip /cndd2/fangming/projects/scf_enhancers/results/mop_10x_cells_v3_snatac_gene_ka30_knn30_201130_4_cluster_r3.1622776601683795_spearmanr_corrs.pkl, already exists...
12/10/2020 04:34:15 AM cluster_r3.981071705534973
12/10/2020 04:34:15 AM skip /cndd2/fangming/projects/scf_enhancers/results/mop_10x_cells_v3_snatac_gene_ka30_knn30_201130_4_cluster_r3.981071705534973_spearmanr_corrs.pkl, already exists...
12/10/2020 04:34:15 AM cluster_r5.011872336272724
12/10/2020 04:34:15 AM skip /cndd2/fangming/projects/scf_enhancers/results/mop_10x_cells_v3_snatac_gene_ka30_knn30_201130_4_cluster_r5.011872336272724_spearmanr_corrs.pkl, already exists...
12/10/2020 04:34:15 AM cluster_r6.309573444801933
12/10/2020 04:34:15 AM skip /cndd2/fangming/projects/scf_enhancers/results/mop_10x_cells_v3_snatac_gene_ka30_knn30_201130_4_cluster_r6.309573444801933_spearmanr_corrs.pkl, already exists...
12/10/2020 04:34:15 AM cluster_r7.943282347242816
12/10/2020 04:34:15 AM skip /cndd2/fangming/projects/scf_enhancers/results/mop_10x_cells_v3_snatac_gene_ka30_knn30_201130_4_cluster_r7.943282347242816_spearmanr_corrs.pkl, already exists...
12/10/2020 04:34:15 AM cluster_r10.0
12/10/2020 04:34:15 AM skip /cndd2/fangming/projects/scf_enhancers/results/mop_10x_cells_v3_snatac_gene_ka30_knn30_201130_4_cluster_r10.0_spearmanr_corrs.pkl, already exists...
12/10/2020 04:34:15 AM cluster_r12.589254117941675
12/10/2020 04:34:15 AM skip /cndd2/fangming/projects/scf_enhancers/results/mop_10x_cells_v3_snatac_gene_ka30_knn30_201130_4_cluster_r12.589254117941675_spearmanr_corrs.pkl, already exists...
12/10/2020 04:34:15 AM cluster_r15.848931924611142
12/10/2020 04:34:15 AM skip /cndd2/fangming/projects/scf_enhancers/results/mop_10x_cells_v3_snatac_gene_ka30_knn30_201130_4_cluster_r15.848931924611142_spearmanr_corrs.pkl, already exists...
12/10/2020 04:34:15 AM cluster_r19.952623149688797
12/10/2020 04:34:15 AM skip /cndd2/fangming/projects/scf_enhancers/results/mop_10x_cells_v3_snatac_gene_ka30_knn30_201130_4_cluster_r19.952623149688797_spearmanr_corrs.pkl, already exists...
12/10/2020 04:34:15 AM cluster_r25.11886431509581
12/10/2020 04:34:15 AM skip /cndd2/fangming/projects/scf_enhancers/results/mop_10x_cells_v3_snatac_gene_ka30_knn30_201130_4_cluster_r25.11886431509581_spearmanr_corrs.pkl, already exists...
12/10/2020 04:34:15 AM cluster_r31.622776601683793
12/10/2020 04:34:15 AM skip /cndd2/fangming/projects/scf_enhancers/results/mop_10x_cells_v3_snatac_gene_ka30_knn30_201130_4_cluster_r31.622776601683793_spearmanr_corrs.pkl, already exists...
12/10/2020 04:34:15 AM cluster_r39.810717055349734
12/10/2020 04:34:15 AM skip /cndd2/fangming/projects/scf_enhancers/results/mop_10x_cells_v3_snatac_gene_ka30_knn30_201130_4_cluster_r39.810717055349734_spearmanr_corrs.pkl, already exists...
12/10/2020 04:34:15 AM cluster_r50.11872336272725
12/10/2020 04:34:15 AM skip /cndd2/fangming/projects/scf_enhancers/results/mop_10x_cells_v3_snatac_gene_ka30_knn30_201130_4_cluster_r50.11872336272725_spearmanr_corrs.pkl, already exists...
12/10/2020 04:34:15 AM cluster_r63.09573444801933
12/10/2020 04:34:15 AM skip /cndd2/fangming/projects/scf_enhancers/results/mop_10x_cells_v3_snatac_gene_ka30_knn30_201130_4_cluster_r63.09573444801933_spearmanr_corrs.pkl, already exists...
12/10/2020 04:34:15 AM cluster_r79.43282347242817
12/10/2020 04:34:15 AM skip /cndd2/fangming/projects/scf_enhancers/results/mop_10x_cells_v3_snatac_gene_ka30_knn30_201130_4_cluster_r79.43282347242817_spearmanr_corrs.pkl, already exists...
12/10/2020 04:34:15 AM cluster_r100.0
12/10/2020 04:34:15 AM skip /cndd2/fangming/projects/scf_enhancers/results/mop_10x_cells_v3_snatac_gene_ka30_knn30_201130_4_cluster_r100.0_spearmanr_corrs.pkl, already exists...
12/10/2020 04:34:15 AM cluster_r125.89254117941675
12/10/2020 04:34:15 AM skip /cndd2/fangming/projects/scf_enhancers/results/mop_10x_cells_v3_snatac_gene_ka30_knn30_201130_4_cluster_r125.89254117941675_spearmanr_corrs.pkl, already exists...
12/10/2020 04:34:15 AM cluster_r158.48931924611142
12/10/2020 04:34:15 AM skip /cndd2/fangming/projects/scf_enhancers/results/mop_10x_cells_v3_snatac_gene_ka30_knn30_201130_4_cluster_r158.48931924611142_spearmanr_corrs.pkl, already exists...
12/10/2020 04:34:15 AM cluster_r199.52623149688807
12/10/2020 04:34:15 AM skip /cndd2/fangming/projects/scf_enhancers/results/mop_10x_cells_v3_snatac_gene_ka30_knn30_201130_4_cluster_r199.52623149688807_spearmanr_corrs.pkl, already exists...
12/10/2020 04:34:15 AM cluster_r251.18864315095823
12/10/2020 04:34:15 AM skip /cndd2/fangming/projects/scf_enhancers/results/mop_10x_cells_v3_snatac_gene_ka30_knn30_201130_4_cluster_r251.18864315095823_spearmanr_corrs.pkl, already exists...
12/10/2020 04:34:15 AM cluster_r316.22776601683796
12/10/2020 04:34:15 AM skip /cndd2/fangming/projects/scf_enhancers/results/mop_10x_cells_v3_snatac_gene_ka30_knn30_201130_4_cluster_r316.22776601683796_spearmanr_corrs.pkl, already exists...
12/10/2020 04:34:15 AM cluster_r398.1071705534973
12/10/2020 04:34:15 AM skip /cndd2/fangming/projects/scf_enhancers/results/mop_10x_cells_v3_snatac_gene_ka30_knn30_201130_4_cluster_r398.1071705534973_spearmanr_corrs.pkl, already exists...
12/10/2020 04:34:15 AM cluster_r501.18723362727246
12/10/2020 04:34:15 AM Number of metacells: 4996
12/10/2020 04:35:10 AM (31053, 4996) (233514, 4996)
/cndd2/fangming/venvs/routine/lib/python3.8/site-packages/scipy/stats/stats.py:2500: RuntimeWarning: invalid value encountered in true_divide
  return (a - mns) / sstd
12/10/2020 04:48:06 AM cluster_r630.9573444801937
12/10/2020 04:48:06 AM Number of metacells: 6546
12/10/2020 04:49:12 AM (31053, 6546) (233514, 6546)
/cndd2/fangming/venvs/routine/lib/python3.8/site-packages/scipy/stats/stats.py:2500: RuntimeWarning: invalid value encountered in true_divide
  return (a - mns) / sstd
12/10/2020 05:06:54 AM cluster_r794.3282347242822
12/10/2020 05:06:54 AM Number of metacells: 8833
12/10/2020 05:08:08 AM (31053, 8833) (233514, 8833)
/cndd2/fangming/venvs/routine/lib/python3.8/site-packages/scipy/stats/stats.py:2500: RuntimeWarning: invalid value encountered in true_divide
  return (a - mns) / sstd
12/10/2020 05:32:31 AM cluster_r1000.0
12/10/2020 05:32:31 AM Number of metacells: 12335
12/10/2020 05:32:31 AM skip 12335, exceeding max num_metacell_limit...
12/10/2020 05:32:31 AM cluster_r1258.9254117941675
12/10/2020 05:32:31 AM Number of metacells: 17749
12/10/2020 05:32:31 AM skip 17749, exceeding max num_metacell_limit...
12/10/2020 05:32:31 AM cluster_r1584.893192461114
12/10/2020 05:32:31 AM Number of metacells: 24959
12/10/2020 05:32:31 AM skip 24959, exceeding max num_metacell_limit...
12/10/2020 05:32:31 AM cluster_r1995.262314968881
12/10/2020 05:32:31 AM Number of metacells: 32971
12/10/2020 05:32:31 AM skip 32971, exceeding max num_metacell_limit...
12/10/2020 05:32:31 AM cluster_r2511.886431509582
12/10/2020 05:32:31 AM Number of metacells: 40095
12/10/2020 05:32:31 AM skip 40095, exceeding max num_metacell_limit...
12/10/2020 05:32:31 AM cluster_r3162.2776601683795
12/10/2020 05:32:31 AM Number of metacells: 45616
12/10/2020 05:32:31 AM skip 45616, exceeding max num_metacell_limit...
12/10/2020 05:32:31 AM cluster_r3981.0717055349733
12/10/2020 05:32:31 AM Number of metacells: 49901
12/10/2020 05:32:31 AM skip 49901, exceeding max num_metacell_limit...
12/10/2020 05:32:31 AM cluster_r5011.872336272725
12/10/2020 05:32:31 AM Number of metacells: 52172
12/10/2020 05:32:31 AM skip 52172, exceeding max num_metacell_limit...
12/10/2020 05:32:31 AM cluster_r6309.573444801937
12/10/2020 05:32:31 AM Number of metacells: 53865
12/10/2020 05:32:31 AM skip 53865, exceeding max num_metacell_limit...
12/10/2020 05:32:31 AM cluster_r7943.282347242822
12/10/2020 05:32:31 AM Number of metacells: 54735
12/10/2020 05:32:31 AM skip 54735, exceeding max num_metacell_limit...
12/10/2020 05:32:31 AM cluster_r10000.0
12/10/2020 05:32:31 AM Number of metacells: 55033
12/10/2020 05:32:31 AM skip 55033, exceeding max num_metacell_limit...
spearmanr chosen!
spearmanr chosen!
spearmanr chosen!
11531.18user 5953.29system 4:51:53elapsed 99%CPU (0avgtext+0avgdata 115607380maxresident)k
9403696inputs+1722496outputs (0major+5011607094minor)pagefaults 0swaps
