nohup: ignoring input
10x_cells_v3, snmcseq_gene, 30, 30
01/01/2021 11:53:25 AM ./configs config_mop_10x_cells_v3_snmcseq_gene_ka30_knn30_201228.py
01/01/2021 11:53:25 AM Adding ./configs to python path
01/01/2021 11:53:26 AM gene chrom lookup table: (51772,)
01/01/2021 11:53:26 AM * Begin integration
01/01/2021 11:53:26 AM Metadata snmcseq_gene (9366, 32)
01/01/2021 11:53:26 AM Metadata 10x_cells_v3 (69727, 8)
01/01/2021 11:53:45 AM Feature matrix snmcseq_gene (4754, 9366)
01/01/2021 11:53:52 AM Feature matrix 10x_cells_v3 (4694, 69727)
01/01/2021 11:53:52 AM Done reading data
01/01/2021 11:53:52 AM Subsampling 1/1
01/01/2021 11:53:52 AM Cluster chrom: ['chr7' 'chr16' 'chr15' 'chr11' 'chr12' 'chr19' 'chr6' 'chr1' 'chr13'
 'chr14'], feature chrom ['chr8' 'chr17' 'chr3' 'chr4' 'chr18' 'chr2' 'chrX' 'chr9' 'chr10' 'chr5']
01/01/2021 11:53:52 AM Finish split snmcseq_gene: (4754, 9366) -> (2281, 9366) (2311, 9366)
01/01/2021 11:53:53 AM Finish split 10x_cells_v3: (4694, 69727) -> (2213, 69727) (2441, 69727)
01/01/2021 11:53:53 AM Saved /cndd2/fangming/projects/miniatlas/results/chroms_mop_10x_cells_v3_snmcseq_gene_ka30_knn30_201228.txt.0.f0
01/01/2021 11:53:53 AM Smoothing within modalities...
01/01/2021 11:53:58 AM snmcseq_gene: 4.961830139160156
01/01/2021 11:54:34 AM 10x_cells_v3: 35.917442083358765
01/01/2021 11:54:34 AM Constructing a joint matrix...
01/01/2021 11:54:34 AM Imputing into snmcseq_gene space...
01/01/2021 11:54:34 AM for snmcseq_gene cells...
01/01/2021 11:54:34 AM for 10x_cells_v3 cells...
01/01/2021 11:54:36 AM Note: NumExpr detected 40 cores but "NUMEXPR_MAX_THREADS" not set, so enforcing safe limit of 8.
01/01/2021 11:54:36 AM NumExpr defaulting to 8 threads.
01/01/2021 11:56:13 AM Saved output to: /cndd2/fangming/projects/miniatlas/results/pcX_all_mop_10x_cells_v3_snmcseq_gene_ka30_knn30_201228.npy.0.f0
01/01/2021 11:56:13 AM Saved output to: /cndd2/fangming/projects/miniatlas/results/cells_all_mop_10x_cells_v3_snmcseq_gene_ka30_knn30_201228.npy.0.f0
01/01/2021 11:56:14 AM Done integration into a common PC space
01/01/2021 11:56:14 AM Cluster chrom: ['chr8' 'chr18' 'chr11' 'chr15' 'chr10' 'chr5' 'chrX' 'chr6' 'chr3'], feature chrom ['chr7' 'chr16' 'chr12' 'chr14' 'chr9' 'chr17' 'chr19' 'chr13' 'chr2'
 'chr1' 'chr4']
01/01/2021 11:56:14 AM Finish split snmcseq_gene: (4754, 9366) -> (1977, 9366) (2615, 9366)
01/01/2021 11:56:15 AM Finish split 10x_cells_v3: (4694, 69727) -> (2099, 69727) (2555, 69727)
01/01/2021 11:56:15 AM Saved /cndd2/fangming/projects/miniatlas/results/chroms_mop_10x_cells_v3_snmcseq_gene_ka30_knn30_201228.txt.0.f1
01/01/2021 11:56:15 AM Smoothing within modalities...
01/01/2021 11:56:19 AM snmcseq_gene: 4.126671314239502
01/01/2021 11:56:54 AM 10x_cells_v3: 35.471484661102295
01/01/2021 11:56:55 AM Constructing a joint matrix...
01/01/2021 11:56:55 AM Imputing into snmcseq_gene space...
01/01/2021 11:56:55 AM for snmcseq_gene cells...
01/01/2021 11:56:55 AM for 10x_cells_v3 cells...
01/01/2021 11:58:27 AM Saved output to: /cndd2/fangming/projects/miniatlas/results/pcX_all_mop_10x_cells_v3_snmcseq_gene_ka30_knn30_201228.npy.0.f1
01/01/2021 11:58:27 AM Saved output to: /cndd2/fangming/projects/miniatlas/results/cells_all_mop_10x_cells_v3_snmcseq_gene_ka30_knn30_201228.npy.0.f1
01/01/2021 11:58:27 AM Done integration into a common PC space
01/01/2021 11:58:27 AM Cluster chrom: ['chr11' 'chr3' 'chr2' 'chr1' 'chr8' 'chr9' 'chr18' 'chr16' 'chr19'
 'chr12'], feature chrom ['chr13' 'chr6' 'chr4' 'chr14' 'chr5' 'chr10' 'chr7' 'chr15' 'chrX'
 'chr17']
01/01/2021 11:58:27 AM Finish split snmcseq_gene: (4754, 9366) -> (2300, 9366) (2292, 9366)
01/01/2021 11:58:28 AM Finish split 10x_cells_v3: (4694, 69727) -> (2353, 69727) (2301, 69727)
01/01/2021 11:58:28 AM Saved /cndd2/fangming/projects/miniatlas/results/chroms_mop_10x_cells_v3_snmcseq_gene_ka30_knn30_201228.txt.0.f2
01/01/2021 11:58:28 AM Smoothing within modalities...
01/01/2021 11:58:33 AM snmcseq_gene: 4.900771141052246
01/01/2021 11:59:11 AM 10x_cells_v3: 37.46490406990051
01/01/2021 11:59:11 AM Constructing a joint matrix...
01/01/2021 11:59:11 AM Imputing into snmcseq_gene space...
01/01/2021 11:59:11 AM for snmcseq_gene cells...
01/01/2021 11:59:11 AM for 10x_cells_v3 cells...
01/01/2021 12:00:49 PM Saved output to: /cndd2/fangming/projects/miniatlas/results/pcX_all_mop_10x_cells_v3_snmcseq_gene_ka30_knn30_201228.npy.0.f2
01/01/2021 12:00:49 PM Saved output to: /cndd2/fangming/projects/miniatlas/results/cells_all_mop_10x_cells_v3_snmcseq_gene_ka30_knn30_201228.npy.0.f2
01/01/2021 12:00:49 PM Done integration into a common PC space
2281 2311
2213 2441
Time used to build kNN map 0.19784998893737793
Time used to get kNN 0.8684563636779785
Time used to build kNN map 1.0667436122894287
Time used to get kNN 7.004077911376953
1977 2615
2099 2555
Time used to build kNN map 0.2196664810180664
Time used to get kNN 0.7984442710876465
Time used to build kNN map 1.123340129852295
Time used to get kNN 7.473694562911987
2300 2292
2353 2301
Time used to build kNN map 0.22064828872680664
Time used to get kNN 0.8071532249450684
Time used to build kNN map 1.0627334117889404
Time used to get kNN 7.017120838165283
10x_cells_v3, snmcseq_gene, 30, 5
01/01/2021 12:00:53 PM ./configs config_mop_10x_cells_v3_snmcseq_gene_ka30_knn5_201228.py
01/01/2021 12:00:53 PM Adding ./configs to python path
01/01/2021 12:00:53 PM gene chrom lookup table: (51772,)
01/01/2021 12:00:53 PM * Begin integration
01/01/2021 12:00:53 PM Metadata snmcseq_gene (9366, 32)
01/01/2021 12:00:53 PM Metadata 10x_cells_v3 (69727, 8)
01/01/2021 12:01:10 PM Feature matrix snmcseq_gene (4754, 9366)
01/01/2021 12:01:17 PM Feature matrix 10x_cells_v3 (4694, 69727)
01/01/2021 12:01:17 PM Done reading data
01/01/2021 12:01:17 PM Subsampling 1/1
01/01/2021 12:01:17 PM Cluster chrom: ['chr9' 'chr19' 'chr17' 'chr14' 'chr13' 'chr16' 'chr6' 'chr11' 'chr4'
 'chr3'], feature chrom ['chr8' 'chr18' 'chr15' 'chr10' 'chr12' 'chr2' 'chr1' 'chr5' 'chr7' 'chrX']
01/01/2021 12:01:17 PM Finish split snmcseq_gene: (4754, 9366) -> (2300, 9366) (2292, 9366)
01/01/2021 12:01:18 PM Finish split 10x_cells_v3: (4694, 69727) -> (2192, 69727) (2462, 69727)
01/01/2021 12:01:18 PM Saved /cndd2/fangming/projects/miniatlas/results/chroms_mop_10x_cells_v3_snmcseq_gene_ka30_knn5_201228.txt.0.f0
01/01/2021 12:01:18 PM Smoothing within modalities...
01/01/2021 12:01:23 PM snmcseq_gene: 4.89590311050415
01/01/2021 12:01:58 PM 10x_cells_v3: 35.33825659751892
01/01/2021 12:01:58 PM Constructing a joint matrix...
01/01/2021 12:01:58 PM Imputing into snmcseq_gene space...
01/01/2021 12:01:58 PM for snmcseq_gene cells...
01/01/2021 12:01:58 PM for 10x_cells_v3 cells...
01/01/2021 12:02:01 PM Note: NumExpr detected 40 cores but "NUMEXPR_MAX_THREADS" not set, so enforcing safe limit of 8.
01/01/2021 12:02:01 PM NumExpr defaulting to 8 threads.
01/01/2021 12:03:11 PM Saved output to: /cndd2/fangming/projects/miniatlas/results/pcX_all_mop_10x_cells_v3_snmcseq_gene_ka30_knn5_201228.npy.0.f0
01/01/2021 12:03:11 PM Saved output to: /cndd2/fangming/projects/miniatlas/results/cells_all_mop_10x_cells_v3_snmcseq_gene_ka30_knn5_201228.npy.0.f0
01/01/2021 12:03:12 PM Done integration into a common PC space
01/01/2021 12:03:12 PM Cluster chrom: ['chr3' 'chr8' 'chr10' 'chr13' 'chr5' 'chr9' 'chr11' 'chrX' 'chr1'], feature chrom ['chr6' 'chr4' 'chr15' 'chr18' 'chr16' 'chr7' 'chr2' 'chr17' 'chr14'
 'chr12' 'chr19']
01/01/2021 12:03:12 PM Finish split snmcseq_gene: (4754, 9366) -> (2265, 9366) (2327, 9366)
01/01/2021 12:03:13 PM Finish split 10x_cells_v3: (4694, 69727) -> (2389, 69727) (2265, 69727)
01/01/2021 12:03:13 PM Saved /cndd2/fangming/projects/miniatlas/results/chroms_mop_10x_cells_v3_snmcseq_gene_ka30_knn5_201228.txt.0.f1
01/01/2021 12:03:13 PM Smoothing within modalities...
01/01/2021 12:03:17 PM snmcseq_gene: 4.324030160903931
01/01/2021 12:03:55 PM 10x_cells_v3: 38.31073617935181
01/01/2021 12:03:55 PM Constructing a joint matrix...
01/01/2021 12:03:55 PM Imputing into snmcseq_gene space...
01/01/2021 12:03:55 PM for snmcseq_gene cells...
01/01/2021 12:03:55 PM for 10x_cells_v3 cells...
01/01/2021 12:05:11 PM Saved output to: /cndd2/fangming/projects/miniatlas/results/pcX_all_mop_10x_cells_v3_snmcseq_gene_ka30_knn5_201228.npy.0.f1
01/01/2021 12:05:11 PM Saved output to: /cndd2/fangming/projects/miniatlas/results/cells_all_mop_10x_cells_v3_snmcseq_gene_ka30_knn5_201228.npy.0.f1
01/01/2021 12:05:11 PM Done integration into a common PC space
01/01/2021 12:05:11 PM Cluster chrom: ['chr3' 'chr14' 'chr8' 'chr19' 'chr16' 'chr6' 'chr11' 'chr1' 'chr10'
 'chr4'], feature chrom ['chr18' 'chr7' 'chr2' 'chr5' 'chr17' 'chr9' 'chr15' 'chr12' 'chr13'
 'chrX']
01/01/2021 12:05:12 PM Finish split snmcseq_gene: (4754, 9366) -> (2429, 9366) (2163, 9366)
01/01/2021 12:05:13 PM Finish split 10x_cells_v3: (4694, 69727) -> (2368, 69727) (2286, 69727)
01/01/2021 12:05:13 PM Saved /cndd2/fangming/projects/miniatlas/results/chroms_mop_10x_cells_v3_snmcseq_gene_ka30_knn5_201228.txt.0.f2
01/01/2021 12:05:13 PM Smoothing within modalities...
01/01/2021 12:05:18 PM snmcseq_gene: 4.99399471282959
01/01/2021 12:05:57 PM 10x_cells_v3: 38.83768916130066
01/01/2021 12:05:57 PM Constructing a joint matrix...
01/01/2021 12:05:57 PM Imputing into snmcseq_gene space...
01/01/2021 12:05:57 PM for snmcseq_gene cells...
01/01/2021 12:05:57 PM for 10x_cells_v3 cells...
01/01/2021 12:07:16 PM Saved output to: /cndd2/fangming/projects/miniatlas/results/pcX_all_mop_10x_cells_v3_snmcseq_gene_ka30_knn5_201228.npy.0.f2
01/01/2021 12:07:16 PM Saved output to: /cndd2/fangming/projects/miniatlas/results/cells_all_mop_10x_cells_v3_snmcseq_gene_ka30_knn5_201228.npy.0.f2
01/01/2021 12:07:16 PM Done integration into a common PC space
2300 2292
2192 2462
Time used to build kNN map 0.21694326400756836
Time used to get kNN 0.8377251625061035
Time used to build kNN map 1.0489113330841064
Time used to get kNN 6.906402587890625
2265 2327
2389 2265
Time used to build kNN map 0.21563315391540527
Time used to get kNN 0.7803630828857422
Time used to build kNN map 1.115701675415039
Time used to get kNN 7.290404319763184
2429 2163
2368 2286
Time used to build kNN map 0.21669387817382812
Time used to get kNN 0.8092381954193115
Time used to build kNN map 1.065666675567627
Time used to get kNN 6.965141534805298
10x_cells_v3, snmcseq_gene, 30, 10
01/01/2021 12:07:20 PM ./configs config_mop_10x_cells_v3_snmcseq_gene_ka30_knn10_201228.py
01/01/2021 12:07:20 PM Adding ./configs to python path
01/01/2021 12:07:21 PM gene chrom lookup table: (51772,)
01/01/2021 12:07:21 PM * Begin integration
01/01/2021 12:07:21 PM Metadata snmcseq_gene (9366, 32)
01/01/2021 12:07:21 PM Metadata 10x_cells_v3 (69727, 8)
01/01/2021 12:07:40 PM Feature matrix snmcseq_gene (4754, 9366)
01/01/2021 12:07:47 PM Feature matrix 10x_cells_v3 (4694, 69727)
01/01/2021 12:07:47 PM Done reading data
01/01/2021 12:07:47 PM Subsampling 1/1
01/01/2021 12:07:47 PM Cluster chrom: ['chr16' 'chr11' 'chr4' 'chr5' 'chr13' 'chr9' 'chr8' 'chr17' 'chr6' 'chrX'], feature chrom ['chr18' 'chr2' 'chr19' 'chr14' 'chr12' 'chr3' 'chr15' 'chr10' 'chr1'
 'chr7']
01/01/2021 12:07:47 PM Finish split snmcseq_gene: (4754, 9366) -> (2339, 9366) (2253, 9366)
01/01/2021 12:07:48 PM Finish split 10x_cells_v3: (4694, 69727) -> (2272, 69727) (2382, 69727)
01/01/2021 12:07:48 PM Saved /cndd2/fangming/projects/miniatlas/results/chroms_mop_10x_cells_v3_snmcseq_gene_ka30_knn10_201228.txt.0.f0
01/01/2021 12:07:48 PM Smoothing within modalities...
01/01/2021 12:07:53 PM snmcseq_gene: 4.934386730194092
01/01/2021 12:08:30 PM 10x_cells_v3: 37.792248487472534
01/01/2021 12:08:30 PM Constructing a joint matrix...
01/01/2021 12:08:30 PM Imputing into snmcseq_gene space...
01/01/2021 12:08:30 PM for snmcseq_gene cells...
01/01/2021 12:08:30 PM for 10x_cells_v3 cells...
01/01/2021 12:08:33 PM Note: NumExpr detected 40 cores but "NUMEXPR_MAX_THREADS" not set, so enforcing safe limit of 8.
01/01/2021 12:08:33 PM NumExpr defaulting to 8 threads.
01/01/2021 12:09:55 PM Saved output to: /cndd2/fangming/projects/miniatlas/results/pcX_all_mop_10x_cells_v3_snmcseq_gene_ka30_knn10_201228.npy.0.f0
01/01/2021 12:09:55 PM Saved output to: /cndd2/fangming/projects/miniatlas/results/cells_all_mop_10x_cells_v3_snmcseq_gene_ka30_knn10_201228.npy.0.f0
01/01/2021 12:09:56 PM Done integration into a common PC space
01/01/2021 12:09:56 PM Cluster chrom: ['chr10' 'chr16' 'chr12' 'chr2' 'chr1' 'chrX' 'chr7' 'chr17' 'chr18'], feature chrom ['chr14' 'chr13' 'chr4' 'chr3' 'chr19' 'chr11' 'chr8' 'chr15' 'chr5'
 'chr6' 'chr9']
01/01/2021 12:09:56 PM Finish split snmcseq_gene: (4754, 9366) -> (1850, 9366) (2742, 9366)
01/01/2021 12:09:57 PM Finish split 10x_cells_v3: (4694, 69727) -> (2061, 69727) (2593, 69727)
01/01/2021 12:09:57 PM Saved /cndd2/fangming/projects/miniatlas/results/chroms_mop_10x_cells_v3_snmcseq_gene_ka30_knn10_201228.txt.0.f1
01/01/2021 12:09:57 PM Smoothing within modalities...
01/01/2021 12:10:02 PM snmcseq_gene: 4.569822072982788
01/01/2021 12:10:37 PM 10x_cells_v3: 34.86970829963684
01/01/2021 12:10:37 PM Constructing a joint matrix...
01/01/2021 12:10:37 PM Imputing into snmcseq_gene space...
01/01/2021 12:10:37 PM for snmcseq_gene cells...
01/01/2021 12:10:37 PM for 10x_cells_v3 cells...
01/01/2021 12:11:54 PM Saved output to: /cndd2/fangming/projects/miniatlas/results/pcX_all_mop_10x_cells_v3_snmcseq_gene_ka30_knn10_201228.npy.0.f1
01/01/2021 12:11:54 PM Saved output to: /cndd2/fangming/projects/miniatlas/results/cells_all_mop_10x_cells_v3_snmcseq_gene_ka30_knn10_201228.npy.0.f1
01/01/2021 12:11:55 PM Done integration into a common PC space
01/01/2021 12:11:55 PM Cluster chrom: ['chr6' 'chr16' 'chr5' 'chr10' 'chr3' 'chrX' 'chr17' 'chr13' 'chr11'
 'chr4'], feature chrom ['chr18' 'chr9' 'chr14' 'chr2' 'chr12' 'chr1' 'chr15' 'chr8' 'chr19'
 'chr7']
01/01/2021 12:11:55 PM Finish split snmcseq_gene: (4754, 9366) -> (2269, 9366) (2323, 9366)
01/01/2021 12:11:56 PM Finish split 10x_cells_v3: (4694, 69727) -> (2346, 69727) (2308, 69727)
01/01/2021 12:11:56 PM Saved /cndd2/fangming/projects/miniatlas/results/chroms_mop_10x_cells_v3_snmcseq_gene_ka30_knn10_201228.txt.0.f2
01/01/2021 12:11:56 PM Smoothing within modalities...
01/01/2021 12:12:01 PM snmcseq_gene: 4.570044755935669
01/01/2021 12:12:38 PM 10x_cells_v3: 37.62812566757202
01/01/2021 12:12:38 PM Constructing a joint matrix...
01/01/2021 12:12:38 PM Imputing into snmcseq_gene space...
01/01/2021 12:12:38 PM for snmcseq_gene cells...
01/01/2021 12:12:38 PM for 10x_cells_v3 cells...
01/01/2021 12:14:04 PM Saved output to: /cndd2/fangming/projects/miniatlas/results/pcX_all_mop_10x_cells_v3_snmcseq_gene_ka30_knn10_201228.npy.0.f2
01/01/2021 12:14:04 PM Saved output to: /cndd2/fangming/projects/miniatlas/results/cells_all_mop_10x_cells_v3_snmcseq_gene_ka30_knn10_201228.npy.0.f2
01/01/2021 12:14:04 PM Done integration into a common PC space
2339 2253
2272 2382
Time used to build kNN map 0.2219524383544922
Time used to get kNN 0.8534014225006104
Time used to build kNN map 1.0850319862365723
Time used to get kNN 7.150103569030762
1850 2742
2061 2593
Time used to build kNN map 0.26065611839294434
Time used to get kNN 0.886542558670044
Time used to build kNN map 1.0891318321228027
Time used to get kNN 7.345596551895142
2269 2323
2346 2308
Time used to build kNN map 0.2205336093902588
Time used to get kNN 0.7846312522888184
Time used to build kNN map 1.0711760520935059
Time used to get kNN 6.999439239501953
10x_cells_v3, snmcseq_gene, 30, 50
01/01/2021 12:14:08 PM ./configs config_mop_10x_cells_v3_snmcseq_gene_ka30_knn50_201228.py
01/01/2021 12:14:08 PM Adding ./configs to python path
01/01/2021 12:14:08 PM gene chrom lookup table: (51772,)
01/01/2021 12:14:08 PM * Begin integration
01/01/2021 12:14:08 PM Metadata snmcseq_gene (9366, 32)
01/01/2021 12:14:08 PM Metadata 10x_cells_v3 (69727, 8)
01/01/2021 12:14:25 PM Feature matrix snmcseq_gene (4754, 9366)
01/01/2021 12:14:32 PM Feature matrix 10x_cells_v3 (4694, 69727)
01/01/2021 12:14:32 PM Done reading data
01/01/2021 12:14:32 PM Subsampling 1/1
01/01/2021 12:14:32 PM Cluster chrom: ['chr19' 'chr6' 'chr10' 'chr15' 'chr8' 'chr14' 'chrX' 'chr13' 'chr12'
 'chr1' 'chr16'], feature chrom ['chr4' 'chr11' 'chr2' 'chr17' 'chr18' 'chr9' 'chr3' 'chr5' 'chr7']
01/01/2021 12:14:33 PM Finish split snmcseq_gene: (4754, 9366) -> (2095, 9366) (2497, 9366)
01/01/2021 12:14:33 PM Finish split 10x_cells_v3: (4694, 69727) -> (2363, 69727) (2291, 69727)
01/01/2021 12:14:33 PM Saved /cndd2/fangming/projects/miniatlas/results/chroms_mop_10x_cells_v3_snmcseq_gene_ka30_knn50_201228.txt.0.f0
01/01/2021 12:14:33 PM Smoothing within modalities...
01/01/2021 12:14:38 PM snmcseq_gene: 4.5740907192230225
01/01/2021 12:15:15 PM 10x_cells_v3: 36.53542613983154
01/01/2021 12:15:15 PM Constructing a joint matrix...
01/01/2021 12:15:15 PM Imputing into snmcseq_gene space...
01/01/2021 12:15:15 PM for snmcseq_gene cells...
01/01/2021 12:15:15 PM for 10x_cells_v3 cells...
01/01/2021 12:15:17 PM Note: NumExpr detected 40 cores but "NUMEXPR_MAX_THREADS" not set, so enforcing safe limit of 8.
01/01/2021 12:15:17 PM NumExpr defaulting to 8 threads.
01/01/2021 12:17:04 PM Saved output to: /cndd2/fangming/projects/miniatlas/results/pcX_all_mop_10x_cells_v3_snmcseq_gene_ka30_knn50_201228.npy.0.f0
01/01/2021 12:17:04 PM Saved output to: /cndd2/fangming/projects/miniatlas/results/cells_all_mop_10x_cells_v3_snmcseq_gene_ka30_knn50_201228.npy.0.f0
01/01/2021 12:17:04 PM Done integration into a common PC space
01/01/2021 12:17:05 PM Cluster chrom: ['chr13' 'chr7' 'chr15' 'chr17' 'chr9' 'chr18' 'chr1' 'chr2' 'chr4'
 'chr19'], feature chrom ['chr16' 'chrX' 'chr8' 'chr6' 'chr14' 'chr12' 'chr10' 'chr11' 'chr5'
 'chr3']
01/01/2021 12:17:05 PM Finish split snmcseq_gene: (4754, 9366) -> (2365, 9366) (2227, 9366)
01/01/2021 12:17:06 PM Finish split 10x_cells_v3: (4694, 69727) -> (2348, 69727) (2306, 69727)
01/01/2021 12:17:06 PM Saved /cndd2/fangming/projects/miniatlas/results/chroms_mop_10x_cells_v3_snmcseq_gene_ka30_knn50_201228.txt.0.f1
01/01/2021 12:17:06 PM Smoothing within modalities...
01/01/2021 12:17:11 PM snmcseq_gene: 4.693896770477295
01/01/2021 12:17:50 PM 10x_cells_v3: 39.592209577560425
01/01/2021 12:17:50 PM Constructing a joint matrix...
01/01/2021 12:17:50 PM Imputing into snmcseq_gene space...
01/01/2021 12:17:50 PM for snmcseq_gene cells...
01/01/2021 12:17:50 PM for 10x_cells_v3 cells...
01/01/2021 12:19:57 PM Saved output to: /cndd2/fangming/projects/miniatlas/results/pcX_all_mop_10x_cells_v3_snmcseq_gene_ka30_knn50_201228.npy.0.f1
01/01/2021 12:19:57 PM Saved output to: /cndd2/fangming/projects/miniatlas/results/cells_all_mop_10x_cells_v3_snmcseq_gene_ka30_knn50_201228.npy.0.f1
01/01/2021 12:19:57 PM Done integration into a common PC space
01/01/2021 12:19:57 PM Cluster chrom: ['chr10' 'chr12' 'chr2' 'chr15' 'chr5' 'chr16' 'chr1' 'chr7'], feature chrom ['chr3' 'chr4' 'chrX' 'chr18' 'chr11' 'chr17' 'chr9' 'chr6' 'chr14' 'chr8'
 'chr19' 'chr13']
01/01/2021 12:19:57 PM Finish split snmcseq_gene: (4754, 9366) -> (2034, 9366) (2558, 9366)
01/01/2021 12:19:58 PM Finish split 10x_cells_v3: (4694, 69727) -> (2071, 69727) (2583, 69727)
01/01/2021 12:19:58 PM Saved /cndd2/fangming/projects/miniatlas/results/chroms_mop_10x_cells_v3_snmcseq_gene_ka30_knn50_201228.txt.0.f2
01/01/2021 12:19:58 PM Smoothing within modalities...
01/01/2021 12:20:03 PM snmcseq_gene: 4.555330991744995
01/01/2021 12:20:38 PM 10x_cells_v3: 34.74046182632446
01/01/2021 12:20:38 PM Constructing a joint matrix...
01/01/2021 12:20:38 PM Imputing into snmcseq_gene space...
01/01/2021 12:20:38 PM for snmcseq_gene cells...
01/01/2021 12:20:38 PM for 10x_cells_v3 cells...
01/01/2021 12:22:28 PM Saved output to: /cndd2/fangming/projects/miniatlas/results/pcX_all_mop_10x_cells_v3_snmcseq_gene_ka30_knn50_201228.npy.0.f2
01/01/2021 12:22:28 PM Saved output to: /cndd2/fangming/projects/miniatlas/results/cells_all_mop_10x_cells_v3_snmcseq_gene_ka30_knn50_201228.npy.0.f2
01/01/2021 12:22:28 PM Done integration into a common PC space
2095 2497
2363 2291
Time used to build kNN map 0.22168684005737305
Time used to get kNN 0.83540940284729
Time used to build kNN map 1.058739185333252
Time used to get kNN 6.8854992389678955
2365 2227
2348 2306
Time used to build kNN map 0.2234816551208496
Time used to get kNN 0.7824966907501221
Time used to build kNN map 1.0962481498718262
Time used to get kNN 7.18927526473999
2034 2558
2071 2583
Time used to build kNN map 0.22206974029541016
Time used to get kNN 0.7981278896331787
Time used to build kNN map 1.0705749988555908
Time used to get kNN 6.989713907241821
10x_cells_v3, snmcseq_gene, 30, 100
01/01/2021 12:22:32 PM ./configs config_mop_10x_cells_v3_snmcseq_gene_ka30_knn100_201228.py
01/01/2021 12:22:32 PM Adding ./configs to python path
01/01/2021 12:22:33 PM gene chrom lookup table: (51772,)
01/01/2021 12:22:33 PM * Begin integration
01/01/2021 12:22:33 PM Metadata snmcseq_gene (9366, 32)
01/01/2021 12:22:33 PM Metadata 10x_cells_v3 (69727, 8)
01/01/2021 12:22:50 PM Feature matrix snmcseq_gene (4754, 9366)
01/01/2021 12:22:57 PM Feature matrix 10x_cells_v3 (4694, 69727)
01/01/2021 12:22:57 PM Done reading data
01/01/2021 12:22:57 PM Subsampling 1/1
01/01/2021 12:22:57 PM Cluster chrom: ['chr15' 'chrX' 'chr11' 'chr5' 'chr1' 'chr16' 'chr17' 'chr18' 'chr6'
 'chr9'], feature chrom ['chr4' 'chr14' 'chr7' 'chr13' 'chr19' 'chr8' 'chr3' 'chr10' 'chr2'
 'chr12']
01/01/2021 12:22:57 PM Finish split snmcseq_gene: (4754, 9366) -> (2144, 9366) (2448, 9366)
01/01/2021 12:22:58 PM Finish split 10x_cells_v3: (4694, 69727) -> (2202, 69727) (2452, 69727)
01/01/2021 12:22:58 PM Saved /cndd2/fangming/projects/miniatlas/results/chroms_mop_10x_cells_v3_snmcseq_gene_ka30_knn100_201228.txt.0.f0
01/01/2021 12:22:58 PM Smoothing within modalities...
01/01/2021 12:23:02 PM snmcseq_gene: 4.666454076766968
01/01/2021 12:23:39 PM 10x_cells_v3: 36.07835245132446
01/01/2021 12:23:39 PM Constructing a joint matrix...
01/01/2021 12:23:39 PM Imputing into snmcseq_gene space...
01/01/2021 12:23:39 PM for snmcseq_gene cells...
01/01/2021 12:23:39 PM for 10x_cells_v3 cells...
01/01/2021 12:23:41 PM Note: NumExpr detected 40 cores but "NUMEXPR_MAX_THREADS" not set, so enforcing safe limit of 8.
01/01/2021 12:23:41 PM NumExpr defaulting to 8 threads.
01/01/2021 12:26:20 PM Saved output to: /cndd2/fangming/projects/miniatlas/results/pcX_all_mop_10x_cells_v3_snmcseq_gene_ka30_knn100_201228.npy.0.f0
01/01/2021 12:26:20 PM Saved output to: /cndd2/fangming/projects/miniatlas/results/cells_all_mop_10x_cells_v3_snmcseq_gene_ka30_knn100_201228.npy.0.f0
01/01/2021 12:26:20 PM Done integration into a common PC space
01/01/2021 12:26:20 PM Cluster chrom: ['chr10' 'chr12' 'chr8' 'chr15' 'chr2' 'chr1' 'chr16' 'chr7' 'chr9'], feature chrom ['chr17' 'chr14' 'chr11' 'chr6' 'chrX' 'chr3' 'chr4' 'chr19' 'chr13'
 'chr5' 'chr18']
01/01/2021 12:26:21 PM Finish split snmcseq_gene: (4754, 9366) -> (2267, 9366) (2325, 9366)
01/01/2021 12:26:22 PM Finish split 10x_cells_v3: (4694, 69727) -> (2287, 69727) (2367, 69727)
01/01/2021 12:26:22 PM Saved /cndd2/fangming/projects/miniatlas/results/chroms_mop_10x_cells_v3_snmcseq_gene_ka30_knn100_201228.txt.0.f1
01/01/2021 12:26:22 PM Smoothing within modalities...
01/01/2021 12:26:26 PM snmcseq_gene: 4.706425428390503
01/01/2021 12:27:05 PM 10x_cells_v3: 38.281598806381226
01/01/2021 12:27:05 PM Constructing a joint matrix...
01/01/2021 12:27:05 PM Imputing into snmcseq_gene space...
01/01/2021 12:27:05 PM for snmcseq_gene cells...
01/01/2021 12:27:05 PM for 10x_cells_v3 cells...
01/01/2021 12:29:41 PM Saved output to: /cndd2/fangming/projects/miniatlas/results/pcX_all_mop_10x_cells_v3_snmcseq_gene_ka30_knn100_201228.npy.0.f1
01/01/2021 12:29:41 PM Saved output to: /cndd2/fangming/projects/miniatlas/results/cells_all_mop_10x_cells_v3_snmcseq_gene_ka30_knn100_201228.npy.0.f1
01/01/2021 12:29:41 PM Done integration into a common PC space
01/01/2021 12:29:41 PM Cluster chrom: ['chr16' 'chr18' 'chr10' 'chr12' 'chr14' 'chr15' 'chr11' 'chr9' 'chr3'
 'chrX' 'chr13'], feature chrom ['chr4' 'chr19' 'chr2' 'chr1' 'chr7' 'chr5' 'chr8' 'chr17' 'chr6']
01/01/2021 12:29:41 PM Finish split snmcseq_gene: (4754, 9366) -> (2111, 9366) (2481, 9366)
01/01/2021 12:29:42 PM Finish split 10x_cells_v3: (4694, 69727) -> (2402, 69727) (2252, 69727)
01/01/2021 12:29:42 PM Saved /cndd2/fangming/projects/miniatlas/results/chroms_mop_10x_cells_v3_snmcseq_gene_ka30_knn100_201228.txt.0.f2
01/01/2021 12:29:42 PM Smoothing within modalities...
01/01/2021 12:29:47 PM snmcseq_gene: 4.2810378074646
01/01/2021 12:30:25 PM 10x_cells_v3: 38.486265897750854
01/01/2021 12:30:25 PM Constructing a joint matrix...
01/01/2021 12:30:25 PM Imputing into snmcseq_gene space...
01/01/2021 12:30:25 PM for snmcseq_gene cells...
01/01/2021 12:30:25 PM for 10x_cells_v3 cells...
01/01/2021 12:33:00 PM Saved output to: /cndd2/fangming/projects/miniatlas/results/pcX_all_mop_10x_cells_v3_snmcseq_gene_ka30_knn100_201228.npy.0.f2
01/01/2021 12:33:00 PM Saved output to: /cndd2/fangming/projects/miniatlas/results/cells_all_mop_10x_cells_v3_snmcseq_gene_ka30_knn100_201228.npy.0.f2
01/01/2021 12:33:00 PM Done integration into a common PC space
2144 2448
2202 2452
Time used to build kNN map 0.22084689140319824
Time used to get kNN 0.8362903594970703
Time used to build kNN map 1.085167407989502
Time used to get kNN 6.911489963531494
2267 2325
2287 2367
Time used to build kNN map 0.2268662452697754
Time used to get kNN 0.7969627380371094
Time used to build kNN map 1.0981662273406982
Time used to get kNN 8.15978217124939
2111 2481
2402 2252
Time used to build kNN map 0.2212812900543213
Time used to get kNN 0.7835865020751953
Time used to build kNN map 1.0660035610198975
Time used to get kNN 6.956743478775024
./00.run_pipe_mc_halfchrom_dec28.sh: line 59: syntax error near unexpected token `('
./00.run_pipe_mc_halfchrom_dec28.sh: line 59: ` run leiden clustering for each (i, knn) '
Command exited with non-zero status 2
4729.40user 1195.92system 39:38.99elapsed 249%CPU (0avgtext+0avgdata 9556236maxresident)k
846744inputs+44849760outputs (0major+120674876minor)pagefaults 0swaps
