nohup: ignoring input
10x_cells_v3, snmcseq_gene, 30, 50
11/24/2020 10:25:17 AM ./configs config_mop_10x_cells_v3_snmcseq_gene_ka30_knn50_201120.py
11/24/2020 10:25:17 AM Adding ./configs to python path
11/24/2020 10:25:17 AM * Begin integration
11/24/2020 10:25:17 AM Metadata snmcseq_gene (9366, 32)
11/24/2020 10:25:18 AM Metadata 10x_cells_v3 (69727, 8)
11/24/2020 10:25:39 AM Feature matrix snmcseq_gene (4754, 9366)
11/24/2020 10:25:47 AM Feature matrix 10x_cells_v3 (4694, 69727)
11/24/2020 10:25:47 AM Done reading data
11/24/2020 10:25:47 AM Subsampling 1/1
11/24/2020 10:25:47 AM Smoothing within modalities...
11/24/2020 10:25:56 AM snmcseq_gene: 8.790068626403809
11/24/2020 10:27:09 AM 10x_cells_v3: 73.20771741867065
11/24/2020 10:27:09 AM Constructing a joint matrix...
11/24/2020 10:27:09 AM Imputing into snmcseq_gene space...
11/24/2020 10:27:09 AM for snmcseq_gene cells...
11/24/2020 10:27:09 AM for 10x_cells_v3 cells...
11/24/2020 10:27:15 AM Note: NumExpr detected 40 cores but "NUMEXPR_MAX_THREADS" not set, so enforcing safe limit of 8.
11/24/2020 10:27:15 AM NumExpr defaulting to 8 threads.
11/24/2020 10:30:15 AM Saved output to: /cndd2/fangming/projects/miniatlas/results/pcX_all_mop_10x_cells_v3_snmcseq_gene_ka30_knn50_201120.npy.0
11/24/2020 10:30:15 AM Saved output to: /cndd2/fangming/projects/miniatlas/results/cells_all_mop_10x_cells_v3_snmcseq_gene_ka30_knn50_201120.npy.0
11/24/2020 10:30:15 AM Done integration into a common PC space
Time used to build kNN map 0.2223057746887207
Time used to get kNN 0.8706798553466797
Time used to build kNN map 1.187572717666626
Time used to get kNN 8.36591649055481
10x_cells_v3, snmcseq_gene, 30, 100
11/24/2020 10:30:19 AM ./configs config_mop_10x_cells_v3_snmcseq_gene_ka30_knn100_201120.py
11/24/2020 10:30:19 AM Adding ./configs to python path
11/24/2020 10:30:19 AM * Begin integration
11/24/2020 10:30:19 AM Metadata snmcseq_gene (9366, 32)
11/24/2020 10:30:19 AM Metadata 10x_cells_v3 (69727, 8)
11/24/2020 10:30:38 AM Feature matrix snmcseq_gene (4754, 9366)
11/24/2020 10:30:45 AM Feature matrix 10x_cells_v3 (4694, 69727)
11/24/2020 10:30:45 AM Done reading data
11/24/2020 10:30:45 AM Subsampling 1/1
11/24/2020 10:30:45 AM Smoothing within modalities...
11/24/2020 10:30:54 AM snmcseq_gene: 8.957810163497925
11/24/2020 10:32:07 AM 10x_cells_v3: 73.27385258674622
11/24/2020 10:32:07 AM Constructing a joint matrix...
11/24/2020 10:32:07 AM Imputing into snmcseq_gene space...
11/24/2020 10:32:07 AM for snmcseq_gene cells...
11/24/2020 10:32:07 AM for 10x_cells_v3 cells...
11/24/2020 10:32:13 AM Note: NumExpr detected 40 cores but "NUMEXPR_MAX_THREADS" not set, so enforcing safe limit of 8.
11/24/2020 10:32:13 AM NumExpr defaulting to 8 threads.
11/24/2020 10:36:30 AM Saved output to: /cndd2/fangming/projects/miniatlas/results/pcX_all_mop_10x_cells_v3_snmcseq_gene_ka30_knn100_201120.npy.0
11/24/2020 10:36:30 AM Saved output to: /cndd2/fangming/projects/miniatlas/results/cells_all_mop_10x_cells_v3_snmcseq_gene_ka30_knn100_201120.npy.0
11/24/2020 10:36:30 AM Done integration into a common PC space
Time used to build kNN map 0.22370219230651855
Time used to get kNN 0.9433231353759766
Time used to build kNN map 1.1235482692718506
Time used to get kNN 8.096083641052246
1228.86user 268.64system 11:17.08elapsed 221%CPU (0avgtext+0avgdata 13726828maxresident)k
672inputs+12299296outputs (0major+46730616minor)pagefaults 0swaps
